/ext3/miniforge3/envs/visnet/lib/python3.9/site-packages/lightning_fabric/__init__.py:40: pkg_resources is deprecated as an API. See https://setuptools.pypa.io/en/latest/pkg_resources.html. The pkg_resources package is slated for removal as early as 2025-11-30. Refrain from using this package or pin to Setuptools<81.
wandb: Currently logged in as: chriszhang09 (chriszhang09-new-york-university) to https://api.wandb.ai. Use `wandb login --relogin` to force relogin
/ext3/miniforge3/envs/visnet/lib/python3.9/site-packages/wandb/analytics/sentry.py:263: DeprecationWarning: The `Scope.user` setter is deprecated in favor of `Scope.set_user()`.
  self.scope.user = {"email": email}
wandb: setting up run 73lmi7nk
/ext3/miniforge3/envs/visnet/lib/python3.9/site-packages/wandb/analytics/sentry.py:263: DeprecationWarning: The `Scope.user` setter is deprecated in favor of `Scope.set_user()`.
  self.scope.user = {"email": email}
wandb: Tracking run with wandb version 0.22.1
wandb: Run data is saved locally in /scratch/cz2200/aib9/wandb/run-20251027_100418-73lmi7nk
wandb: Run `wandb offline` to turn off syncing.
wandb: Syncing run faithful-wave-206
wandb: â­ï¸ View project at https://wandb.ai/chriszhang09-new-york-university/aib9-vae-pairwise
wandb: ðŸš€ View run at https://wandb.ai/chriszhang09-new-york-university/aib9-vae-pairwise/runs/73lmi7nk
/ext3/miniforge3/envs/visnet/lib/python3.9/site-packages/torch_geometric/nn/conv/message_passing.py:1032: UserWarning: 'NeighborEmbedding.jittable' is deprecated and a no-op. Please remove its usage.
  warnings.warn(f"'{self.__class__.__name__}.jittable' is deprecated "
/ext3/miniforge3/envs/visnet/lib/python3.9/site-packages/torch_geometric/nn/conv/message_passing.py:1032: UserWarning: 'EdgeEmbedding.jittable' is deprecated and a no-op. Please remove its usage.
  warnings.warn(f"'{self.__class__.__name__}.jittable' is deprecated "
/ext3/miniforge3/envs/visnet/lib/python3.9/site-packages/torch_geometric/nn/conv/message_passing.py:1032: UserWarning: 'ViS_MP_Vertex_Edge.jittable' is deprecated and a no-op. Please remove its usage.
  warnings.warn(f"'{self.__class__.__name__}.jittable' is deprecated "
Original data shape: (1000000, 58, 3)
CV shape: (1000000, 2)
Using CUDA device: Quadro RTX 8000
CUDA memory: 47.8 GB
Testing model with dummy data...
Model test passed - no NaN in dummy forward pass

============================================================
Starting Training - 389312 samples
Model parameters: 7,936,260
Loss type: MSE (coordinate-based)
============================================================

  Debug - kl: 0.3481, recon_loss: 72.5316
  Debug - Î¼Â²: 0.0000, log_var: 0.0666, exp(log_var): 1.7629
  Debug - kl: 0.3212, recon_loss: 72.0631
  Debug - Î¼Â²: 0.0000, log_var: 0.0641, exp(log_var): 1.7064
  Debug - kl: 0.3177, recon_loss: 60.9995
  Debug - Î¼Â²: 0.0000, log_var: 0.0661, exp(log_var): 1.7016
  Debug - kl: 0.3207, recon_loss: 35.7293
  Debug - Î¼Â²: 0.0000, log_var: 0.0694, exp(log_var): 1.7108
  Debug - kl: 0.3071, recon_loss: 31.4073
  Debug - Î¼Â²: 0.0000, log_var: 0.0652, exp(log_var): 1.6794
  Debug - kl: 0.2305, recon_loss: 28.3546
  Debug - Î¼Â²: 0.0000, log_var: -0.0005, exp(log_var): 1.4605
  Debug - kl: 0.1867, recon_loss: 24.8511
  Debug - Î¼Â²: 0.0000, log_var: -0.1143, exp(log_var): 1.2590
  Debug - kl: 0.1525, recon_loss: 20.6626
  Debug - Î¼Â²: 0.0001, log_var: -0.2346, exp(log_var): 1.0703
  Debug - kl: 0.1094, recon_loss: 18.9512
  Debug - Î¼Â²: 0.0003, log_var: -0.3178, exp(log_var): 0.9008
  Debug - kl: 0.1017, recon_loss: 17.7910
  Debug - Î¼Â²: 0.0009, log_var: -0.3928, exp(log_var): 0.8096
  Debug - kl: 0.0965, recon_loss: 17.0850
  Debug - Î¼Â²: 0.0014, log_var: -0.4324, exp(log_var): 0.7592
  Debug - kl: 0.0918, recon_loss: 17.0521
  Debug - Î¼Â²: 0.0011, log_var: -0.4446, exp(log_var): 0.7378
  Debug - kl: 0.0892, recon_loss: 17.2247
  Debug - Î¼Â²: 0.0011, log_var: -0.4525, exp(log_var): 0.7248
  Debug - kl: 0.0848, recon_loss: 16.6792
  Debug - Î¼Â²: 0.0009, log_var: -0.4554, exp(log_var): 0.7134
  Debug - kl: 0.0828, recon_loss: 17.2133
  Debug - Î¼Â²: 0.0008, log_var: -0.4590, exp(log_var): 0.7059
  Debug - kl: 0.0797, recon_loss: 17.3837
  Debug - Î¼Â²: 0.0005, log_var: -0.4598, exp(log_var): 0.6991
  Debug - kl: 0.0782, recon_loss: 16.3904
  Debug - Î¼Â²: 0.0005, log_var: -0.4609, exp(log_var): 0.6950
  Debug - kl: 0.0759, recon_loss: 17.0437
  Debug - Î¼Â²: 0.0006, log_var: -0.4560, exp(log_var): 0.6951
  Debug - kl: 0.0748, recon_loss: 16.5402
  Debug - Î¼Â²: 0.0008, log_var: -0.4643, exp(log_var): 0.6845
  Debug - kl: 0.0741, recon_loss: 16.5085
  Debug - Î¼Â²: 0.0041, log_var: -0.4592, exp(log_var): 0.6848
  Debug - kl: 0.1172, recon_loss: 16.5468
  Debug - Î¼Â²: 0.0657, log_var: -0.5423, exp(log_var): 0.6266
  Debug - kl: 0.1331, recon_loss: 15.5845
  Debug - Î¼Â²: 0.0826, log_var: -0.5842, exp(log_var): 0.5994
  Debug - kl: 0.1564, recon_loss: 15.4078
  Debug - Î¼Â²: 0.1107, log_var: -0.6308, exp(log_var): 0.5715
  Debug - kl: 0.1825, recon_loss: 12.3469
  Debug - Î¼Â²: 0.1454, log_var: -0.6793, exp(log_var): 0.5404
  Debug - kl: 0.2090, recon_loss: 7.1851
  Debug - Î¼Â²: 0.1855, log_var: -0.7090, exp(log_var): 0.5236
  Debug - kl: 0.2261, recon_loss: 4.7612
  Debug - Î¼Â²: 0.2095, log_var: -0.7349, exp(log_var): 0.5079
  Debug - kl: 0.2339, recon_loss: 3.4271
  Debug - Î¼Â²: 0.2158, log_var: -0.7567, exp(log_var): 0.4953
  Debug - kl: 0.2499, recon_loss: 2.8789
  Debug - Î¼Â²: 0.2401, log_var: -0.7743, exp(log_var): 0.4854
  Debug - kl: 0.2559, recon_loss: 2.5109
  Debug - Î¼Â²: 0.2456, log_var: -0.7885, exp(log_var): 0.4777
  Debug - kl: 0.2580, recon_loss: 2.1669
  Debug - Î¼Â²: 0.2456, log_var: -0.7981, exp(log_var): 0.4723
  Debug - kl: 0.2513, recon_loss: 1.8680
  Debug - Î¼Â²: 0.2277, log_var: -0.8079, exp(log_var): 0.4670
  Debug - kl: 0.2522, recon_loss: 1.7432
  Debug - Î¼Â²: 0.2261, log_var: -0.8156, exp(log_var): 0.4628
  Debug - kl: 0.2552, recon_loss: 1.4726
  Debug - Î¼Â²: 0.2285, log_var: -0.8229, exp(log_var): 0.4590
  Debug - kl: 0.2569, recon_loss: 1.4828
  Debug - Î¼Â²: 0.2286, log_var: -0.8300, exp(log_var): 0.4552
  Debug - kl: 0.2576, recon_loss: 1.3117
  Debug - Î¼Â²: 0.2275, log_var: -0.8353, exp(log_var): 0.4524
  Debug - kl: 0.2599, recon_loss: 1.1215
  Debug - Î¼Â²: 0.2290, log_var: -0.8414, exp(log_var): 0.4494
  Debug - kl: 0.2584, recon_loss: 1.1160
  Debug - Î¼Â²: 0.2233, log_var: -0.8473, exp(log_var): 0.4463
  Debug - kl: 0.2626, recon_loss: 1.0765
  Debug - Î¼Â²: 0.2295, log_var: -0.8517, exp(log_var): 0.4439
  Debug - kl: 0.2611, recon_loss: 0.9940
  Debug - Î¼Â²: 0.2246, log_var: -0.8553, exp(log_var): 0.4423
  Debug - kl: 0.2581, recon_loss: 0.9463
  Debug - Î¼Â²: 0.2167, log_var: -0.8595, exp(log_var): 0.4400
  Debug - kl: 0.2574, recon_loss: 0.8968
  Debug - Î¼Â²: 0.2135, log_var: -0.8628, exp(log_var): 0.4385
  Debug - kl: 0.2619, recon_loss: 0.8644
  Debug - Î¼Â²: 0.2211, log_var: -0.8656, exp(log_var): 0.4371
  Debug - kl: 0.2563, recon_loss: 0.8074
  Debug - Î¼Â²: 0.2087, log_var: -0.8675, exp(log_var): 0.4363
  Debug - kl: 0.2601, recon_loss: 0.8226
  Debug - Î¼Â²: 0.2151, log_var: -0.8696, exp(log_var): 0.4355
  Debug - kl: 0.2544, recon_loss: 0.8785
  Debug - Î¼Â²: 0.2028, log_var: -0.8715, exp(log_var): 0.4347
  Debug - kl: 0.2552, recon_loss: 0.7742
  Debug - Î¼Â²: 0.2034, log_var: -0.8728, exp(log_var): 0.4342
  Debug - kl: 0.2575, recon_loss: 0.6880
  Debug - Î¼Â²: 0.2070, log_var: -0.8744, exp(log_var): 0.4336
  Debug - kl: 0.2544, recon_loss: 0.6647
  Debug - Î¼Â²: 0.2000, log_var: -0.8754, exp(log_var): 0.4335
  Debug - kl: 0.2613, recon_loss: 0.6281
  Debug - Î¼Â²: 0.2126, log_var: -0.8772, exp(log_var): 0.4328
  Debug - kl: 0.2548, recon_loss: 0.6487
  Debug - Î¼Â²: 0.1995, log_var: -0.8774, exp(log_var): 0.4328
  Debug - kl: 0.2539, recon_loss: 0.5900
  Debug - Î¼Â²: 0.1970, log_var: -0.8782, exp(log_var): 0.4326
  Debug - kl: 0.2564, recon_loss: 0.5832
  Debug - Î¼Â²: 0.2013, log_var: -0.8792, exp(log_var): 0.4324
  Debug - kl: 0.2548, recon_loss: 0.5323
  Debug - Î¼Â²: 0.1976, log_var: -0.8795, exp(log_var): 0.4325
  Debug - kl: 0.2540, recon_loss: 0.6371
  Debug - Î¼Â²: 0.1958, log_var: -0.8794, exp(log_var): 0.4328
  Debug - kl: 0.2530, recon_loss: 0.5408
  Debug - Î¼Â²: 0.1938, log_var: -0.8785, exp(log_var): 0.4337
  Debug - kl: 0.2516, recon_loss: 0.5133
  Debug - Î¼Â²: 0.1912, log_var: -0.8781, exp(log_var): 0.4340
  Debug - kl: 0.2511, recon_loss: 0.5287
  Debug - Î¼Â²: 0.1899, log_var: -0.8778, exp(log_var): 0.4344
  Debug - kl: 0.2518, recon_loss: 0.5372
  Debug - Î¼Â²: 0.1913, log_var: -0.8776, exp(log_var): 0.4348
  Debug - kl: 0.2500, recon_loss: 0.4858
  Debug - Î¼Â²: 0.1877, log_var: -0.8769, exp(log_var): 0.4354
  Debug - kl: 0.2497, recon_loss: 0.5252
  Debug - Î¼Â²: 0.1874, log_var: -0.8756, exp(log_var): 0.4364
  Debug - kl: 0.2513, recon_loss: 0.4571
  Debug - Î¼Â²: 0.1907, log_var: -0.8746, exp(log_var): 0.4372
Epoch   1: Loss=10.5174 (Recon=10.3025, KL=0.2149) LR=1.00e-05
  â†’ Generating samples and visualizations...
torch.Size([58, 3, 128])
  Debug - kl: 0.2467, recon_loss: 0.4583
  Debug - Î¼Â²: 0.1816, log_var: -0.8739, exp(log_var): 0.4378
  Debug - kl: 0.2472, recon_loss: 0.4342
  Debug - Î¼Â²: 0.1833, log_var: -0.8718, exp(log_var): 0.4392
  Debug - kl: 0.2371, recon_loss: 0.4836
  Debug - Î¼Â²: 0.1639, log_var: -0.8692, exp(log_var): 0.4411
  Debug - kl: 0.2470, recon_loss: 0.4095
  Debug - Î¼Â²: 0.1840, log_var: -0.8683, exp(log_var): 0.4417
  Debug - kl: 0.2431, recon_loss: 0.4512
  Debug - Î¼Â²: 0.1768, log_var: -0.8669, exp(log_var): 0.4425
  Debug - kl: 0.2400, recon_loss: 0.4181
  Debug - Î¼Â²: 0.1716, log_var: -0.8644, exp(log_var): 0.4440
  Debug - kl: 0.2410, recon_loss: 0.4098
  Debug - Î¼Â²: 0.1746, log_var: -0.8615, exp(log_var): 0.4460
  Debug - kl: 0.2375, recon_loss: 0.3858
  Debug - Î¼Â²: 0.1688, log_var: -0.8583, exp(log_var): 0.4478
  Debug - kl: 0.2422, recon_loss: 0.4198
  Debug - Î¼Â²: 0.1791, log_var: -0.8559, exp(log_var): 0.4495
  Debug - kl: 0.2352, recon_loss: 0.3530
  Debug - Î¼Â²: 0.1663, log_var: -0.8526, exp(log_var): 0.4515
  Debug - kl: 0.2314, recon_loss: 0.4033
  Debug - Î¼Â²: 0.1611, log_var: -0.8475, exp(log_var): 0.4542
  Debug - kl: 0.2327, recon_loss: 0.3617
  Debug - Î¼Â²: 0.1654, log_var: -0.8433, exp(log_var): 0.4567
  Debug - kl: 0.2296, recon_loss: 0.3251
  Debug - Î¼Â²: 0.1614, log_var: -0.8381, exp(log_var): 0.4597
  Debug - kl: 0.2259, recon_loss: 0.3798
  Debug - Î¼Â²: 0.1562, log_var: -0.8325, exp(log_var): 0.4630
  Debug - kl: 0.2267, recon_loss: 0.3282
  Debug - Î¼Â²: 0.1600, log_var: -0.8271, exp(log_var): 0.4662
  Debug - kl: 0.2268, recon_loss: 0.3110
  Debug - Î¼Â²: 0.1630, log_var: -0.8208, exp(log_var): 0.4699
  Debug - kl: 0.2232, recon_loss: 0.3336
  Debug - Î¼Â²: 0.1580, log_var: -0.8151, exp(log_var): 0.4732
  Debug - kl: 0.2153, recon_loss: 0.3250
  Debug - Î¼Â²: 0.1456, log_var: -0.8079, exp(log_var): 0.4771
  Debug - kl: 0.2204, recon_loss: 0.3042
  Debug - Î¼Â²: 0.1582, log_var: -0.8025, exp(log_var): 0.4801
  Debug - kl: 0.2195, recon_loss: 0.3143
  Debug - Î¼Â²: 0.1599, log_var: -0.7947, exp(log_var): 0.4845
  Debug - kl: 0.2137, recon_loss: 0.3196
  Debug - Î¼Â²: 0.1503, log_var: -0.7898, exp(log_var): 0.4872
  Debug - kl: 0.2110, recon_loss: 0.2818
  Debug - Î¼Â²: 0.1473, log_var: -0.7844, exp(log_var): 0.4902
  Debug - kl: 0.2157, recon_loss: 0.3022
  Debug - Î¼Â²: 0.1608, log_var: -0.7758, exp(log_var): 0.4949
  Debug - kl: 0.2089, recon_loss: 0.2483
  Debug - Î¼Â²: 0.1520, log_var: -0.7653, exp(log_var): 0.5006
  Debug - kl: 0.2059, recon_loss: 0.2556
  Debug - Î¼Â²: 0.1508, log_var: -0.7557, exp(log_var): 0.5054
  Debug - kl: 0.1990, recon_loss: 0.2805
  Debug - Î¼Â²: 0.1423, log_var: -0.7443, exp(log_var): 0.5114
  Debug - kl: 0.1983, recon_loss: 0.2594
  Debug - Î¼Â²: 0.1471, log_var: -0.7309, exp(log_var): 0.5186
  Debug - kl: 0.1924, recon_loss: 0.2848
  Debug - Î¼Â²: 0.1418, log_var: -0.7172, exp(log_var): 0.5257
  Debug - kl: 0.1853, recon_loss: 0.2842
  Debug - Î¼Â²: 0.1339, log_var: -0.7038, exp(log_var): 0.5329
  Debug - kl: 0.1899, recon_loss: 0.2916
  Debug - Î¼Â²: 0.1492, log_var: -0.6905, exp(log_var): 0.5401
  Debug - kl: 0.1859, recon_loss: 0.2441
  Debug - Î¼Â²: 0.1473, log_var: -0.6767, exp(log_var): 0.5478
  Debug - kl: 0.1817, recon_loss: 0.2519
  Debug - Î¼Â²: 0.1447, log_var: -0.6639, exp(log_var): 0.5549
  Debug - kl: 0.1774, recon_loss: 0.2407
  Debug - Î¼Â²: 0.1436, log_var: -0.6468, exp(log_var): 0.5644
  Debug - kl: 0.1759, recon_loss: 0.2425
  Debug - Î¼Â²: 0.1470, log_var: -0.6322, exp(log_var): 0.5727
  Debug - kl: 0.1692, recon_loss: 0.2132
  Debug - Î¼Â²: 0.1400, log_var: -0.6165, exp(log_var): 0.5820
  Debug - kl: 0.1670, recon_loss: 0.2304
  Debug - Î¼Â²: 0.1417, log_var: -0.6022, exp(log_var): 0.5902
  Debug - kl: 0.1622, recon_loss: 0.2058
  Debug - Î¼Â²: 0.1368, log_var: -0.5901, exp(log_var): 0.5975
  Debug - kl: 0.1638, recon_loss: 0.2409
  Debug - Î¼Â²: 0.1456, log_var: -0.5749, exp(log_var): 0.6070
  Debug - kl: 0.1565, recon_loss: 0.2209
  Debug - Î¼Â²: 0.1356, log_var: -0.5639, exp(log_var): 0.6134
  Debug - kl: 0.1587, recon_loss: 0.2533
  Debug - Î¼Â²: 0.1449, log_var: -0.5510, exp(log_var): 0.6215
  Debug - kl: 0.1541, recon_loss: 0.2347
  Debug - Î¼Â²: 0.1379, log_var: -0.5445, exp(log_var): 0.6257
  Debug - kl: 0.1525, recon_loss: 0.2158
  Debug - Î¼Â²: 0.1382, log_var: -0.5359, exp(log_var): 0.6310
  Debug - kl: 0.1510, recon_loss: 0.1977
  Debug - Î¼Â²: 0.1398, log_var: -0.5235, exp(log_var): 0.6387
  Debug - kl: 0.1477, recon_loss: 0.2158
  Debug - Î¼Â²: 0.1372, log_var: -0.5116, exp(log_var): 0.6465
  Debug - kl: 0.1391, recon_loss: 0.2280
  Debug - Î¼Â²: 0.1245, log_var: -0.4980, exp(log_var): 0.6556
  Debug - kl: 0.1432, recon_loss: 0.1976
  Debug - Î¼Â²: 0.1360, log_var: -0.4879, exp(log_var): 0.6626
  Debug - kl: 0.1349, recon_loss: 0.2500
  Debug - Î¼Â²: 0.1229, log_var: -0.4771, exp(log_var): 0.6698
  Debug - kl: 0.1362, recon_loss: 0.2287
  Debug - Î¼Â²: 0.1281, log_var: -0.4694, exp(log_var): 0.6750
  Debug - kl: 0.1351, recon_loss: 0.2319
  Debug - Î¼Â²: 0.1273, log_var: -0.4645, exp(log_var): 0.6785
  Debug - kl: 0.1333, recon_loss: 0.2642
  Debug - Î¼Â²: 0.1247, log_var: -0.4596, exp(log_var): 0.6823
  Debug - kl: 0.1333, recon_loss: 0.1898
  Debug - Î¼Â²: 0.1262, log_var: -0.4535, exp(log_var): 0.6867
  Debug - kl: 0.1284, recon_loss: 0.1925
  Debug - Î¼Â²: 0.1195, log_var: -0.4420, exp(log_var): 0.6953
  Debug - kl: 0.1304, recon_loss: 0.1973
  Debug - Î¼Â²: 0.1271, log_var: -0.4313, exp(log_var): 0.7025
  Debug - kl: 0.1277, recon_loss: 0.2012
  Debug - Î¼Â²: 0.1231, log_var: -0.4245, exp(log_var): 0.7078
  Debug - kl: 0.1246, recon_loss: 0.1981
  Debug - Î¼Â²: 0.1188, log_var: -0.4161, exp(log_var): 0.7142
  Debug - kl: 0.1242, recon_loss: 0.1851
  Debug - Î¼Â²: 0.1188, log_var: -0.4116, exp(log_var): 0.7180
  Debug - kl: 0.1223, recon_loss: 0.1672
  Debug - Î¼Â²: 0.1173, log_var: -0.4004, exp(log_var): 0.7269
  Debug - kl: 0.1226, recon_loss: 0.2098
  Debug - Î¼Â²: 0.1192, log_var: -0.3942, exp(log_var): 0.7319
  Debug - kl: 0.1191, recon_loss: 0.1602
  Debug - Î¼Â²: 0.1132, log_var: -0.3886, exp(log_var): 0.7364
  Debug - kl: 0.1215, recon_loss: 0.1834
  Debug - Î¼Â²: 0.1185, log_var: -0.3837, exp(log_var): 0.7407
  Debug - kl: 0.1182, recon_loss: 0.1624
  Debug - Î¼Â²: 0.1135, log_var: -0.3762, exp(log_var): 0.7467
Epoch   2: Loss=0.4588 (Recon=0.2765, KL=0.1823) LR=2.00e-05
  Debug - kl: 0.1134, recon_loss: 0.1662
  Debug - Î¼Â²: 0.1049, log_var: -0.3724, exp(log_var): 0.7495
  Debug - kl: 0.1215, recon_loss: 0.2506
  Debug - Î¼Â²: 0.1219, log_var: -0.3676, exp(log_var): 0.7534
  Debug - kl: 0.1136, recon_loss: 0.1695
  Debug - Î¼Â²: 0.1059, log_var: -0.3665, exp(log_var): 0.7547
  Debug - kl: 0.1155, recon_loss: 0.1626
  Debug - Î¼Â²: 0.1096, log_var: -0.3641, exp(log_var): 0.7573
  Debug - kl: 0.1143, recon_loss: 0.2217
  Debug - Î¼Â²: 0.1079, log_var: -0.3600, exp(log_var): 0.7606
  Debug - kl: 0.1100, recon_loss: 0.1960
  Debug - Î¼Â²: 0.1000, log_var: -0.3562, exp(log_var): 0.7637
  Debug - kl: 0.1045, recon_loss: 0.1722
  Debug - Î¼Â²: 0.0896, log_var: -0.3522, exp(log_var): 0.7673
  Debug - kl: 0.1108, recon_loss: 0.1582
  Debug - Î¼Â²: 0.1036, log_var: -0.3452, exp(log_var): 0.7728
  Debug - kl: 0.1047, recon_loss: 0.2419
  Debug - Î¼Â²: 0.0908, log_var: -0.3430, exp(log_var): 0.7757
  Debug - kl: 0.1066, recon_loss: 0.1726
  Debug - Î¼Â²: 0.0961, log_var: -0.3366, exp(log_var): 0.7805
  Debug - kl: 0.1017, recon_loss: 0.1904
  Debug - Î¼Â²: 0.0869, log_var: -0.3341, exp(log_var): 0.7825
  Debug - kl: 0.1041, recon_loss: 0.2021
  Debug - Î¼Â²: 0.0917, log_var: -0.3316, exp(log_var): 0.7848
  Debug - kl: 0.1050, recon_loss: 0.1701
  Debug - Î¼Â²: 0.0944, log_var: -0.3266, exp(log_var): 0.7890
  Debug - kl: 0.0987, recon_loss: 0.1830
  Debug - Î¼Â²: 0.0818, log_var: -0.3237, exp(log_var): 0.7917
  Debug - kl: 0.1022, recon_loss: 0.1705
  Debug - Î¼Â²: 0.0899, log_var: -0.3167, exp(log_var): 0.7977
  Debug - kl: 0.0999, recon_loss: 0.1616
  Debug - Î¼Â²: 0.0856, log_var: -0.3125, exp(log_var): 0.8015
  Debug - kl: 0.1004, recon_loss: 0.1435
  Debug - Î¼Â²: 0.0877, log_var: -0.3063, exp(log_var): 0.8068
  Debug - kl: 0.0985, recon_loss: 0.1353
  Debug - Î¼Â²: 0.0849, log_var: -0.3005, exp(log_var): 0.8116
  Debug - kl: 0.0946, recon_loss: 0.1722
  Debug - Î¼Â²: 0.0784, log_var: -0.2931, exp(log_var): 0.8176
  Debug - kl: 0.0978, recon_loss: 0.2027
  Debug - Î¼Â²: 0.0806, log_var: -0.3014, exp(log_var): 0.8137
  Debug - kl: 0.0980, recon_loss: 0.1287
  Debug - Î¼Â²: 0.0832, log_var: -0.2937, exp(log_var): 0.8191
  Debug - kl: 0.0963, recon_loss: 0.1541
  Debug - Î¼Â²: 0.0811, log_var: -0.2870, exp(log_var): 0.8245
  Debug - kl: 0.0933, recon_loss: 0.1475
  Debug - Î¼Â²: 0.0751, log_var: -0.2845, exp(log_var): 0.8269
  Debug - kl: 0.0947, recon_loss: 0.1311
  Debug - Î¼Â²: 0.0791, log_var: -0.2811, exp(log_var): 0.8292
  Debug - kl: 0.0910, recon_loss: 0.1422
  Debug - Î¼Â²: 0.0730, log_var: -0.2756, exp(log_var): 0.8334
  Debug - kl: 0.0922, recon_loss: 0.1389
  Debug - Î¼Â²: 0.0746, log_var: -0.2736, exp(log_var): 0.8362
  Debug - kl: 0.0923, recon_loss: 0.1396
  Debug - Î¼Â²: 0.0767, log_var: -0.2659, exp(log_var): 0.8420
  Debug - kl: 0.0889, recon_loss: 0.1291
  Debug - Î¼Â²: 0.0703, log_var: -0.2605, exp(log_var): 0.8469
  Debug - kl: 0.0896, recon_loss: 0.1335
  Debug - Î¼Â²: 0.0724, log_var: -0.2581, exp(log_var): 0.8487
  Debug - kl: 0.0894, recon_loss: 0.1350
  Debug - Î¼Â²: 0.0731, log_var: -0.2530, exp(log_var): 0.8527
  Debug - kl: 0.0874, recon_loss: 0.1199
  Debug - Î¼Â²: 0.0699, log_var: -0.2491, exp(log_var): 0.8559
  Debug - kl: 0.0868, recon_loss: 0.1230
  Debug - Î¼Â²: 0.0685, log_var: -0.2465, exp(log_var): 0.8586
  Debug - kl: 0.0858, recon_loss: 0.1194
  Debug - Î¼Â²: 0.0674, log_var: -0.2414, exp(log_var): 0.8628
  Debug - kl: 0.0857, recon_loss: 0.1271
  Debug - Î¼Â²: 0.0677, log_var: -0.2376, exp(log_var): 0.8662
  Debug - kl: 0.0862, recon_loss: 0.1457
  Debug - Î¼Â²: 0.0695, log_var: -0.2355, exp(log_var): 0.8675
  Debug - kl: 0.0844, recon_loss: 0.1040
  Debug - Î¼Â²: 0.0655, log_var: -0.2348, exp(log_var): 0.8685
  Debug - kl: 0.0823, recon_loss: 0.1203
  Debug - Î¼Â²: 0.0617, log_var: -0.2307, exp(log_var): 0.8721
  Debug - kl: 0.0820, recon_loss: 0.1105
  Debug - Î¼Â²: 0.0614, log_var: -0.2270, exp(log_var): 0.8756
  Debug - kl: 0.0817, recon_loss: 0.1111
  Debug - Î¼Â²: 0.0614, log_var: -0.2254, exp(log_var): 0.8767
  Debug - kl: 0.0806, recon_loss: 0.1038
  Debug - Î¼Â²: 0.0600, log_var: -0.2216, exp(log_var): 0.8797
  Debug - kl: 0.0815, recon_loss: 0.1207
  Debug - Î¼Â²: 0.0617, log_var: -0.2188, exp(log_var): 0.8824
  Debug - kl: 0.0793, recon_loss: 0.1044
  Debug - Î¼Â²: 0.0574, log_var: -0.2190, exp(log_var): 0.8822
  Debug - kl: 0.0787, recon_loss: 0.1086
  Debug - Î¼Â²: 0.0568, log_var: -0.2156, exp(log_var): 0.8849
  Debug - kl: 0.0788, recon_loss: 0.0995
  Debug - Î¼Â²: 0.0578, log_var: -0.2117, exp(log_var): 0.8882
  Debug - kl: 0.0791, recon_loss: 0.1028
  Debug - Î¼Â²: 0.0584, log_var: -0.2117, exp(log_var): 0.8882
  Debug - kl: 0.0782, recon_loss: 0.0949
  Debug - Î¼Â²: 0.0572, log_var: -0.2074, exp(log_var): 0.8918
  Debug - kl: 0.0781, recon_loss: 0.0998
  Debug - Î¼Â²: 0.0576, log_var: -0.2064, exp(log_var): 0.8923
  Debug - kl: 0.0775, recon_loss: 0.0985
  Debug - Î¼Â²: 0.0568, log_var: -0.2033, exp(log_var): 0.8949
  Debug - kl: 0.0763, recon_loss: 0.0896
  Debug - Î¼Â²: 0.0549, log_var: -0.2009, exp(log_var): 0.8968
  Debug - kl: 0.0749, recon_loss: 0.1015
  Debug - Î¼Â²: 0.0524, log_var: -0.1996, exp(log_var): 0.8978
  Debug - kl: 0.0755, recon_loss: 0.1006
  Debug - Î¼Â²: 0.0533, log_var: -0.2015, exp(log_var): 0.8962
  Debug - kl: 0.0750, recon_loss: 0.1027
  Debug - Î¼Â²: 0.0536, log_var: -0.1960, exp(log_var): 0.9003
  Debug - kl: 0.0732, recon_loss: 0.0948
  Debug - Î¼Â²: 0.0506, log_var: -0.1931, exp(log_var): 0.9026
  Debug - kl: 0.0720, recon_loss: 0.0950
  Debug - Î¼Â²: 0.0486, log_var: -0.1903, exp(log_var): 0.9051
  Debug - kl: 0.0732, recon_loss: 0.0820
  Debug - Î¼Â²: 0.0513, log_var: -0.1895, exp(log_var): 0.9056
  Debug - kl: 0.0711, recon_loss: 0.0958
  Debug - Î¼Â²: 0.0474, log_var: -0.1886, exp(log_var): 0.9062
  Debug - kl: 0.0725, recon_loss: 0.0876
  Debug - Î¼Â²: 0.0507, log_var: -0.1855, exp(log_var): 0.9089
  Debug - kl: 0.0740, recon_loss: 0.1000
  Debug - Î¼Â²: 0.0531, log_var: -0.1875, exp(log_var): 0.9075
  Debug - kl: 0.0722, recon_loss: 0.1091
  Debug - Î¼Â²: 0.0499, log_var: -0.1882, exp(log_var): 0.9063
  Debug - kl: 0.0714, recon_loss: 0.0855
  Debug - Î¼Â²: 0.0486, log_var: -0.1831, exp(log_var): 0.9111
  Debug - kl: 0.0706, recon_loss: 0.0974
  Debug - Î¼Â²: 0.0468, log_var: -0.1834, exp(log_var): 0.9109
Epoch   3: Loss=0.2245 (Recon=0.1351, KL=0.0894) LR=3.00e-05
  â†’ Generating samples and visualizations...
torch.Size([58, 3, 128])
  Debug - kl: 0.0709, recon_loss: 0.0998
  Debug - Î¼Â²: 0.0480, log_var: -0.1811, exp(log_var): 0.9127
  Debug - kl: 0.0683, recon_loss: 0.0803
  Debug - Î¼Â²: 0.0440, log_var: -0.1763, exp(log_var): 0.9162
  Debug - kl: 0.0687, recon_loss: 0.0766
  Debug - Î¼Â²: 0.0454, log_var: -0.1740, exp(log_var): 0.9180
  Debug - kl: 0.0671, recon_loss: 0.0880
  Debug - Î¼Â²: 0.0421, log_var: -0.1725, exp(log_var): 0.9198
  Debug - kl: 0.0680, recon_loss: 0.0818
  Debug - Î¼Â²: 0.0435, log_var: -0.1725, exp(log_var): 0.9200
  Debug - kl: 0.0676, recon_loss: 0.0776
  Debug - Î¼Â²: 0.0430, log_var: -0.1708, exp(log_var): 0.9215
  Debug - kl: 0.0679, recon_loss: 0.0941
  Debug - Î¼Â²: 0.0437, log_var: -0.1700, exp(log_var): 0.9220
  Debug - kl: 0.0662, recon_loss: 0.0781
  Debug - Î¼Â²: 0.0400, log_var: -0.1680, exp(log_var): 0.9244
  Debug - kl: 0.0664, recon_loss: 0.0832
  Debug - Î¼Â²: 0.0404, log_var: -0.1674, exp(log_var): 0.9250
  Debug - kl: 0.0664, recon_loss: 0.0770
  Debug - Î¼Â²: 0.0405, log_var: -0.1659, exp(log_var): 0.9263
  Debug - kl: 0.0655, recon_loss: 0.0799
  Debug - Î¼Â²: 0.0388, log_var: -0.1651, exp(log_var): 0.9271
  Debug - kl: 0.0660, recon_loss: 0.0771
  Debug - Î¼Â²: 0.0397, log_var: -0.1640, exp(log_var): 0.9283
  Debug - kl: 0.0663, recon_loss: 0.0926
  Debug - Î¼Â²: 0.0396, log_var: -0.1648, exp(log_var): 0.9281
  Debug - kl: 0.0668, recon_loss: 0.0888
  Debug - Î¼Â²: 0.0406, log_var: -0.1646, exp(log_var): 0.9284
  Debug - kl: 0.0669, recon_loss: 0.0788
  Debug - Î¼Â²: 0.0411, log_var: -0.1625, exp(log_var): 0.9301
  Debug - kl: 0.0663, recon_loss: 0.0925
  Debug - Î¼Â²: 0.0401, log_var: -0.1624, exp(log_var): 0.9301
  Debug - kl: 0.0647, recon_loss: 0.0783
  Debug - Î¼Â²: 0.0373, log_var: -0.1598, exp(log_var): 0.9322
  Debug - kl: 0.0656, recon_loss: 0.0824
  Debug - Î¼Â²: 0.0384, log_var: -0.1601, exp(log_var): 0.9326
  Debug - kl: 0.0655, recon_loss: 0.0823
  Debug - Î¼Â²: 0.0383, log_var: -0.1586, exp(log_var): 0.9342
  Debug - kl: 0.0643, recon_loss: 0.0800
  Debug - Î¼Â²: 0.0359, log_var: -0.1569, exp(log_var): 0.9357
  Debug - kl: 0.0645, recon_loss: 0.0949
  Debug - Î¼Â²: 0.0363, log_var: -0.1581, exp(log_var): 0.9347
  Debug - kl: 0.0647, recon_loss: 0.0718
  Debug - Î¼Â²: 0.0365, log_var: -0.1563, exp(log_var): 0.9365
  Debug - kl: 0.0666, recon_loss: 0.0835
  Debug - Î¼Â²: 0.0402, log_var: -0.1580, exp(log_var): 0.9351
  Debug - kl: 0.0673, recon_loss: 0.0825
  Debug - Î¼Â²: 0.0415, log_var: -0.1600, exp(log_var): 0.9330
  Debug - kl: 0.0650, recon_loss: 0.0776
  Debug - Î¼Â²: 0.0372, log_var: -0.1594, exp(log_var): 0.9334
  Debug - kl: 0.0644, recon_loss: 0.0644
  Debug - Î¼Â²: 0.0359, log_var: -0.1542, exp(log_var): 0.9386
  Debug - kl: 0.0651, recon_loss: 0.0695
  Debug - Î¼Â²: 0.0376, log_var: -0.1530, exp(log_var): 0.9396
  Debug - kl: 0.0639, recon_loss: 0.0781
  Debug - Î¼Â²: 0.0347, log_var: -0.1530, exp(log_var): 0.9401
  Debug - kl: 0.0641, recon_loss: 0.0660
  Debug - Î¼Â²: 0.0357, log_var: -0.1531, exp(log_var): 0.9393
  Debug - kl: 0.0637, recon_loss: 0.0688
  Debug - Î¼Â²: 0.0352, log_var: -0.1506, exp(log_var): 0.9416
  Debug - kl: 0.0656, recon_loss: 0.0742
  Debug - Î¼Â²: 0.0393, log_var: -0.1513, exp(log_var): 0.9406
  Debug - kl: 0.0636, recon_loss: 0.0696
  Debug - Î¼Â²: 0.0354, log_var: -0.1503, exp(log_var): 0.9415
  Debug - kl: 0.0633, recon_loss: 0.0674
  Debug - Î¼Â²: 0.0345, log_var: -0.1501, exp(log_var): 0.9419
  Debug - kl: 0.0643, recon_loss: 0.0619
  Debug - Î¼Â²: 0.0365, log_var: -0.1485, exp(log_var): 0.9435
  Debug - kl: 0.0630, recon_loss: 0.0649
  Debug - Î¼Â²: 0.0338, log_var: -0.1483, exp(log_var): 0.9440
  Debug - kl: 0.0637, recon_loss: 0.0699
  Debug - Î¼Â²: 0.0352, log_var: -0.1492, exp(log_var): 0.9429
  Debug - kl: 0.0638, recon_loss: 0.0618
  Debug - Î¼Â²: 0.0357, log_var: -0.1486, exp(log_var): 0.9431
  Debug - kl: 0.0632, recon_loss: 0.0755
  Debug - Î¼Â²: 0.0341, log_var: -0.1491, exp(log_var): 0.9431
  Debug - kl: 0.0626, recon_loss: 0.0780
  Debug - Î¼Â²: 0.0331, log_var: -0.1501, exp(log_var): 0.9420
  Debug - kl: 0.0644, recon_loss: 0.0849
  Debug - Î¼Â²: 0.0352, log_var: -0.1568, exp(log_var): 0.9368
  Debug - kl: 0.0642, recon_loss: 0.0742
  Debug - Î¼Â²: 0.0360, log_var: -0.1535, exp(log_var): 0.9389
  Debug - kl: 0.0631, recon_loss: 0.0713
  Debug - Î¼Â²: 0.0346, log_var: -0.1480, exp(log_var): 0.9437
  Debug - kl: 0.0630, recon_loss: 0.0646
  Debug - Î¼Â²: 0.0348, log_var: -0.1457, exp(log_var): 0.9457
  Debug - kl: 0.0625, recon_loss: 0.0615
  Debug - Î¼Â²: 0.0345, log_var: -0.1427, exp(log_var): 0.9478
  Debug - kl: 0.0637, recon_loss: 0.0647
  Debug - Î¼Â²: 0.0364, log_var: -0.1432, exp(log_var): 0.9479
  Debug - kl: 0.0627, recon_loss: 0.0681
  Debug - Î¼Â²: 0.0345, log_var: -0.1443, exp(log_var): 0.9465
  Debug - kl: 0.0627, recon_loss: 0.0614
  Debug - Î¼Â²: 0.0352, log_var: -0.1434, exp(log_var): 0.9467
  Debug - kl: 0.0628, recon_loss: 0.0710
  Debug - Î¼Â²: 0.0353, log_var: -0.1428, exp(log_var): 0.9475
  Debug - kl: 0.0641, recon_loss: 0.0828
  Debug - Î¼Â²: 0.0389, log_var: -0.1425, exp(log_var): 0.9468
  Debug - kl: 0.0606, recon_loss: 0.0901
  Debug - Î¼Â²: 0.0314, log_var: -0.1435, exp(log_var): 0.9463
  Debug - kl: 0.0622, recon_loss: 0.0593
  Debug - Î¼Â²: 0.0351, log_var: -0.1411, exp(log_var): 0.9483
  Debug - kl: 0.0626, recon_loss: 0.0662
  Debug - Î¼Â²: 0.0359, log_var: -0.1408, exp(log_var): 0.9485
  Debug - kl: 0.0611, recon_loss: 0.0665
  Debug - Î¼Â²: 0.0335, log_var: -0.1409, exp(log_var): 0.9479
  Debug - kl: 0.0612, recon_loss: 0.0662
  Debug - Î¼Â²: 0.0343, log_var: -0.1394, exp(log_var): 0.9486
  Debug - kl: 0.0610, recon_loss: 0.0590
  Debug - Î¼Â²: 0.0344, log_var: -0.1380, exp(log_var): 0.9497
  Debug - kl: 0.0611, recon_loss: 0.0566
  Debug - Î¼Â²: 0.0352, log_var: -0.1372, exp(log_var): 0.9497
  Debug - kl: 0.0604, recon_loss: 0.0577
  Debug - Î¼Â²: 0.0345, log_var: -0.1373, exp(log_var): 0.9490
  Debug - kl: 0.0594, recon_loss: 0.0589
  Debug - Î¼Â²: 0.0331, log_var: -0.1365, exp(log_var): 0.9491
  Debug - kl: 0.0600, recon_loss: 0.0569
  Debug - Î¼Â²: 0.0349, log_var: -0.1362, exp(log_var): 0.9488
  Debug - kl: 0.0587, recon_loss: 0.0643
  Debug - Î¼Â²: 0.0338, log_var: -0.1349, exp(log_var): 0.9486
  Debug - kl: 0.0585, recon_loss: 0.0596
  Debug - Î¼Â²: 0.0341, log_var: -0.1338, exp(log_var): 0.9491
Epoch   4: Loss=0.1380 (Recon=0.0741, KL=0.0640) LR=4.00e-05
  Debug - kl: 0.0599, recon_loss: 0.0642
  Debug - Î¼Â²: 0.0383, log_var: -0.1320, exp(log_var): 0.9494
  Debug - kl: 0.0560, recon_loss: 0.1284
  Debug - Î¼Â²: 0.0306, log_var: -0.1359, exp(log_var): 0.9456
  Debug - kl: 0.0555, recon_loss: 0.0675
  Debug - Î¼Â²: 0.0329, log_var: -0.1301, exp(log_var): 0.9481
  Debug - kl: 0.0558, recon_loss: 0.0732
  Debug - Î¼Â²: 0.0342, log_var: -0.1269, exp(log_var): 0.9504
  Debug - kl: 0.0540, recon_loss: 0.0690
  Debug - Î¼Â²: 0.0317, log_var: -0.1235, exp(log_var): 0.9527
  Debug - kl: 0.0526, recon_loss: 0.0746
  Debug - Î¼Â²: 0.0296, log_var: -0.1219, exp(log_var): 0.9537
  Debug - kl: 0.0523, recon_loss: 0.0625
  Debug - Î¼Â²: 0.0287, log_var: -0.1222, exp(log_var): 0.9538
  Debug - kl: 0.0529, recon_loss: 0.0639
  Debug - Î¼Â²: 0.0298, log_var: -0.1207, exp(log_var): 0.9552
  Debug - kl: 0.0518, recon_loss: 0.0560
  Debug - Î¼Â²: 0.0283, log_var: -0.1203, exp(log_var): 0.9551
  Debug - kl: 0.0513, recon_loss: 0.0574
  Debug - Î¼Â²: 0.0272, log_var: -0.1193, exp(log_var): 0.9560
  Debug - kl: 0.0512, recon_loss: 0.0559
  Debug - Î¼Â²: 0.0279, log_var: -0.1185, exp(log_var): 0.9560
  Debug - kl: 0.0510, recon_loss: 0.0572
  Debug - Î¼Â²: 0.0278, log_var: -0.1178, exp(log_var): 0.9565
  Debug - kl: 0.0507, recon_loss: 0.0587
  Debug - Î¼Â²: 0.0274, log_var: -0.1182, exp(log_var): 0.9558
  Debug - kl: 0.0501, recon_loss: 0.0601
  Debug - Î¼Â²: 0.0280, log_var: -0.1155, exp(log_var): 0.9567
  Debug - kl: 0.0499, recon_loss: 0.0542
  Debug - Î¼Â²: 0.0272, log_var: -0.1176, exp(log_var): 0.9550
  Debug - kl: 0.0490, recon_loss: 0.0517
  Debug - Î¼Â²: 0.0270, log_var: -0.1146, exp(log_var): 0.9565
  Debug - kl: 0.0487, recon_loss: 0.0528
  Debug - Î¼Â²: 0.0275, log_var: -0.1132, exp(log_var): 0.9568
  Debug - kl: 0.0466, recon_loss: 0.0669
  Debug - Î¼Â²: 0.0248, log_var: -0.1127, exp(log_var): 0.9557
  Debug - kl: 0.0471, recon_loss: 0.0483
  Debug - Î¼Â²: 0.0268, log_var: -0.1157, exp(log_var): 0.9517
  Debug - kl: 0.0454, recon_loss: 0.0712
  Debug - Î¼Â²: 0.0264, log_var: -0.1119, exp(log_var): 0.9525
  Debug - kl: 0.0428, recon_loss: 0.0460
  Debug - Î¼Â²: 0.0253, log_var: -0.1033, exp(log_var): 0.9570
  Debug - kl: 0.0411, recon_loss: 0.0481
  Debug - Î¼Â²: 0.0236, log_var: -0.0999, exp(log_var): 0.9586
  Debug - kl: 0.0405, recon_loss: 0.0510
  Debug - Î¼Â²: 0.0234, log_var: -0.0979, exp(log_var): 0.9596
  Debug - kl: 0.0397, recon_loss: 0.0496
  Debug - Î¼Â²: 0.0220, log_var: -0.0981, exp(log_var): 0.9593
  Debug - kl: 0.0397, recon_loss: 0.0551
  Debug - Î¼Â²: 0.0228, log_var: -0.0954, exp(log_var): 0.9612
  Debug - kl: 0.0384, recon_loss: 0.0420
  Debug - Î¼Â²: 0.0208, log_var: -0.0944, exp(log_var): 0.9615
  Debug - kl: 0.0386, recon_loss: 0.0573
  Debug - Î¼Â²: 0.0211, log_var: -0.0939, exp(log_var): 0.9622
  Debug - kl: 0.0382, recon_loss: 0.0545
  Debug - Î¼Â²: 0.0211, log_var: -0.0945, exp(log_var): 0.9608
  Debug - kl: 0.0369, recon_loss: 0.0476
  Debug - Î¼Â²: 0.0199, log_var: -0.0913, exp(log_var): 0.9627
  Debug - kl: 0.0368, recon_loss: 0.0518
  Debug - Î¼Â²: 0.0208, log_var: -0.0905, exp(log_var): 0.9623
  Debug - kl: 0.0355, recon_loss: 0.0455
  Debug - Î¼Â²: 0.0198, log_var: -0.0903, exp(log_var): 0.9610
  Debug - kl: 0.0353, recon_loss: 0.0573
  Debug - Î¼Â²: 0.0207, log_var: -0.0876, exp(log_var): 0.9621
  Debug - kl: 0.0331, recon_loss: 0.0475
  Debug - Î¼Â²: 0.0192, log_var: -0.0838, exp(log_var): 0.9631
  Debug - kl: 0.0319, recon_loss: 0.0408
  Debug - Î¼Â²: 0.0190, log_var: -0.0810, exp(log_var): 0.9638
  Debug - kl: 0.0306, recon_loss: 0.0399
  Debug - Î¼Â²: 0.0181, log_var: -0.0788, exp(log_var): 0.9643
  Debug - kl: 0.0298, recon_loss: 0.0422
  Debug - Î¼Â²: 0.0171, log_var: -0.0789, exp(log_var): 0.9635
  Debug - kl: 0.0292, recon_loss: 0.0480
  Debug - Î¼Â²: 0.0165, log_var: -0.0751, exp(log_var): 0.9667
  Debug - kl: 0.0288, recon_loss: 0.0406
  Debug - Î¼Â²: 0.0155, log_var: -0.0755, exp(log_var): 0.9665
  Debug - kl: 0.0284, recon_loss: 0.0414
  Debug - Î¼Â²: 0.0151, log_var: -0.0747, exp(log_var): 0.9671
  Debug - kl: 0.0283, recon_loss: 0.0421
  Debug - Î¼Â²: 0.0149, log_var: -0.0727, exp(log_var): 0.9690
  Debug - kl: 0.0285, recon_loss: 0.0406
  Debug - Î¼Â²: 0.0147, log_var: -0.0739, exp(log_var): 0.9683
  Debug - kl: 0.0288, recon_loss: 0.0468
  Debug - Î¼Â²: 0.0152, log_var: -0.0733, exp(log_var): 0.9691
  Debug - kl: 0.0282, recon_loss: 0.0584
  Debug - Î¼Â²: 0.0138, log_var: -0.0768, exp(log_var): 0.9658
  Debug - kl: 0.0290, recon_loss: 0.0562
  Debug - Î¼Â²: 0.0148, log_var: -0.0804, exp(log_var): 0.9628
  Debug - kl: 0.0285, recon_loss: 0.0555
  Debug - Î¼Â²: 0.0140, log_var: -0.0740, exp(log_var): 0.9690
  Debug - kl: 0.0282, recon_loss: 0.0428
  Debug - Î¼Â²: 0.0139, log_var: -0.0715, exp(log_var): 0.9710
  Debug - kl: 0.0281, recon_loss: 0.0374
  Debug - Î¼Â²: 0.0135, log_var: -0.0717, exp(log_var): 0.9711
  Debug - kl: 0.0282, recon_loss: 0.0398
  Debug - Î¼Â²: 0.0135, log_var: -0.0718, exp(log_var): 0.9711
  Debug - kl: 0.0280, recon_loss: 0.0368
  Debug - Î¼Â²: 0.0131, log_var: -0.0711, exp(log_var): 0.9719
  Debug - kl: 0.0280, recon_loss: 0.0390
  Debug - Î¼Â²: 0.0132, log_var: -0.0704, exp(log_var): 0.9725
  Debug - kl: 0.0277, recon_loss: 0.0427
  Debug - Î¼Â²: 0.0127, log_var: -0.0710, exp(log_var): 0.9717
  Debug - kl: 0.0279, recon_loss: 0.0392
  Debug - Î¼Â²: 0.0128, log_var: -0.0702, exp(log_var): 0.9728
  Debug - kl: 0.0282, recon_loss: 0.0361
  Debug - Î¼Â²: 0.0132, log_var: -0.0703, exp(log_var): 0.9729
  Debug - kl: 0.0280, recon_loss: 0.0371
  Debug - Î¼Â²: 0.0129, log_var: -0.0689, exp(log_var): 0.9743
  Debug - kl: 0.0280, recon_loss: 0.0373
  Debug - Î¼Â²: 0.0126, log_var: -0.0695, exp(log_var): 0.9737
  Debug - kl: 0.0278, recon_loss: 0.0406
  Debug - Î¼Â²: 0.0123, log_var: -0.0690, exp(log_var): 0.9743
  Debug - kl: 0.0280, recon_loss: 0.0388
  Debug - Î¼Â²: 0.0127, log_var: -0.0683, exp(log_var): 0.9751
  Debug - kl: 0.0278, recon_loss: 0.0388
  Debug - Î¼Â²: 0.0123, log_var: -0.0675, exp(log_var): 0.9757
  Debug - kl: 0.0277, recon_loss: 0.0361
  Debug - Î¼Â²: 0.0120, log_var: -0.0687, exp(log_var): 0.9747
  Debug - kl: 0.0276, recon_loss: 0.0415
  Debug - Î¼Â²: 0.0118, log_var: -0.0679, exp(log_var): 0.9755
  Debug - kl: 0.0277, recon_loss: 0.0399
  Debug - Î¼Â²: 0.0116, log_var: -0.0688, exp(log_var): 0.9751
Epoch   5: Loss=0.0881 (Recon=0.0502, KL=0.0379) LR=5.00e-05
  â†’ Checkpoint saved: checkpoints_new/vae_model_pairwise_epoch5_small_model_with_changes.pth
  Debug - kl: 0.0278, recon_loss: 0.0356
  Debug - Î¼Â²: 0.0121, log_var: -0.0682, exp(log_var): 0.9753
  Debug - kl: 0.0273, recon_loss: 0.0444
  Debug - Î¼Â²: 0.0111, log_var: -0.0676, exp(log_var): 0.9759
  Debug - kl: 0.0276, recon_loss: 0.0382
  Debug - Î¼Â²: 0.0117, log_var: -0.0681, exp(log_var): 0.9753
  Debug - kl: 0.0278, recon_loss: 0.0345
  Debug - Î¼Â²: 0.0116, log_var: -0.0678, exp(log_var): 0.9761
  Debug - kl: 0.0283, recon_loss: 0.0462
  Debug - Î¼Â²: 0.0125, log_var: -0.0685, exp(log_var): 0.9755
  Debug - kl: 0.0277, recon_loss: 0.0555
  Debug - Î¼Â²: 0.0113, log_var: -0.0727, exp(log_var): 0.9714
  Debug - kl: 0.0278, recon_loss: 0.0435
  Debug - Î¼Â²: 0.0117, log_var: -0.0700, exp(log_var): 0.9740
  Debug - kl: 0.0276, recon_loss: 0.0566
  Debug - Î¼Â²: 0.0114, log_var: -0.0680, exp(log_var): 0.9758
  Debug - kl: 0.0276, recon_loss: 0.0371
  Debug - Î¼Â²: 0.0113, log_var: -0.0659, exp(log_var): 0.9779
  Debug - kl: 0.0276, recon_loss: 0.0370
  Debug - Î¼Â²: 0.0113, log_var: -0.0649, exp(log_var): 0.9791
  Debug - kl: 0.0276, recon_loss: 0.0325
  Debug - Î¼Â²: 0.0111, log_var: -0.0658, exp(log_var): 0.9783
  Debug - kl: 0.0277, recon_loss: 0.0395
  Debug - Î¼Â²: 0.0115, log_var: -0.0657, exp(log_var): 0.9782
  Debug - kl: 0.0277, recon_loss: 0.0354
  Debug - Î¼Â²: 0.0113, log_var: -0.0644, exp(log_var): 0.9796
  Debug - kl: 0.0276, recon_loss: 0.0361
  Debug - Î¼Â²: 0.0110, log_var: -0.0662, exp(log_var): 0.9781
  Debug - kl: 0.0274, recon_loss: 0.0342
  Debug - Î¼Â²: 0.0106, log_var: -0.0648, exp(log_var): 0.9793
  Debug - kl: 0.0282, recon_loss: 0.0509
  Debug - Î¼Â²: 0.0120, log_var: -0.0656, exp(log_var): 0.9788
  Debug - kl: 0.0280, recon_loss: 0.0393
  Debug - Î¼Â²: 0.0116, log_var: -0.0664, exp(log_var): 0.9781
  Debug - kl: 0.0276, recon_loss: 0.0433
  Debug - Î¼Â²: 0.0109, log_var: -0.0692, exp(log_var): 0.9752
  Debug - kl: 0.0281, recon_loss: 0.0663
  Debug - Î¼Â²: 0.0114, log_var: -0.0707, exp(log_var): 0.9740
  Debug - kl: 0.0278, recon_loss: 0.0845
  Debug - Î¼Â²: 0.0111, log_var: -0.0656, exp(log_var): 0.9790
  Debug - kl: 0.0276, recon_loss: 0.0331
  Debug - Î¼Â²: 0.0111, log_var: -0.0637, exp(log_var): 0.9804
  Debug - kl: 0.0275, recon_loss: 0.0355
  Debug - Î¼Â²: 0.0107, log_var: -0.0626, exp(log_var): 0.9818
  Debug - kl: 0.0274, recon_loss: 0.0347
  Debug - Î¼Â²: 0.0106, log_var: -0.0638, exp(log_var): 0.9805
  Debug - kl: 0.0275, recon_loss: 0.0286
  Debug - Î¼Â²: 0.0105, log_var: -0.0629, exp(log_var): 0.9816
  Debug - kl: 0.0274, recon_loss: 0.0336
  Debug - Î¼Â²: 0.0103, log_var: -0.0635, exp(log_var): 0.9811
  Debug - kl: 0.0274, recon_loss: 0.0334
  Debug - Î¼Â²: 0.0105, log_var: -0.0627, exp(log_var): 0.9817
  Debug - kl: 0.0275, recon_loss: 0.0337
  Debug - Î¼Â²: 0.0105, log_var: -0.0625, exp(log_var): 0.9820
  Debug - kl: 0.0274, recon_loss: 0.0328
  Debug - Î¼Â²: 0.0103, log_var: -0.0628, exp(log_var): 0.9818
  Debug - kl: 0.0276, recon_loss: 0.0283
  Debug - Î¼Â²: 0.0103, log_var: -0.0632, exp(log_var): 0.9816
  Debug - kl: 0.0274, recon_loss: 0.0304
  Debug - Î¼Â²: 0.0102, log_var: -0.0629, exp(log_var): 0.9817
  Debug - kl: 0.0275, recon_loss: 0.0371
  Debug - Î¼Â²: 0.0101, log_var: -0.0636, exp(log_var): 0.9812
  Debug - kl: 0.0275, recon_loss: 0.0292
  Debug - Î¼Â²: 0.0101, log_var: -0.0626, exp(log_var): 0.9823
  Debug - kl: 0.0275, recon_loss: 0.0345
  Debug - Î¼Â²: 0.0099, log_var: -0.0629, exp(log_var): 0.9821
  Debug - kl: 0.0275, recon_loss: 0.0280
  Debug - Î¼Â²: 0.0100, log_var: -0.0618, exp(log_var): 0.9831
  Debug - kl: 0.0276, recon_loss: 0.0289
  Debug - Î¼Â²: 0.0102, log_var: -0.0627, exp(log_var): 0.9823
  Debug - kl: 0.0273, recon_loss: 0.0321
  Debug - Î¼Â²: 0.0099, log_var: -0.0622, exp(log_var): 0.9826
  Debug - kl: 0.0273, recon_loss: 0.0339
  Debug - Î¼Â²: 0.0099, log_var: -0.0621, exp(log_var): 0.9827
  Debug - kl: 0.0274, recon_loss: 0.0311
  Debug - Î¼Â²: 0.0097, log_var: -0.0623, exp(log_var): 0.9828
  Debug - kl: 0.0276, recon_loss: 0.0304
  Debug - Î¼Â²: 0.0102, log_var: -0.0623, exp(log_var): 0.9827
  Debug - kl: 0.0275, recon_loss: 0.0293
  Debug - Î¼Â²: 0.0098, log_var: -0.0620, exp(log_var): 0.9832
  Debug - kl: 0.0275, recon_loss: 0.0288
  Debug - Î¼Â²: 0.0102, log_var: -0.0612, exp(log_var): 0.9836
  Debug - kl: 0.0273, recon_loss: 0.0330
  Debug - Î¼Â²: 0.0097, log_var: -0.0617, exp(log_var): 0.9832
  Debug - kl: 0.0277, recon_loss: 0.0263
  Debug - Î¼Â²: 0.0100, log_var: -0.0608, exp(log_var): 0.9847
  Debug - kl: 0.0273, recon_loss: 0.0327
  Debug - Î¼Â²: 0.0095, log_var: -0.0620, exp(log_var): 0.9831
  Debug - kl: 0.0297, recon_loss: 0.0701
  Debug - Î¼Â²: 0.0125, log_var: -0.0718, exp(log_var): 0.9751
  Debug - kl: 0.0275, recon_loss: 0.0591
  Debug - Î¼Â²: 0.0103, log_var: -0.0639, exp(log_var): 0.9809
  Debug - kl: 0.0276, recon_loss: 0.0355
  Debug - Î¼Â²: 0.0100, log_var: -0.0616, exp(log_var): 0.9835
  Debug - kl: 0.0274, recon_loss: 0.0275
  Debug - Î¼Â²: 0.0098, log_var: -0.0606, exp(log_var): 0.9844
  Debug - kl: 0.0274, recon_loss: 0.0267
  Debug - Î¼Â²: 0.0097, log_var: -0.0597, exp(log_var): 0.9853
  Debug - kl: 0.0273, recon_loss: 0.0291
  Debug - Î¼Â²: 0.0096, log_var: -0.0602, exp(log_var): 0.9848
  Debug - kl: 0.0275, recon_loss: 0.0257
  Debug - Î¼Â²: 0.0097, log_var: -0.0603, exp(log_var): 0.9850
  Debug - kl: 0.0273, recon_loss: 0.0257
  Debug - Î¼Â²: 0.0096, log_var: -0.0591, exp(log_var): 0.9858
  Debug - kl: 0.0274, recon_loss: 0.0259
  Debug - Î¼Â²: 0.0094, log_var: -0.0605, exp(log_var): 0.9848
  Debug - kl: 0.0273, recon_loss: 0.0280
  Debug - Î¼Â²: 0.0094, log_var: -0.0598, exp(log_var): 0.9853
  Debug - kl: 0.0273, recon_loss: 0.0230
  Debug - Î¼Â²: 0.0095, log_var: -0.0603, exp(log_var): 0.9848
  Debug - kl: 0.0273, recon_loss: 0.0297
  Debug - Î¼Â²: 0.0094, log_var: -0.0593, exp(log_var): 0.9859
  Debug - kl: 0.0274, recon_loss: 0.0306
  Debug - Î¼Â²: 0.0095, log_var: -0.0594, exp(log_var): 0.9858
  Debug - kl: 0.0275, recon_loss: 0.0295
  Debug - Î¼Â²: 0.0093, log_var: -0.0590, exp(log_var): 0.9866
  Debug - kl: 0.0274, recon_loss: 0.0251
  Debug - Î¼Â²: 0.0093, log_var: -0.0601, exp(log_var): 0.9853
  Debug - kl: 0.0273, recon_loss: 0.0253
  Debug - Î¼Â²: 0.0094, log_var: -0.0596, exp(log_var): 0.9856
  Debug - kl: 0.0273, recon_loss: 0.0290
  Debug - Î¼Â²: 0.0092, log_var: -0.0610, exp(log_var): 0.9845
Epoch   6: Loss=0.0633 (Recon=0.0357, KL=0.0275) LR=6.00e-05
  â†’ Generating samples and visualizations...
torch.Size([58, 3, 128])
