/ext3/miniforge3/envs/visnet/lib/python3.9/site-packages/lightning_fabric/__init__.py:40: pkg_resources is deprecated as an API. See https://setuptools.pypa.io/en/latest/pkg_resources.html. The pkg_resources package is slated for removal as early as 2025-11-30. Refrain from using this package or pin to Setuptools<81.
wandb: Currently logged in as: chriszhang09 (chriszhang09-new-york-university) to https://api.wandb.ai. Use `wandb login --relogin` to force relogin
/ext3/miniforge3/envs/visnet/lib/python3.9/site-packages/wandb/analytics/sentry.py:263: DeprecationWarning: The `Scope.user` setter is deprecated in favor of `Scope.set_user()`.
  self.scope.user = {"email": email}
wandb: setting up run vrv54zxd
/ext3/miniforge3/envs/visnet/lib/python3.9/site-packages/wandb/analytics/sentry.py:263: DeprecationWarning: The `Scope.user` setter is deprecated in favor of `Scope.set_user()`.
  self.scope.user = {"email": email}
wandb: Tracking run with wandb version 0.22.1
wandb: Run data is saved locally in /scratch/cz2200/aib9/wandb/run-20251028_002036-vrv54zxd
wandb: Run `wandb offline` to turn off syncing.
wandb: Syncing run dashing-music-215
wandb: â­ï¸ View project at https://wandb.ai/chriszhang09-new-york-university/aib9-vae-pairwise
wandb: ðŸš€ View run at https://wandb.ai/chriszhang09-new-york-university/aib9-vae-pairwise/runs/vrv54zxd
Original data shape: (1000000, 58, 3)
CV shape: (1000000, 2)
Using CUDA device: Quadro RTX 8000
CUDA memory: 47.8 GB
Traceback (most recent call last):
  File "/scratch/cz2200/aib9/train_vae_equivar.py", line 447, in <module>
    main()
  File "/scratch/cz2200/aib9/train_vae_equivar.py", line 185, in main
    model = MolecularVAEMSE(
TypeError: __init__() got an unexpected keyword argument 'edge_index'
[1;34mwandb[0m: 
[1;34mwandb[0m: ðŸš€ View run [33mdashing-music-215[0m at: [34m[0m
[1;34mwandb[0m: Find logs at: [1;35mwandb/run-20251028_002036-vrv54zxd/logs[0m
