/ext3/miniforge3/envs/visnet/lib/python3.9/site-packages/lightning_fabric/__init__.py:40: pkg_resources is deprecated as an API. See https://setuptools.pypa.io/en/latest/pkg_resources.html. The pkg_resources package is slated for removal as early as 2025-11-30. Refrain from using this package or pin to Setuptools<81.
wandb: Currently logged in as: chriszhang09 (chriszhang09-new-york-university) to https://api.wandb.ai. Use `wandb login --relogin` to force relogin
/ext3/miniforge3/envs/visnet/lib/python3.9/site-packages/wandb/analytics/sentry.py:263: DeprecationWarning: The `Scope.user` setter is deprecated in favor of `Scope.set_user()`.
  self.scope.user = {"email": email}
wandb: setting up run 57esu0os
/ext3/miniforge3/envs/visnet/lib/python3.9/site-packages/wandb/analytics/sentry.py:263: DeprecationWarning: The `Scope.user` setter is deprecated in favor of `Scope.set_user()`.
  self.scope.user = {"email": email}
wandb: Tracking run with wandb version 0.22.1
wandb: Run data is saved locally in /scratch/cz2200/aib9/wandb/run-20251028_010040-57esu0os
wandb: Run `wandb offline` to turn off syncing.
wandb: Syncing run feasible-sound-219
wandb: â­ï¸ View project at https://wandb.ai/chriszhang09-new-york-university/aib9-vae-pairwise
wandb: ðŸš€ View run at https://wandb.ai/chriszhang09-new-york-university/aib9-vae-pairwise/runs/57esu0os
/ext3/miniforge3/envs/visnet/lib/python3.9/site-packages/torch_geometric/nn/conv/message_passing.py:1032: UserWarning: 'NeighborEmbedding.jittable' is deprecated and a no-op. Please remove its usage.
  warnings.warn(f"'{self.__class__.__name__}.jittable' is deprecated "
/ext3/miniforge3/envs/visnet/lib/python3.9/site-packages/torch_geometric/nn/conv/message_passing.py:1032: UserWarning: 'EdgeEmbedding.jittable' is deprecated and a no-op. Please remove its usage.
  warnings.warn(f"'{self.__class__.__name__}.jittable' is deprecated "
/ext3/miniforge3/envs/visnet/lib/python3.9/site-packages/torch_geometric/nn/conv/message_passing.py:1032: UserWarning: 'ViS_MP_Vertex_Edge.jittable' is deprecated and a no-op. Please remove its usage.
  warnings.warn(f"'{self.__class__.__name__}.jittable' is deprecated "
Original data shape: (1000000, 58, 3)
CV shape: (1000000, 2)
Using CUDA device: Tesla V100-PCIE-32GB
CUDA memory: 34.1 GB
Traceback (most recent call last):
  File "/scratch/cz2200/aib9/train_vae_equivar.py", line 447, in <module>
    if __name__ == "__main__":
  File "/scratch/cz2200/aib9/train_vae_equivar.py", line 185, in main
    model = MolecularVAEMSE(
  File "/scratch/cz2200/aib9/mse_training/vae_model_new.py", line 55, in __init__
    self.edge_index = torch.from_numpy(edge_index).to(self.device)
  File "/ext3/miniforge3/envs/visnet/lib/python3.9/site-packages/torch/nn/modules/module.py", line 1695, in __getattr__
    raise AttributeError(f"'{type(self).__name__}' object has no attribute '{name}'")
AttributeError: 'MolecularVAEMSE' object has no attribute 'device'
[1;34mwandb[0m: 
[1;34mwandb[0m: ðŸš€ View run [33mfeasible-sound-219[0m at: [34m[0m
[1;34mwandb[0m: Find logs at: [1;35mwandb/run-20251028_010040-57esu0os/logs[0m
