/ext3/miniforge3/envs/visnet/lib/python3.9/site-packages/lightning_fabric/__init__.py:40: pkg_resources is deprecated as an API. See https://setuptools.pypa.io/en/latest/pkg_resources.html. The pkg_resources package is slated for removal as early as 2025-11-30. Refrain from using this package or pin to Setuptools<81.
wandb: Currently logged in as: chriszhang09 (chriszhang09-new-york-university) to https://api.wandb.ai. Use `wandb login --relogin` to force relogin
/ext3/miniforge3/envs/visnet/lib/python3.9/site-packages/wandb/analytics/sentry.py:263: DeprecationWarning: The `Scope.user` setter is deprecated in favor of `Scope.set_user()`.
  self.scope.user = {"email": email}
wandb: setting up run lz9pqsuv
/ext3/miniforge3/envs/visnet/lib/python3.9/site-packages/wandb/analytics/sentry.py:263: DeprecationWarning: The `Scope.user` setter is deprecated in favor of `Scope.set_user()`.
  self.scope.user = {"email": email}
wandb: Tracking run with wandb version 0.22.1
wandb: Run data is saved locally in /scratch/cz2200/aib9/wandb/run-20251027_232048-lz9pqsuv
wandb: Run `wandb offline` to turn off syncing.
wandb: Syncing run fast-sun-214
wandb: â­ï¸ View project at https://wandb.ai/chriszhang09-new-york-university/aib9-vae-pairwise
wandb: ðŸš€ View run at https://wandb.ai/chriszhang09-new-york-university/aib9-vae-pairwise/runs/lz9pqsuv
/ext3/miniforge3/envs/visnet/lib/python3.9/site-packages/torch_geometric/nn/conv/message_passing.py:1032: UserWarning: 'NeighborEmbedding.jittable' is deprecated and a no-op. Please remove its usage.
  warnings.warn(f"'{self.__class__.__name__}.jittable' is deprecated "
/ext3/miniforge3/envs/visnet/lib/python3.9/site-packages/torch_geometric/nn/conv/message_passing.py:1032: UserWarning: 'EdgeEmbedding.jittable' is deprecated and a no-op. Please remove its usage.
  warnings.warn(f"'{self.__class__.__name__}.jittable' is deprecated "
/ext3/miniforge3/envs/visnet/lib/python3.9/site-packages/torch_geometric/nn/conv/message_passing.py:1032: UserWarning: 'ViS_MP_Vertex_Edge.jittable' is deprecated and a no-op. Please remove its usage.
  warnings.warn(f"'{self.__class__.__name__}.jittable' is deprecated "
Original data shape: (1000000, 58, 3)
CV shape: (1000000, 2)
Using CUDA device: Quadro RTX 8000
CUDA memory: 47.8 GB
Testing model with dummy data...
Model test passed - no NaN in dummy forward pass

============================================================
Starting Training - 389312 samples
Model parameters: 7,770,100
Loss type: MSE (coordinate-based)
============================================================

/ext3/miniforge3/envs/visnet/lib/python3.9/site-packages/torch/autograd/__init__.py:251: UserWarning: Error detected in NativeLayerNormBackward0. Traceback of forward call that caused the error:
  File "/scratch/cz2200/aib9/train_vae_equivar.py", line 445, in <module>
    main()
  File "/scratch/cz2200/aib9/train_vae_equivar.py", line 287, in main
    recon_batch, mu, log_var = model(molecules)
  File "/ext3/miniforge3/envs/visnet/lib/python3.9/site-packages/torch/nn/modules/module.py", line 1518, in _wrapped_call_impl
    return self._call_impl(*args, **kwargs)
  File "/ext3/miniforge3/envs/visnet/lib/python3.9/site-packages/torch/nn/modules/module.py", line 1568, in _call_impl
    result = forward_call(*args, **kwargs)
  File "/scratch/cz2200/aib9/mse_training/vae_model_new.py", line 95, in forward
    reconstructed_pos = self.decoder(data_decoder).squeeze(-1)
  File "/ext3/miniforge3/envs/visnet/lib/python3.9/site-packages/torch/nn/modules/module.py", line 1518, in _wrapped_call_impl
    return self._call_impl(*args, **kwargs)
  File "/ext3/miniforge3/envs/visnet/lib/python3.9/site-packages/torch/nn/modules/module.py", line 1527, in _call_impl
    return forward_call(*args, **kwargs)
  File "/scratch/cz2200/aib9/mse_training/vae_decoder_new.py", line 45, in forward
    x, v = self.representation_model(data)
  File "/ext3/miniforge3/envs/visnet/lib/python3.9/site-packages/torch/nn/modules/module.py", line 1518, in _wrapped_call_impl
    return self._call_impl(*args, **kwargs)
  File "/ext3/miniforge3/envs/visnet/lib/python3.9/site-packages/torch/nn/modules/module.py", line 1527, in _call_impl
    return forward_call(*args, **kwargs)
  File "/scratch/cz2200/aib9/visnet/models/visnet_block.py", line 132, in forward
    dx, dvec, _ = self.vis_mp_layers[-1](x, vec, edge_index, edge_weight, edge_attr, edge_vec)
  File "/ext3/miniforge3/envs/visnet/lib/python3.9/site-packages/torch/nn/modules/module.py", line 1518, in _wrapped_call_impl
    return self._call_impl(*args, **kwargs)
  File "/ext3/miniforge3/envs/visnet/lib/python3.9/site-packages/torch/nn/modules/module.py", line 1527, in _call_impl
    return forward_call(*args, **kwargs)
  File "/scratch/cz2200/aib9/visnet/models/visnet_block.py", line 331, in forward
    x = self.layernorm(x)
  File "/ext3/miniforge3/envs/visnet/lib/python3.9/site-packages/torch/nn/modules/module.py", line 1518, in _wrapped_call_impl
    return self._call_impl(*args, **kwargs)
  File "/ext3/miniforge3/envs/visnet/lib/python3.9/site-packages/torch/nn/modules/module.py", line 1527, in _call_impl
    return forward_call(*args, **kwargs)
  File "/ext3/miniforge3/envs/visnet/lib/python3.9/site-packages/torch/nn/modules/normalization.py", line 196, in forward
    return F.layer_norm(
  File "/ext3/miniforge3/envs/visnet/lib/python3.9/site-packages/torch/nn/functional.py", line 2543, in layer_norm
    return torch.layer_norm(input, normalized_shape, weight, bias, eps, torch.backends.cudnn.enabled)
 (Triggered internally at ../torch/csrc/autograd/python_anomaly_mode.cpp:114.)
  Variable._execution_engine.run_backward(  # Calls into the C++ engine to run the backward pass
  Debug - kl: 200.0000, recon_loss: 72.6533
  Debug - Î¼Â²: 0.0000, log_var: 0.1313, exp(log_var): 1.3961
  Debug - kl: 200.0000, recon_loss: 72.3031
  Debug - Î¼Â²: 0.0000, log_var: 0.0700, exp(log_var): 1.2910
  Debug - kl: 200.0000, recon_loss: 71.7333
  Debug - Î¼Â²: 0.0000, log_var: -0.0907, exp(log_var): 1.0522
  Debug - kl: 200.0000, recon_loss: 72.2169
  Debug - Î¼Â²: 0.0000, log_var: -0.1852, exp(log_var): 0.9497
Traceback (most recent call last):
  File "/scratch/cz2200/aib9/train_vae_equivar.py", line 445, in <module>
    main()
  File "/scratch/cz2200/aib9/train_vae_equivar.py", line 319, in main
    scaler.scale(loss).backward()
  File "/ext3/miniforge3/envs/visnet/lib/python3.9/site-packages/torch/_tensor.py", line 492, in backward
    torch.autograd.backward(
  File "/ext3/miniforge3/envs/visnet/lib/python3.9/site-packages/torch/autograd/__init__.py", line 251, in backward
    Variable._execution_engine.run_backward(  # Calls into the C++ engine to run the backward pass
RuntimeError: Function 'NativeLayerNormBackward0' returned nan values in its 0th output.
[1;34mwandb[0m: 
[1;34mwandb[0m: ðŸš€ View run [33mfast-sun-214[0m at: [34m[0m
[1;34mwandb[0m: Find logs at: [1;35mwandb/run-20251027_232048-lz9pqsuv/logs[0m
