/ext3/miniforge3/envs/visnet/lib/python3.9/site-packages/lightning_fabric/__init__.py:40: pkg_resources is deprecated as an API. See https://setuptools.pypa.io/en/latest/pkg_resources.html. The pkg_resources package is slated for removal as early as 2025-11-30. Refrain from using this package or pin to Setuptools<81.
wandb: Currently logged in as: chriszhang09 (chriszhang09-new-york-university) to https://api.wandb.ai. Use `wandb login --relogin` to force relogin
/ext3/miniforge3/envs/visnet/lib/python3.9/site-packages/wandb/analytics/sentry.py:263: DeprecationWarning: The `Scope.user` setter is deprecated in favor of `Scope.set_user()`.
  self.scope.user = {"email": email}
wandb: setting up run xl666bex
/ext3/miniforge3/envs/visnet/lib/python3.9/site-packages/wandb/analytics/sentry.py:263: DeprecationWarning: The `Scope.user` setter is deprecated in favor of `Scope.set_user()`.
  self.scope.user = {"email": email}
wandb: Tracking run with wandb version 0.22.1
wandb: Run data is saved locally in /scratch/cz2200/aib9/wandb/run-20251026_192535-xl666bex
wandb: Run `wandb offline` to turn off syncing.
wandb: Syncing run different-deluge-202
wandb: â­ï¸ View project at https://wandb.ai/chriszhang09-new-york-university/aib9-vae-pairwise
wandb: ðŸš€ View run at https://wandb.ai/chriszhang09-new-york-university/aib9-vae-pairwise/runs/xl666bex
/ext3/miniforge3/envs/visnet/lib/python3.9/site-packages/torch_geometric/nn/conv/message_passing.py:1032: UserWarning: 'NeighborEmbedding.jittable' is deprecated and a no-op. Please remove its usage.
  warnings.warn(f"'{self.__class__.__name__}.jittable' is deprecated "
/ext3/miniforge3/envs/visnet/lib/python3.9/site-packages/torch_geometric/nn/conv/message_passing.py:1032: UserWarning: 'EdgeEmbedding.jittable' is deprecated and a no-op. Please remove its usage.
  warnings.warn(f"'{self.__class__.__name__}.jittable' is deprecated "
/ext3/miniforge3/envs/visnet/lib/python3.9/site-packages/torch_geometric/nn/conv/message_passing.py:1032: UserWarning: 'ViS_MP_Vertex_Edge.jittable' is deprecated and a no-op. Please remove its usage.
  warnings.warn(f"'{self.__class__.__name__}.jittable' is deprecated "
Original data shape: (1000000, 58, 3)
CV shape: (1000000, 2)
Using CUDA device: Quadro RTX 8000
CUDA memory: 47.8 GB
Testing model with dummy data...
Model test passed - no NaN in dummy forward pass

============================================================
Starting Training - 389312 samples
Model parameters: 7,936,260
Loss type: MSE (coordinate-based)
============================================================

Traceback (most recent call last):
  File "/scratch/cz2200/aib9/train_vae_equivar.py", line 440, in <module>
    main()
  File "/scratch/cz2200/aib9/train_vae_equivar.py", line 286, in main
    recon_loss = pairwise_distance_loss(recon_batch, molecules.pos, 2)
  File "/scratch/cz2200/aib9/train_vae_equivar.py", line 29, in pairwise_distance_loss
    true_distances = torch.pdist(true_coords, p=p)
RuntimeError: "pdist_cuda" not implemented for 'Half'
[1;34mwandb[0m: 
[1;34mwandb[0m: ðŸš€ View run [33mdifferent-deluge-202[0m at: [34m[0m
[1;34mwandb[0m: Find logs at: [1;35mwandb/run-20251026_192535-xl666bex/logs[0m
