/ext3/miniforge3/envs/visnet/lib/python3.9/site-packages/lightning_fabric/__init__.py:40: pkg_resources is deprecated as an API. See https://setuptools.pypa.io/en/latest/pkg_resources.html. The pkg_resources package is slated for removal as early as 2025-11-30. Refrain from using this package or pin to Setuptools<81.
wandb: Tracking run with wandb version 0.22.1
wandb: W&B syncing is set to `offline` in this directory. Run `wandb online` or set WANDB_MODE=online to enable cloud syncing.
wandb: Run data is saved locally in /scratch/cz2200/aib9/wandb/offline-run-20251024_234624-x9fvzbbw
/ext3/miniforge3/envs/visnet/lib/python3.9/site-packages/torch_geometric/nn/conv/message_passing.py:1032: UserWarning: 'NeighborEmbedding.jittable' is deprecated and a no-op. Please remove its usage.
  warnings.warn(f"'{self.__class__.__name__}.jittable' is deprecated "
/ext3/miniforge3/envs/visnet/lib/python3.9/site-packages/torch_geometric/nn/conv/message_passing.py:1032: UserWarning: 'EdgeEmbedding.jittable' is deprecated and a no-op. Please remove its usage.
  warnings.warn(f"'{self.__class__.__name__}.jittable' is deprecated "
/ext3/miniforge3/envs/visnet/lib/python3.9/site-packages/torch_geometric/nn/conv/message_passing.py:1032: UserWarning: 'ViS_MP_Vertex_Edge.jittable' is deprecated and a no-op. Please remove its usage.
  warnings.warn(f"'{self.__class__.__name__}.jittable' is deprecated "
wandb: 
wandb: Run history:
wandb:                          epoch ▁
wandb:                  learning_rate ▁
wandb:                  train_kl_loss ▁
wandb:                     train_loss ▁
wandb:               train_recon_loss ▁
wandb:                  val/bond_loss ▁█
wandb:                val/latent_mean ▁█
wandb:                 val/latent_std ▁█
wandb: val/mean_bond_length_generated ▁█
wandb:  val/mean_bond_length_original ▁▁
wandb:                             +5 ...
wandb: 
wandb: Run summary:
wandb:                          epoch 1
wandb:                  gradient_norm nan
wandb:                  learning_rate 1e-05
wandb:                  train_kl_loss 1e-05
wandb:                     train_loss 68.83544
wandb:               train_recon_loss 68.83542
wandb:                  val/bond_loss 1.07017
wandb:                val/latent_mean -0.0
wandb:                 val/latent_std 0.00135
wandb: val/mean_bond_length_generated 2.14533
wandb:                             +5 ...
wandb: 
wandb: You can sync this run to the cloud by running:
wandb: wandb sync /scratch/cz2200/aib9/wandb/offline-run-20251024_234624-x9fvzbbw
wandb: Find logs at: ./wandb/offline-run-20251024_234624-x9fvzbbw/logs
Original data shape: (10000, 58, 3)
CV shape: (10000, 2)
Using CUDA device: Tesla V100-PCIE-32GB
CUDA memory: 34.1 GB
Successfully initialized bias for log_var outputs to: 0.00

============================================================
Starting Training - 3784 samples
Model parameters: 7,188,741
Loss type: MSE (coordinate-based)
============================================================

Warning: NaN in vector features
Warning: NaN in position update messages
Warning: NaN in scalar features
Warning: NaN in vector features
  Debug - kl: 0.0000, recon_loss: 71.8429
  Debug - μ²: 0.0000, log_var: 0.0000, exp(log_var): 1.0000
Warning: NaN in vector features
Warning: NaN in position update messages
Warning: NaN in scalar features
Warning: NaN in vector features
  Debug - kl: 0.0000, recon_loss: 66.2092
  Debug - μ²: 0.0000, log_var: 0.0000, exp(log_var): 1.0000
Warning: NaN in vector features
Warning: NaN in position update messages
Warning: NaN in scalar features
Warning: NaN in vector features
  Debug - kl: 0.0000, recon_loss: 72.8396
  Debug - μ²: 0.0000, log_var: 0.0000, exp(log_var): 1.0000
Warning: NaN in vector features
Warning: NaN in position update messages
Warning: NaN in scalar features
Warning: NaN in vector features
  Debug - kl: 0.0000, recon_loss: 68.9642
  Debug - μ²: 0.0000, log_var: -0.0000, exp(log_var): 1.0000
Warning: NaN in vector features
Warning: NaN in position update messages
Warning: NaN in scalar features
Warning: NaN in vector features
  Debug - kl: 0.0000, recon_loss: 64.9297
  Debug - μ²: 0.0000, log_var: 0.0000, exp(log_var): 1.0000
Warning: NaN in vector features
Warning: NaN in position update messages
Warning: NaN in scalar features
Warning: NaN in vector features
  Debug - kl: 0.0000, recon_loss: 70.0050
  Debug - μ²: 0.0000, log_var: 0.0000, exp(log_var): 1.0000
Warning: NaN in vector features
Warning: NaN in position update messages
Warning: NaN in scalar features
Warning: NaN in vector features
  Debug - kl: 0.0000, recon_loss: 67.5333
  Debug - μ²: 0.0000, log_var: 0.0000, exp(log_var): 1.0000
Warning: NaN in vector features
Warning: NaN in position update messages
Warning: NaN in scalar features
Warning: NaN in vector features
  Debug - kl: 0.0000, recon_loss: 65.6579
  Debug - μ²: 0.0000, log_var: 0.0000, exp(log_var): 1.0000
Warning: NaN in vector features
Warning: NaN in position update messages
Warning: NaN in scalar features
Warning: NaN in vector features
  Debug - kl: 0.0000, recon_loss: 67.2669
  Debug - μ²: 0.0000, log_var: -0.0000, exp(log_var): 1.0000
Warning: NaN in vector features
Warning: NaN in position update messages
Warning: NaN in scalar features
Warning: NaN in vector features
  Debug - kl: 0.0000, recon_loss: 68.0342
  Debug - μ²: 0.0000, log_var: 0.0000, exp(log_var): 1.0000
Warning: NaN in vector features
Warning: NaN in position update messages
Warning: NaN in scalar features
Warning: NaN in vector features
  Debug - kl: 0.0000, recon_loss: 67.0088
  Debug - μ²: 0.0000, log_var: 0.0000, exp(log_var): 1.0000
Warning: NaN in vector features
Warning: NaN in position update messages
Warning: NaN in scalar features
Warning: NaN in vector features
  Debug - kl: 0.0000, recon_loss: 71.9467
  Debug - μ²: 0.0000, log_var: 0.0000, exp(log_var): 1.0000
Warning: NaN in vector features
Warning: NaN in position update messages
Warning: NaN in scalar features
Warning: NaN in vector features
  Debug - kl: 0.0000, recon_loss: 66.3475
  Debug - μ²: 0.0000, log_var: 0.0000, exp(log_var): 1.0000
Warning: NaN in vector features
Warning: NaN in position update messages
Warning: NaN in scalar features
Warning: NaN in vector features
  Debug - kl: 0.0000, recon_loss: 70.9486
  Debug - μ²: 0.0000, log_var: 0.0000, exp(log_var): 1.0000
Warning: NaN in vector features
Warning: NaN in position update messages
Warning: NaN in scalar features
Warning: NaN in vector features
  Debug - kl: 0.0000, recon_loss: 70.4704
  Debug - μ²: 0.0000, log_var: 0.0000, exp(log_var): 1.0000
Warning: NaN in vector features
Warning: NaN in position update messages
Warning: NaN in scalar features
Warning: NaN in vector features
  Debug - kl: 0.0000, recon_loss: 69.9544
  Debug - μ²: 0.0000, log_var: 0.0000, exp(log_var): 1.0000
Warning: NaN in vector features
Warning: NaN in position update messages
Warning: NaN in scalar features
Warning: NaN in vector features
  Debug - kl: 0.0000, recon_loss: 65.9640
  Debug - μ²: 0.0000, log_var: 0.0000, exp(log_var): 1.0000
Warning: NaN in vector features
Warning: NaN in position update messages
Warning: NaN in scalar features
Warning: NaN in vector features
  Debug - kl: 0.0000, recon_loss: 67.9414
  Debug - μ²: 0.0000, log_var: 0.0000, exp(log_var): 1.0000
Warning: NaN in vector features
Warning: NaN in position update messages
Warning: NaN in scalar features
Warning: NaN in vector features
  Debug - kl: 0.0000, recon_loss: 72.3087
  Debug - μ²: 0.0000, log_var: 0.0000, exp(log_var): 1.0000
Warning: NaN in vector features
Warning: NaN in position update messages
Warning: NaN in scalar features
Warning: NaN in vector features
  Debug - kl: 0.0000, recon_loss: 68.2942
  Debug - μ²: 0.0000, log_var: -0.0000, exp(log_var): 1.0000
Warning: NaN in vector features
Warning: NaN in position update messages
Warning: NaN in scalar features
Warning: NaN in vector features
  Debug - kl: 0.0000, recon_loss: 67.7414
  Debug - μ²: 0.0000, log_var: -0.0000, exp(log_var): 1.0000
Warning: NaN in vector features
Warning: NaN in position update messages
Warning: NaN in scalar features
Warning: NaN in vector features
  Debug - kl: 0.0000, recon_loss: 66.7883
  Debug - μ²: 0.0000, log_var: -0.0000, exp(log_var): 1.0000
Warning: NaN in vector features
Warning: NaN in position update messages
Warning: NaN in scalar features
Warning: NaN in vector features
  Debug - kl: 0.0000, recon_loss: 69.4254
  Debug - μ²: 0.0000, log_var: 0.0000, exp(log_var): 1.0000
Warning: NaN in vector features
Warning: NaN in position update messages
Warning: NaN in scalar features
Warning: NaN in vector features
  Debug - kl: 0.0000, recon_loss: 70.1289
  Debug - μ²: 0.0000, log_var: -0.0000, exp(log_var): 1.0000
Warning: NaN in vector features
Warning: NaN in position update messages
Warning: NaN in scalar features
Warning: NaN in vector features
  Debug - kl: 0.0000, recon_loss: 65.2564
  Debug - μ²: 0.0000, log_var: -0.0000, exp(log_var): 1.0000
Warning: NaN in vector features
Warning: NaN in position update messages
Warning: NaN in scalar features
Warning: NaN in vector features
  Debug - kl: 0.0000, recon_loss: 71.6013
  Debug - μ²: 0.0000, log_var: 0.0000, exp(log_var): 1.0000
Warning: NaN in vector features
Warning: NaN in position update messages
Warning: NaN in scalar features
Warning: NaN in vector features
  Debug - kl: 0.0000, recon_loss: 66.8268
  Debug - μ²: 0.0000, log_var: 0.0000, exp(log_var): 1.0000
Warning: NaN in vector features
Warning: NaN in position update messages
Warning: NaN in scalar features
Warning: NaN in vector features
  Debug - kl: 0.0000, recon_loss: 70.1790
  Debug - μ²: 0.0000, log_var: 0.0000, exp(log_var): 1.0000
Warning: NaN in vector features
Warning: NaN in position update messages
Warning: NaN in scalar features
Warning: NaN in vector features
  Debug - kl: 0.0000, recon_loss: 70.3016
  Debug - μ²: 0.0000, log_var: 0.0000, exp(log_var): 1.0000
Warning: NaN in vector features
Warning: NaN in position update messages
Warning: NaN in scalar features
Warning: NaN in vector features
  Debug - kl: 0.0000, recon_loss: 67.4683
  Debug - μ²: 0.0000, log_var: -0.0000, exp(log_var): 1.0000
Warning: NaN in vector features
Warning: NaN in position update messages
Warning: NaN in scalar features
Warning: NaN in vector features
  Debug - kl: 0.0000, recon_loss: 68.3716
  Debug - μ²: 0.0000, log_var: 0.0000, exp(log_var): 1.0000
Warning: NaN in vector features
Warning: NaN in position update messages
Warning: NaN in scalar features
Warning: NaN in vector features
  Debug - kl: 0.0000, recon_loss: 68.3020
  Debug - μ²: 0.0000, log_var: 0.0000, exp(log_var): 1.0000
Warning: NaN in vector features
Warning: NaN in position update messages
Warning: NaN in scalar features
Warning: NaN in vector features
  Debug - kl: 0.0000, recon_loss: 66.5368
  Debug - μ²: 0.0000, log_var: -0.0000, exp(log_var): 1.0000
Warning: NaN in vector features
Warning: NaN in position update messages
Warning: NaN in scalar features
Warning: NaN in vector features
  Debug - kl: 0.0000, recon_loss: 70.0861
  Debug - μ²: 0.0000, log_var: 0.0000, exp(log_var): 1.0000
Warning: NaN in vector features
Warning: NaN in position update messages
Warning: NaN in scalar features
Warning: NaN in vector features
  Debug - kl: 0.0000, recon_loss: 69.7073
  Debug - μ²: 0.0000, log_var: 0.0000, exp(log_var): 1.0000
Warning: NaN in vector features
Warning: NaN in position update messages
Warning: NaN in scalar features
Warning: NaN in vector features
  Debug - kl: 0.0000, recon_loss: 69.0517
  Debug - μ²: 0.0000, log_var: -0.0000, exp(log_var): 1.0000
Warning: NaN in vector features
Warning: NaN in position update messages
Warning: NaN in scalar features
Warning: NaN in vector features
  Debug - kl: 0.0000, recon_loss: 68.7730
  Debug - μ²: 0.0000, log_var: -0.0000, exp(log_var): 1.0000
Warning: NaN in vector features
Warning: NaN in position update messages
Warning: NaN in scalar features
Warning: NaN in vector features
  Debug - kl: 0.0000, recon_loss: 71.7574
  Debug - μ²: 0.0000, log_var: 0.0000, exp(log_var): 1.0000
Warning: NaN in vector features
Warning: NaN in position update messages
Warning: NaN in scalar features
Warning: NaN in vector features
  Debug - kl: 0.0000, recon_loss: 68.8212
  Debug - μ²: 0.0000, log_var: 0.0000, exp(log_var): 1.0000
Warning: NaN in vector features
Warning: NaN in position update messages
Warning: NaN in scalar features
Warning: NaN in vector features
  Debug - kl: 0.0000, recon_loss: 70.0384
  Debug - μ²: 0.0000, log_var: -0.0000, exp(log_var): 1.0000
Warning: NaN in vector features
Warning: NaN in position update messages
Warning: NaN in scalar features
Warning: NaN in vector features
  Debug - kl: 0.0000, recon_loss: 68.4960
  Debug - μ²: 0.0000, log_var: 0.0000, exp(log_var): 1.0000
Warning: NaN in vector features
Warning: NaN in position update messages
Warning: NaN in scalar features
Warning: NaN in vector features
  Debug - kl: 0.0000, recon_loss: 66.9194
  Debug - μ²: 0.0000, log_var: 0.0000, exp(log_var): 1.0000
Warning: NaN in vector features
Warning: NaN in position update messages
Warning: NaN in scalar features
Warning: NaN in vector features
  Debug - kl: 0.0000, recon_loss: 67.1693
  Debug - μ²: 0.0000, log_var: 0.0000, exp(log_var): 1.0000
Warning: NaN in vector features
Warning: NaN in position update messages
Warning: NaN in scalar features
Warning: NaN in vector features
  Debug - kl: 0.0000, recon_loss: 69.6568
  Debug - μ²: 0.0000, log_var: 0.0000, exp(log_var): 1.0000
Warning: NaN in vector features
Warning: NaN in position update messages
Warning: NaN in scalar features
Warning: NaN in vector features
  Debug - kl: 0.0000, recon_loss: 69.9708
  Debug - μ²: 0.0000, log_var: -0.0000, exp(log_var): 1.0000
Warning: NaN in vector features
Warning: NaN in position update messages
Warning: NaN in scalar features
Warning: NaN in vector features
  Debug - kl: 0.0000, recon_loss: 67.9276
  Debug - μ²: 0.0000, log_var: -0.0000, exp(log_var): 1.0000
Warning: NaN in vector features
Warning: NaN in position update messages
Warning: NaN in scalar features
Warning: NaN in vector features
  Debug - kl: 0.0000, recon_loss: 70.3427
  Debug - μ²: 0.0000, log_var: -0.0000, exp(log_var): 1.0000
Warning: NaN in vector features
Warning: NaN in position update messages
Warning: NaN in scalar features
Warning: NaN in vector features
  Debug - kl: 0.0000, recon_loss: 67.9986
  Debug - μ²: 0.0000, log_var: 0.0000, exp(log_var): 1.0000
Warning: NaN in vector features
Warning: NaN in position update messages
Warning: NaN in scalar features
Warning: NaN in vector features
  Debug - kl: 0.0000, recon_loss: 70.3796
  Debug - μ²: 0.0000, log_var: -0.0000, exp(log_var): 1.0000
Warning: NaN in vector features
Warning: NaN in position update messages
Warning: NaN in scalar features
Warning: NaN in vector features
  Debug - kl: 0.0000, recon_loss: 66.9518
  Debug - μ²: 0.0000, log_var: 0.0000, exp(log_var): 1.0000
Warning: NaN in vector features
Warning: NaN in position update messages
Warning: NaN in scalar features
Warning: NaN in vector features
  Debug - kl: 0.0000, recon_loss: 69.5271
  Debug - μ²: 0.0000, log_var: 0.0000, exp(log_var): 1.0000
Warning: NaN in vector features
Warning: NaN in position update messages
Warning: NaN in scalar features
Warning: NaN in vector features
  Debug - kl: 0.0000, recon_loss: 63.4386
  Debug - μ²: 0.0000, log_var: -0.0000, exp(log_var): 1.0000
Warning: NaN in vector features
Warning: NaN in position update messages
Warning: NaN in scalar features
Warning: NaN in vector features
  Debug - kl: 0.0000, recon_loss: 71.0978
  Debug - μ²: 0.0000, log_var: -0.0000, exp(log_var): 1.0000
Warning: NaN in vector features
Warning: NaN in position update messages
Warning: NaN in scalar features
Warning: NaN in vector features
  Debug - kl: 0.0000, recon_loss: 65.0676
  Debug - μ²: 0.0000, log_var: 0.0000, exp(log_var): 1.0000
Warning: NaN in vector features
Warning: NaN in position update messages
Warning: NaN in scalar features
Warning: NaN in vector features
  Debug - kl: 0.0000, recon_loss: 63.7537
  Debug - μ²: 0.0000, log_var: -0.0000, exp(log_var): 1.0000
Warning: NaN in vector features
Warning: NaN in position update messages
Warning: NaN in scalar features
Warning: NaN in vector features
  Debug - kl: 0.0000, recon_loss: 71.4906
  Debug - μ²: 0.0000, log_var: 0.0000, exp(log_var): 1.0000
Warning: NaN in vector features
Warning: NaN in position update messages
Warning: NaN in scalar features
Warning: NaN in vector features
  Debug - kl: 0.0000, recon_loss: 66.6347
  Debug - μ²: 0.0000, log_var: 0.0000, exp(log_var): 1.0000
Warning: NaN in vector features
Warning: NaN in position update messages
Warning: NaN in scalar features
Warning: NaN in vector features
  Debug - kl: 0.0000, recon_loss: 69.5162
  Debug - μ²: 0.0000, log_var: -0.0000, exp(log_var): 1.0000
Warning: NaN in vector features
Warning: NaN in position update messages
Warning: NaN in scalar features
Warning: NaN in vector features
  Debug - kl: 0.0000, recon_loss: 66.5686
  Debug - μ²: 0.0000, log_var: -0.0000, exp(log_var): 1.0000
Warning: NaN in vector features
Warning: NaN in position update messages
Warning: NaN in scalar features
Warning: NaN in vector features
  Debug - kl: 0.0000, recon_loss: 67.7437
  Debug - μ²: 0.0000, log_var: 0.0000, exp(log_var): 1.0000
Warning: NaN in vector features
Warning: NaN in position update messages
Warning: NaN in scalar features
Warning: NaN in vector features
  Debug - kl: 0.0000, recon_loss: 69.5279
  Debug - μ²: 0.0000, log_var: 0.0000, exp(log_var): 1.0000
Warning: NaN in vector features
Warning: NaN in position update messages
Warning: NaN in scalar features
Warning: NaN in vector features
  Debug - kl: 0.0000, recon_loss: 69.2339
  Debug - μ²: 0.0000, log_var: 0.0000, exp(log_var): 1.0000
Warning: NaN in vector features
Warning: NaN in position update messages
Warning: NaN in scalar features
Warning: NaN in vector features
  Debug - kl: 0.0000, recon_loss: 69.1156
  Debug - μ²: 0.0000, log_var: 0.0000, exp(log_var): 1.0000
Warning: NaN in vector features
Warning: NaN in position update messages
Warning: NaN in scalar features
Warning: NaN in vector features
  Debug - kl: 0.0000, recon_loss: 69.0147
  Debug - μ²: 0.0000, log_var: -0.0000, exp(log_var): 1.0000
Warning: NaN in vector features
Warning: NaN in position update messages
Warning: NaN in scalar features
Warning: NaN in vector features
  Debug - kl: 0.0000, recon_loss: 70.6858
  Debug - μ²: 0.0000, log_var: 0.0000, exp(log_var): 1.0000
Warning: NaN in vector features
Warning: NaN in position update messages
Warning: NaN in scalar features
Warning: NaN in vector features
  Debug - kl: 0.0000, recon_loss: 68.6529
  Debug - μ²: 0.0000, log_var: 0.0000, exp(log_var): 1.0000
Warning: NaN in vector features
Warning: NaN in position update messages
Warning: NaN in scalar features
Warning: NaN in vector features
  Debug - kl: 0.0000, recon_loss: 65.9221
  Debug - μ²: 0.0000, log_var: -0.0000, exp(log_var): 1.0000
Warning: NaN in vector features
Warning: NaN in position update messages
Warning: NaN in scalar features
Warning: NaN in vector features
  Debug - kl: 0.0000, recon_loss: 70.3713
  Debug - μ²: 0.0000, log_var: 0.0000, exp(log_var): 1.0000
Warning: NaN in vector features
Warning: NaN in position update messages
Warning: NaN in scalar features
Warning: NaN in vector features
  Debug - kl: 0.0000, recon_loss: 69.4603
  Debug - μ²: 0.0000, log_var: 0.0000, exp(log_var): 1.0000
Warning: NaN in vector features
Warning: NaN in position update messages
Warning: NaN in scalar features
Warning: NaN in vector features
  Debug - kl: 0.0000, recon_loss: 69.2714
  Debug - μ²: 0.0000, log_var: 0.0000, exp(log_var): 1.0000
Warning: NaN in vector features
Warning: NaN in position update messages
Warning: NaN in scalar features
Warning: NaN in vector features
  Debug - kl: 0.0000, recon_loss: 69.5402
  Debug - μ²: 0.0000, log_var: 0.0000, exp(log_var): 1.0000
Warning: NaN in vector features
Warning: NaN in position update messages
Warning: NaN in scalar features
Warning: NaN in vector features
  Debug - kl: 0.0000, recon_loss: 68.1495
  Debug - μ²: 0.0000, log_var: 0.0000, exp(log_var): 1.0000
Warning: NaN in vector features
Warning: NaN in position update messages
Warning: NaN in scalar features
Warning: NaN in vector features
  Debug - kl: 0.0000, recon_loss: 70.2334
  Debug - μ²: 0.0000, log_var: -0.0000, exp(log_var): 1.0000
Warning: NaN in vector features
Warning: NaN in position update messages
Warning: NaN in scalar features
Warning: NaN in vector features
  Debug - kl: 0.0000, recon_loss: 70.3081
  Debug - μ²: 0.0000, log_var: 0.0000, exp(log_var): 1.0000
Warning: NaN in vector features
Warning: NaN in position update messages
Warning: NaN in scalar features
Warning: NaN in vector features
  Debug - kl: 0.0000, recon_loss: 69.4344
  Debug - μ²: 0.0000, log_var: 0.0000, exp(log_var): 1.0000
Warning: NaN in vector features
Warning: NaN in position update messages
Warning: NaN in scalar features
Warning: NaN in vector features
  Debug - kl: 0.0000, recon_loss: 64.2573
  Debug - μ²: 0.0000, log_var: -0.0000, exp(log_var): 1.0000
Warning: NaN in vector features
Warning: NaN in position update messages
Warning: NaN in scalar features
Warning: NaN in vector features
  Debug - kl: 0.0000, recon_loss: 68.4802
  Debug - μ²: 0.0000, log_var: 0.0000, exp(log_var): 1.0000
Warning: NaN in vector features
Warning: NaN in position update messages
Warning: NaN in scalar features
Warning: NaN in vector features
  Debug - kl: 0.0000, recon_loss: 68.5230
  Debug - μ²: 0.0000, log_var: 0.0000, exp(log_var): 1.0000
Warning: NaN in vector features
Warning: NaN in position update messages
Warning: NaN in scalar features
Warning: NaN in vector features
  Debug - kl: 0.0000, recon_loss: 69.0012
  Debug - μ²: 0.0000, log_var: -0.0000, exp(log_var): 1.0000
Warning: NaN in vector features
Warning: NaN in position update messages
Warning: NaN in scalar features
Warning: NaN in vector features
  Debug - kl: 0.0000, recon_loss: 66.7469
  Debug - μ²: 0.0000, log_var: 0.0000, exp(log_var): 1.0000
Warning: NaN in vector features
Warning: NaN in position update messages
Warning: NaN in scalar features
Warning: NaN in vector features
  Debug - kl: 0.0000, recon_loss: 70.4227
  Debug - μ²: 0.0000, log_var: -0.0000, exp(log_var): 1.0000
Warning: NaN in vector features
Warning: NaN in position update messages
Warning: NaN in scalar features
Warning: NaN in vector features
  Debug - kl: 0.0000, recon_loss: 69.1923
  Debug - μ²: 0.0000, log_var: 0.0000, exp(log_var): 1.0000
Warning: NaN in vector features
Warning: NaN in position update messages
Warning: NaN in scalar features
Warning: NaN in vector features
  Debug - kl: 0.0000, recon_loss: 70.6556
  Debug - μ²: 0.0000, log_var: -0.0000, exp(log_var): 1.0000
Warning: NaN in vector features
Warning: NaN in position update messages
Warning: NaN in scalar features
Warning: NaN in vector features
  Debug - kl: 0.0000, recon_loss: 69.5951
  Debug - μ²: 0.0000, log_var: 0.0000, exp(log_var): 1.0000
Warning: NaN in vector features
Warning: NaN in position update messages
Warning: NaN in scalar features
Warning: NaN in vector features
  Debug - kl: 0.0000, recon_loss: 69.1351
  Debug - μ²: 0.0000, log_var: 0.0000, exp(log_var): 1.0000
Warning: NaN in vector features
Warning: NaN in position update messages
Warning: NaN in scalar features
Warning: NaN in vector features
  Debug - kl: 0.0000, recon_loss: 67.6919
  Debug - μ²: 0.0000, log_var: 0.0000, exp(log_var): 1.0000
Warning: NaN in vector features
Warning: NaN in position update messages
Warning: NaN in scalar features
Warning: NaN in vector features
  Debug - kl: 0.0000, recon_loss: 68.9560
  Debug - μ²: 0.0000, log_var: 0.0000, exp(log_var): 1.0000
Warning: NaN in vector features
Warning: NaN in position update messages
Warning: NaN in scalar features
Warning: NaN in vector features
  Debug - kl: 0.0000, recon_loss: 71.2563
  Debug - μ²: 0.0000, log_var: 0.0000, exp(log_var): 1.0000
Warning: NaN in vector features
Warning: NaN in position update messages
Warning: NaN in scalar features
Warning: NaN in vector features
  Debug - kl: 0.0000, recon_loss: 71.6108
  Debug - μ²: 0.0000, log_var: 0.0000, exp(log_var): 1.0000
Warning: NaN in vector features
Warning: NaN in position update messages
Warning: NaN in scalar features
Warning: NaN in vector features
  Debug - kl: 0.0000, recon_loss: 63.6546
  Debug - μ²: 0.0000, log_var: 0.0000, exp(log_var): 1.0000
Warning: NaN in vector features
Warning: NaN in position update messages
Warning: NaN in scalar features
Warning: NaN in vector features
  Debug - kl: 0.0000, recon_loss: 68.5232
  Debug - μ²: 0.0000, log_var: -0.0000, exp(log_var): 1.0000
Warning: NaN in vector features
Warning: NaN in position update messages
Warning: NaN in scalar features
Warning: NaN in vector features
  Debug - kl: 0.0000, recon_loss: 68.7855
  Debug - μ²: 0.0000, log_var: 0.0000, exp(log_var): 1.0000
Warning: NaN in vector features
Warning: NaN in position update messages
Warning: NaN in scalar features
Warning: NaN in vector features
  Debug - kl: 0.0000, recon_loss: 70.7608
  Debug - μ²: 0.0000, log_var: 0.0000, exp(log_var): 1.0000
Warning: NaN in vector features
Warning: NaN in position update messages
Warning: NaN in scalar features
Warning: NaN in vector features
  Debug - kl: 0.0000, recon_loss: 68.5799
  Debug - μ²: 0.0000, log_var: 0.0000, exp(log_var): 1.0000
Warning: NaN in vector features
Warning: NaN in position update messages
Warning: NaN in scalar features
Warning: NaN in vector features
  Debug - kl: 0.0000, recon_loss: 69.5979
  Debug - μ²: 0.0000, log_var: 0.0000, exp(log_var): 1.0000
Warning: NaN in vector features
Warning: NaN in position update messages
Warning: NaN in scalar features
Warning: NaN in vector features
  Debug - kl: 0.0000, recon_loss: 66.7022
  Debug - μ²: 0.0000, log_var: 0.0000, exp(log_var): 1.0000
Warning: NaN in vector features
Warning: NaN in position update messages
Warning: NaN in scalar features
Warning: NaN in vector features
  Debug - kl: 0.0000, recon_loss: 66.6790
  Debug - μ²: 0.0000, log_var: 0.0000, exp(log_var): 1.0000
Warning: NaN in vector features
Warning: NaN in position update messages
Warning: NaN in scalar features
Warning: NaN in vector features
  Debug - kl: 0.0000, recon_loss: 71.9422
  Debug - μ²: 0.0000, log_var: -0.0000, exp(log_var): 1.0000
Warning: NaN in vector features
Warning: NaN in position update messages
Warning: NaN in scalar features
Warning: NaN in vector features
  Debug - kl: 0.0000, recon_loss: 66.2227
  Debug - μ²: 0.0000, log_var: -0.0000, exp(log_var): 1.0000
Warning: NaN in vector features
Warning: NaN in position update messages
Warning: NaN in scalar features
Warning: NaN in vector features
  Debug - kl: 0.0000, recon_loss: 68.9316
  Debug - μ²: 0.0000, log_var: -0.0000, exp(log_var): 1.0000
Warning: NaN in vector features
Warning: NaN in position update messages
Warning: NaN in scalar features
Warning: NaN in vector features
  Debug - kl: 0.0000, recon_loss: 70.2042
  Debug - μ²: 0.0000, log_var: 0.0000, exp(log_var): 1.0000
Warning: NaN in vector features
Warning: NaN in position update messages
Warning: NaN in scalar features
Warning: NaN in vector features
  Debug - kl: 0.0000, recon_loss: 65.6659
  Debug - μ²: 0.0000, log_var: 0.0000, exp(log_var): 1.0000
Warning: NaN in vector features
Warning: NaN in position update messages
Warning: NaN in scalar features
Warning: NaN in vector features
  Debug - kl: 0.0000, recon_loss: 70.9633
  Debug - μ²: 0.0000, log_var: 0.0000, exp(log_var): 1.0000
Warning: NaN in vector features
Warning: NaN in position update messages
Warning: NaN in scalar features
Warning: NaN in vector features
  Debug - kl: 0.0000, recon_loss: 70.5405
  Debug - μ²: 0.0000, log_var: 0.0000, exp(log_var): 1.0000
Warning: NaN in vector features
Warning: NaN in position update messages
Warning: NaN in scalar features
Warning: NaN in vector features
  Debug - kl: 0.0000, recon_loss: 71.2461
  Debug - μ²: 0.0000, log_var: 0.0000, exp(log_var): 1.0000
Warning: NaN in vector features
Warning: NaN in position update messages
Warning: NaN in scalar features
Warning: NaN in vector features
  Debug - kl: 0.0000, recon_loss: 66.9875
  Debug - μ²: 0.0000, log_var: 0.0000, exp(log_var): 1.0000
Warning: NaN in vector features
Warning: NaN in position update messages
Warning: NaN in scalar features
Warning: NaN in vector features
  Debug - kl: 0.0000, recon_loss: 69.0046
  Debug - μ²: 0.0000, log_var: 0.0000, exp(log_var): 1.0000
Warning: NaN in vector features
Warning: NaN in position update messages
Warning: NaN in scalar features
Warning: NaN in vector features
  Debug - kl: 0.0000, recon_loss: 67.5135
  Debug - μ²: 0.0000, log_var: 0.0000, exp(log_var): 1.0000
Warning: NaN in vector features
Warning: NaN in position update messages
Warning: NaN in scalar features
Warning: NaN in vector features
  Debug - kl: 0.0000, recon_loss: 65.2505
  Debug - μ²: 0.0000, log_var: 0.0000, exp(log_var): 1.0000
Warning: NaN in vector features
Warning: NaN in position update messages
Warning: NaN in scalar features
Warning: NaN in vector features
  Debug - kl: 0.0000, recon_loss: 67.5861
  Debug - μ²: 0.0000, log_var: 0.0000, exp(log_var): 1.0000
Warning: NaN in vector features
Warning: NaN in position update messages
Warning: NaN in scalar features
Warning: NaN in vector features
  Debug - kl: 0.0000, recon_loss: 72.7948
  Debug - μ²: 0.0000, log_var: -0.0000, exp(log_var): 1.0000
Warning: NaN in vector features
Warning: NaN in position update messages
Warning: NaN in scalar features
Warning: NaN in vector features
  Debug - kl: 0.0000, recon_loss: 65.4763
  Debug - μ²: 0.0000, log_var: 0.0000, exp(log_var): 1.0000
Warning: NaN in vector features
Warning: NaN in position update messages
Warning: NaN in scalar features
Warning: NaN in vector features
  Debug - kl: 0.0000, recon_loss: 69.6550
  Debug - μ²: 0.0000, log_var: -0.0000, exp(log_var): 1.0000
Warning: NaN in vector features
Warning: NaN in position update messages
Warning: NaN in scalar features
Warning: NaN in vector features
  Debug - kl: 0.0000, recon_loss: 69.8586
  Debug - μ²: 0.0000, log_var: 0.0000, exp(log_var): 1.0000
Warning: NaN in vector features
Warning: NaN in position update messages
Warning: NaN in scalar features
Warning: NaN in vector features
  Debug - kl: 0.0000, recon_loss: 68.8964
  Debug - μ²: 0.0000, log_var: 0.0000, exp(log_var): 1.0000
Warning: NaN in vector features
Warning: NaN in position update messages
Warning: NaN in scalar features
Warning: NaN in vector features
  Debug - kl: 0.0000, recon_loss: 69.2096
  Debug - μ²: 0.0000, log_var: 0.0000, exp(log_var): 1.0000
Warning: NaN in vector features
Warning: NaN in position update messages
Warning: NaN in scalar features
Warning: NaN in vector features
  Debug - kl: 0.0000, recon_loss: 67.9116
  Debug - μ²: 0.0000, log_var: 0.0000, exp(log_var): 1.0000
Warning: NaN in vector features
Warning: NaN in position update messages
Warning: NaN in scalar features
Warning: NaN in vector features
  Debug - kl: 0.0000, recon_loss: 69.5758
  Debug - μ²: 0.0000, log_var: 0.0000, exp(log_var): 1.0000
Warning: NaN in vector features
Warning: NaN in position update messages
Warning: NaN in scalar features
Warning: NaN in vector features
  Debug - kl: 0.0000, recon_loss: 70.5775
  Debug - μ²: 0.0000, log_var: 0.0000, exp(log_var): 1.0000
Warning: NaN in vector features
Warning: NaN in position update messages
Warning: NaN in scalar features
Warning: NaN in vector features
  Debug - kl: 0.0000, recon_loss: 65.7071
  Debug - μ²: 0.0000, log_var: 0.0000, exp(log_var): 1.0000
Warning: NaN in vector features
Warning: NaN in position update messages
Warning: NaN in scalar features
Warning: NaN in vector features
  Debug - kl: 0.0000, recon_loss: 67.7301
  Debug - μ²: 0.0000, log_var: 0.0000, exp(log_var): 1.0000
Warning: NaN in vector features
Warning: NaN in position update messages
Warning: NaN in scalar features
Warning: NaN in vector features
  Debug - kl: 0.0000, recon_loss: 67.8343
  Debug - μ²: 0.0000, log_var: 0.0000, exp(log_var): 1.0000
Warning: NaN in vector features
Warning: NaN in position update messages
Warning: NaN in scalar features
Warning: NaN in vector features
  Debug - kl: 0.0000, recon_loss: 65.6277
  Debug - μ²: 0.0000, log_var: -0.0000, exp(log_var): 1.0000
Warning: NaN in vector features
Warning: NaN in position update messages
Warning: NaN in scalar features
Warning: NaN in vector features
  Debug - kl: 0.0000, recon_loss: 70.3958
  Debug - μ²: 0.0000, log_var: 0.0000, exp(log_var): 1.0000
Warning: NaN in vector features
Warning: NaN in position update messages
Warning: NaN in scalar features
Warning: NaN in vector features
  Debug - kl: 0.0000, recon_loss: 68.0446
  Debug - μ²: 0.0000, log_var: 0.0000, exp(log_var): 1.0000
Warning: NaN in vector features
Warning: NaN in position update messages
Warning: NaN in scalar features
Warning: NaN in vector features
  Debug - kl: 0.0000, recon_loss: 70.9431
  Debug - μ²: 0.0000, log_var: -0.0000, exp(log_var): 1.0000
Warning: NaN in vector features
Warning: NaN in position update messages
Warning: NaN in scalar features
Warning: NaN in vector features
  Debug - kl: 0.0000, recon_loss: 68.0321
  Debug - μ²: 0.0000, log_var: -0.0000, exp(log_var): 1.0000
Warning: NaN in vector features
Warning: NaN in position update messages
Warning: NaN in scalar features
Warning: NaN in vector features
  Debug - kl: 0.0000, recon_loss: 68.5724
  Debug - μ²: 0.0000, log_var: -0.0000, exp(log_var): 1.0000
Warning: NaN in vector features
Warning: NaN in position update messages
Warning: NaN in scalar features
Warning: NaN in vector features
  Debug - kl: 0.0000, recon_loss: 69.6854
  Debug - μ²: 0.0000, log_var: -0.0000, exp(log_var): 1.0000
Warning: NaN in vector features
Warning: NaN in position update messages
Warning: NaN in scalar features
Warning: NaN in vector features
  Debug - kl: 0.0000, recon_loss: 69.0594
  Debug - μ²: 0.0000, log_var: -0.0000, exp(log_var): 1.0000
Warning: NaN in vector features
Warning: NaN in position update messages
Warning: NaN in scalar features
Warning: NaN in vector features
  Debug - kl: 0.0000, recon_loss: 68.5765
  Debug - μ²: 0.0000, log_var: 0.0000, exp(log_var): 1.0000
Warning: NaN in vector features
Warning: NaN in position update messages
Warning: NaN in scalar features
Warning: NaN in vector features
  Debug - kl: 0.0000, recon_loss: 73.2088
  Debug - μ²: 0.0000, log_var: 0.0000, exp(log_var): 1.0000
Warning: NaN in vector features
Warning: NaN in position update messages
Warning: NaN in scalar features
Warning: NaN in vector features
  Debug - kl: 0.0000, recon_loss: 68.4993
  Debug - μ²: 0.0000, log_var: -0.0000, exp(log_var): 1.0000
Warning: NaN in vector features
Warning: NaN in position update messages
Warning: NaN in scalar features
Warning: NaN in vector features
  Debug - kl: 0.0000, recon_loss: 69.1064
  Debug - μ²: 0.0000, log_var: 0.0000, exp(log_var): 1.0000
Warning: NaN in vector features
Warning: NaN in position update messages
Warning: NaN in scalar features
Warning: NaN in vector features
  Debug - kl: 0.0000, recon_loss: 69.8071
  Debug - μ²: 0.0000, log_var: 0.0000, exp(log_var): 1.0000
Warning: NaN in vector features
Warning: NaN in position update messages
Warning: NaN in scalar features
Warning: NaN in vector features
  Debug - kl: 0.0000, recon_loss: 65.8040
  Debug - μ²: 0.0000, log_var: 0.0000, exp(log_var): 1.0000
Warning: NaN in vector features
Warning: NaN in position update messages
Warning: NaN in scalar features
Warning: NaN in vector features
  Debug - kl: 0.0000, recon_loss: 69.3115
  Debug - μ²: 0.0000, log_var: 0.0000, exp(log_var): 1.0000
Warning: NaN in vector features
Warning: NaN in position update messages
Warning: NaN in scalar features
Warning: NaN in vector features
  Debug - kl: 0.0000, recon_loss: 66.0274
  Debug - μ²: 0.0000, log_var: 0.0000, exp(log_var): 1.0000
Warning: NaN in vector features
Warning: NaN in position update messages
Warning: NaN in scalar features
Warning: NaN in vector features
  Debug - kl: 0.0000, recon_loss: 69.4473
  Debug - μ²: 0.0000, log_var: 0.0000, exp(log_var): 1.0000
Warning: NaN in vector features
Warning: NaN in position update messages
Warning: NaN in scalar features
Warning: NaN in vector features
  Debug - kl: 0.0000, recon_loss: 68.9015
  Debug - μ²: 0.0000, log_var: 0.0000, exp(log_var): 1.0000
Warning: NaN in vector features
Warning: NaN in position update messages
Warning: NaN in scalar features
Warning: NaN in vector features
  Debug - kl: 0.0000, recon_loss: 64.5589
  Debug - μ²: 0.0000, log_var: -0.0000, exp(log_var): 1.0000
Warning: NaN in vector features
Warning: NaN in position update messages
Warning: NaN in scalar features
Warning: NaN in vector features
  Debug - kl: 0.0000, recon_loss: 67.9302
  Debug - μ²: 0.0000, log_var: 0.0000, exp(log_var): 1.0000
Warning: NaN in vector features
Warning: NaN in position update messages
Warning: NaN in scalar features
Warning: NaN in vector features
  Debug - kl: 0.0000, recon_loss: 70.7353
  Debug - μ²: 0.0000, log_var: 0.0000, exp(log_var): 1.0000
Warning: NaN in vector features
Warning: NaN in position update messages
Warning: NaN in scalar features
Warning: NaN in vector features
  Debug - kl: 0.0000, recon_loss: 69.2980
  Debug - μ²: 0.0000, log_var: 0.0000, exp(log_var): 1.0000
Warning: NaN in vector features
Warning: NaN in position update messages
Warning: NaN in scalar features
Warning: NaN in vector features
  Debug - kl: 0.0000, recon_loss: 69.6453
  Debug - μ²: 0.0000, log_var: 0.0000, exp(log_var): 1.0000
Warning: NaN in vector features
Warning: NaN in position update messages
Warning: NaN in scalar features
Warning: NaN in vector features
  Debug - kl: 0.0000, recon_loss: 69.1877
  Debug - μ²: 0.0000, log_var: 0.0000, exp(log_var): 1.0000
Warning: NaN in vector features
Warning: NaN in position update messages
Warning: NaN in scalar features
Warning: NaN in vector features
  Debug - kl: 0.0000, recon_loss: 67.6393
  Debug - μ²: 0.0000, log_var: 0.0000, exp(log_var): 1.0000
Warning: NaN in vector features
Warning: NaN in position update messages
Warning: NaN in scalar features
Warning: NaN in vector features
  Debug - kl: 0.0000, recon_loss: 66.4061
  Debug - μ²: 0.0000, log_var: -0.0000, exp(log_var): 1.0000
Warning: NaN in vector features
Warning: NaN in position update messages
Warning: NaN in scalar features
Warning: NaN in vector features
  Debug - kl: 0.0000, recon_loss: 67.9829
  Debug - μ²: 0.0000, log_var: 0.0000, exp(log_var): 1.0000
Warning: NaN in vector features
Warning: NaN in position update messages
Warning: NaN in scalar features
Warning: NaN in vector features
  Debug - kl: 0.0000, recon_loss: 71.5457
  Debug - μ²: 0.0000, log_var: -0.0000, exp(log_var): 1.0000
Warning: NaN in vector features
Warning: NaN in position update messages
Warning: NaN in scalar features
Warning: NaN in vector features
  Debug - kl: 0.0000, recon_loss: 69.0481
  Debug - μ²: 0.0000, log_var: 0.0000, exp(log_var): 1.0000
Warning: NaN in vector features
Warning: NaN in position update messages
Warning: NaN in scalar features
Warning: NaN in vector features
  Debug - kl: 0.0000, recon_loss: 71.0630
  Debug - μ²: 0.0000, log_var: 0.0000, exp(log_var): 1.0000
Warning: NaN in vector features
Warning: NaN in position update messages
Warning: NaN in scalar features
Warning: NaN in vector features
  Debug - kl: 0.0000, recon_loss: 72.5372
  Debug - μ²: 0.0000, log_var: 0.0000, exp(log_var): 1.0000
Warning: NaN in vector features
Warning: NaN in position update messages
Warning: NaN in scalar features
Warning: NaN in vector features
  Debug - kl: 0.0000, recon_loss: 69.2327
  Debug - μ²: 0.0000, log_var: 0.0000, exp(log_var): 1.0000
Warning: NaN in vector features
Warning: NaN in position update messages
Warning: NaN in scalar features
Warning: NaN in vector features
  Debug - kl: 0.0000, recon_loss: 67.9115
  Debug - μ²: 0.0000, log_var: 0.0000, exp(log_var): 1.0000
Warning: NaN in vector features
Warning: NaN in position update messages
Warning: NaN in scalar features
Warning: NaN in vector features
  Debug - kl: 0.0000, recon_loss: 67.8259
  Debug - μ²: 0.0000, log_var: -0.0000, exp(log_var): 1.0000
Warning: NaN in vector features
Warning: NaN in position update messages
Warning: NaN in scalar features
Warning: NaN in vector features
  Debug - kl: 0.0000, recon_loss: 64.9646
  Debug - μ²: 0.0000, log_var: 0.0000, exp(log_var): 1.0000
Warning: NaN in vector features
Warning: NaN in position update messages
Warning: NaN in scalar features
Warning: NaN in vector features
  Debug - kl: 0.0000, recon_loss: 68.9132
  Debug - μ²: 0.0000, log_var: 0.0000, exp(log_var): 1.0000
Warning: NaN in vector features
Warning: NaN in position update messages
Warning: NaN in scalar features
Warning: NaN in vector features
  Debug - kl: 0.0000, recon_loss: 69.7387
  Debug - μ²: 0.0000, log_var: -0.0000, exp(log_var): 1.0000
Warning: NaN in vector features
Warning: NaN in position update messages
Warning: NaN in scalar features
Warning: NaN in vector features
  Debug - kl: 0.0000, recon_loss: 71.5989
  Debug - μ²: 0.0000, log_var: 0.0000, exp(log_var): 1.0000
Warning: NaN in vector features
Warning: NaN in position update messages
Warning: NaN in scalar features
Warning: NaN in vector features
  Debug - kl: 0.0000, recon_loss: 69.3167
  Debug - μ²: 0.0000, log_var: 0.0000, exp(log_var): 1.0000
Warning: NaN in vector features
Warning: NaN in position update messages
Warning: NaN in scalar features
Warning: NaN in vector features
  Debug - kl: 0.0000, recon_loss: 71.1348
  Debug - μ²: 0.0000, log_var: 0.0000, exp(log_var): 1.0000
Warning: NaN in vector features
Warning: NaN in position update messages
Warning: NaN in scalar features
Warning: NaN in vector features
  Debug - kl: 0.0000, recon_loss: 66.8641
  Debug - μ²: 0.0000, log_var: 0.0000, exp(log_var): 1.0000
Warning: NaN in vector features
Warning: NaN in position update messages
Warning: NaN in scalar features
Warning: NaN in vector features
  Debug - kl: 0.0000, recon_loss: 68.9213
  Debug - μ²: 0.0000, log_var: 0.0000, exp(log_var): 1.0000
Warning: NaN in vector features
Warning: NaN in position update messages
Warning: NaN in scalar features
Warning: NaN in vector features
  Debug - kl: 0.0000, recon_loss: 67.1047
  Debug - μ²: 0.0000, log_var: 0.0000, exp(log_var): 1.0000
Warning: NaN in vector features
Warning: NaN in position update messages
Warning: NaN in scalar features
Warning: NaN in vector features
  Debug - kl: 0.0000, recon_loss: 67.3294
  Debug - μ²: 0.0000, log_var: 0.0000, exp(log_var): 1.0000
Warning: NaN in vector features
Warning: NaN in position update messages
Warning: NaN in scalar features
Warning: NaN in vector features
  Debug - kl: 0.0000, recon_loss: 70.8026
  Debug - μ²: 0.0000, log_var: 0.0000, exp(log_var): 1.0000
Warning: NaN in vector features
Warning: NaN in position update messages
Warning: NaN in scalar features
Warning: NaN in vector features
  Debug - kl: 0.0000, recon_loss: 66.5690
  Debug - μ²: 0.0000, log_var: 0.0000, exp(log_var): 1.0000
Warning: NaN in vector features
Warning: NaN in position update messages
Warning: NaN in scalar features
Warning: NaN in vector features
  Debug - kl: 0.0000, recon_loss: 68.4871
  Debug - μ²: 0.0000, log_var: 0.0000, exp(log_var): 1.0000
Warning: NaN in vector features
Warning: NaN in position update messages
Warning: NaN in scalar features
Warning: NaN in vector features
  Debug - kl: 0.0000, recon_loss: 69.9529
  Debug - μ²: 0.0000, log_var: 0.0000, exp(log_var): 1.0000
Warning: NaN in vector features
Warning: NaN in position update messages
Warning: NaN in scalar features
Warning: NaN in vector features
  Debug - kl: 0.0000, recon_loss: 69.9965
  Debug - μ²: 0.0000, log_var: 0.0000, exp(log_var): 1.0000
Warning: NaN in vector features
Warning: NaN in position update messages
Warning: NaN in scalar features
Warning: NaN in vector features
  Debug - kl: 0.0000, recon_loss: 64.7421
  Debug - μ²: 0.0000, log_var: -0.0000, exp(log_var): 1.0000
Warning: NaN in vector features
Warning: NaN in position update messages
Warning: NaN in scalar features
Warning: NaN in vector features
  Debug - kl: 0.0000, recon_loss: 67.4130
  Debug - μ²: 0.0000, log_var: 0.0000, exp(log_var): 1.0000
Warning: NaN in vector features
Warning: NaN in position update messages
Warning: NaN in scalar features
Warning: NaN in vector features
  Debug - kl: 0.0000, recon_loss: 68.0692
  Debug - μ²: 0.0000, log_var: 0.0000, exp(log_var): 1.0000
Warning: NaN in vector features
Warning: NaN in position update messages
Warning: NaN in scalar features
Warning: NaN in vector features
  Debug - kl: 0.0000, recon_loss: 68.0268
  Debug - μ²: 0.0000, log_var: 0.0000, exp(log_var): 1.0000
Warning: NaN in vector features
Warning: NaN in position update messages
Warning: NaN in scalar features
Warning: NaN in vector features
  Debug - kl: 0.0000, recon_loss: 70.9670
  Debug - μ²: 0.0000, log_var: 0.0000, exp(log_var): 1.0000
Warning: NaN in vector features
Warning: NaN in position update messages
Warning: NaN in scalar features
Warning: NaN in vector features
  Debug - kl: 0.0000, recon_loss: 68.7130
  Debug - μ²: 0.0000, log_var: 0.0000, exp(log_var): 1.0000
Warning: NaN in vector features
Warning: NaN in position update messages
Warning: NaN in scalar features
Warning: NaN in vector features
  Debug - kl: 0.0000, recon_loss: 69.2028
  Debug - μ²: 0.0000, log_var: -0.0000, exp(log_var): 1.0000
Warning: NaN in vector features
Warning: NaN in position update messages
Warning: NaN in scalar features
Warning: NaN in vector features
  Debug - kl: 0.0000, recon_loss: 69.7448
  Debug - μ²: 0.0000, log_var: 0.0000, exp(log_var): 1.0000
Warning: NaN in vector features
Warning: NaN in position update messages
Warning: NaN in scalar features
Warning: NaN in vector features
  Debug - kl: 0.0000, recon_loss: 71.0237
  Debug - μ²: 0.0000, log_var: 0.0000, exp(log_var): 1.0000
Warning: NaN in vector features
Warning: NaN in position update messages
Warning: NaN in scalar features
Warning: NaN in vector features
  Debug - kl: 0.0000, recon_loss: 67.0061
  Debug - μ²: 0.0000, log_var: -0.0000, exp(log_var): 1.0000
Warning: NaN in vector features
Warning: NaN in position update messages
Warning: NaN in scalar features
Warning: NaN in vector features
  Debug - kl: 0.0000, recon_loss: 69.7351
  Debug - μ²: 0.0000, log_var: 0.0000, exp(log_var): 1.0000
Warning: NaN in vector features
Warning: NaN in position update messages
Warning: NaN in scalar features
Warning: NaN in vector features
  Debug - kl: 0.0000, recon_loss: 70.6653
  Debug - μ²: 0.0000, log_var: 0.0000, exp(log_var): 1.0000
Warning: NaN in vector features
Warning: NaN in position update messages
Warning: NaN in scalar features
Warning: NaN in vector features
  Debug - kl: 0.0000, recon_loss: 69.2984
  Debug - μ²: 0.0000, log_var: -0.0000, exp(log_var): 1.0000
Warning: NaN in vector features
Warning: NaN in position update messages
Warning: NaN in scalar features
Warning: NaN in vector features
  Debug - kl: 0.0000, recon_loss: 74.7509
  Debug - μ²: 0.0000, log_var: 0.0000, exp(log_var): 1.0000
Warning: NaN in vector features
Warning: NaN in position update messages
Warning: NaN in scalar features
Warning: NaN in vector features
  Debug - kl: 0.0000, recon_loss: 68.9989
  Debug - μ²: 0.0000, log_var: 0.0000, exp(log_var): 1.0000
Warning: NaN in vector features
Warning: NaN in position update messages
Warning: NaN in scalar features
Warning: NaN in vector features
  Debug - kl: 0.0000, recon_loss: 66.7204
  Debug - μ²: 0.0000, log_var: 0.0000, exp(log_var): 1.0000
Warning: NaN in vector features
Warning: NaN in position update messages
Warning: NaN in scalar features
Warning: NaN in vector features
  Debug - kl: 0.0000, recon_loss: 68.4632
  Debug - μ²: 0.0000, log_var: -0.0000, exp(log_var): 1.0000
Warning: NaN in vector features
Warning: NaN in position update messages
Warning: NaN in scalar features
Warning: NaN in vector features
  Debug - kl: 0.0000, recon_loss: 68.8214
  Debug - μ²: 0.0000, log_var: 0.0000, exp(log_var): 1.0000
Warning: NaN in vector features
Warning: NaN in position update messages
Warning: NaN in scalar features
Warning: NaN in vector features
  Debug - kl: 0.0000, recon_loss: 71.5105
  Debug - μ²: 0.0000, log_var: 0.0000, exp(log_var): 1.0000
Warning: NaN in vector features
Warning: NaN in position update messages
Warning: NaN in scalar features
Warning: NaN in vector features
  Debug - kl: 0.0000, recon_loss: 68.1166
  Debug - μ²: 0.0000, log_var: 0.0000, exp(log_var): 1.0000
Warning: NaN in vector features
Warning: NaN in position update messages
Warning: NaN in scalar features
Warning: NaN in vector features
  Debug - kl: 0.0000, recon_loss: 67.3920
  Debug - μ²: 0.0000, log_var: -0.0000, exp(log_var): 1.0000
Warning: NaN in vector features
Warning: NaN in position update messages
Warning: NaN in scalar features
Warning: NaN in vector features
  Debug - kl: 0.0000, recon_loss: 69.5919
  Debug - μ²: 0.0000, log_var: 0.0000, exp(log_var): 1.0000
Warning: NaN in vector features
Warning: NaN in position update messages
Warning: NaN in scalar features
Warning: NaN in vector features
  Debug - kl: 0.0000, recon_loss: 69.2371
  Debug - μ²: 0.0000, log_var: 0.0000, exp(log_var): 1.0000
Warning: NaN in vector features
Warning: NaN in position update messages
Warning: NaN in scalar features
Warning: NaN in vector features
  Debug - kl: 0.0000, recon_loss: 71.2775
  Debug - μ²: 0.0000, log_var: 0.0000, exp(log_var): 1.0000
Warning: NaN in vector features
Warning: NaN in position update messages
Warning: NaN in scalar features
Warning: NaN in vector features
  Debug - kl: 0.0000, recon_loss: 69.6621
  Debug - μ²: 0.0000, log_var: 0.0000, exp(log_var): 1.0000
Warning: NaN in vector features
Warning: NaN in position update messages
Warning: NaN in scalar features
Warning: NaN in vector features
  Debug - kl: 0.0000, recon_loss: 69.7276
  Debug - μ²: 0.0000, log_var: 0.0000, exp(log_var): 1.0000
Warning: NaN in vector features
Warning: NaN in position update messages
Warning: NaN in scalar features
Warning: NaN in vector features
  Debug - kl: 0.0000, recon_loss: 65.5500
  Debug - μ²: 0.0000, log_var: -0.0000, exp(log_var): 1.0000
Warning: NaN in vector features
Warning: NaN in position update messages
Warning: NaN in scalar features
Warning: NaN in vector features
  Debug - kl: 0.0000, recon_loss: 66.7031
  Debug - μ²: 0.0000, log_var: 0.0000, exp(log_var): 1.0000
Warning: NaN in vector features
Warning: NaN in position update messages
Warning: NaN in scalar features
Warning: NaN in vector features
  Debug - kl: 0.0000, recon_loss: 68.3985
  Debug - μ²: 0.0000, log_var: 0.0000, exp(log_var): 1.0000
Warning: NaN in vector features
Warning: NaN in position update messages
Warning: NaN in scalar features
Warning: NaN in vector features
  Debug - kl: 0.0000, recon_loss: 69.0032
  Debug - μ²: 0.0000, log_var: -0.0000, exp(log_var): 1.0000
Warning: NaN in vector features
Warning: NaN in position update messages
Warning: NaN in scalar features
Warning: NaN in vector features
  Debug - kl: 0.0000, recon_loss: 71.4767
  Debug - μ²: 0.0000, log_var: 0.0000, exp(log_var): 1.0000
Warning: NaN in vector features
Warning: NaN in position update messages
Warning: NaN in scalar features
Warning: NaN in vector features
  Debug - kl: 0.0000, recon_loss: 68.7985
  Debug - μ²: 0.0000, log_var: -0.0000, exp(log_var): 1.0000
Warning: NaN in vector features
Warning: NaN in position update messages
Warning: NaN in scalar features
Warning: NaN in vector features
  Debug - kl: 0.0000, recon_loss: 68.9035
  Debug - μ²: 0.0000, log_var: 0.0000, exp(log_var): 1.0000
Warning: NaN in vector features
Warning: NaN in position update messages
Warning: NaN in scalar features
Warning: NaN in vector features
  Debug - kl: 0.0000, recon_loss: 68.3030
  Debug - μ²: 0.0000, log_var: 0.0000, exp(log_var): 1.0000
Warning: NaN in vector features
Warning: NaN in position update messages
Warning: NaN in scalar features
Warning: NaN in vector features
  Debug - kl: 0.0000, recon_loss: 68.5064
  Debug - μ²: 0.0000, log_var: 0.0000, exp(log_var): 1.0000
Warning: NaN in vector features
Warning: NaN in position update messages
Warning: NaN in scalar features
Warning: NaN in vector features
  Debug - kl: 0.0000, recon_loss: 65.4116
  Debug - μ²: 0.0000, log_var: -0.0000, exp(log_var): 1.0000
Warning: NaN in vector features
Warning: NaN in position update messages
Warning: NaN in scalar features
Warning: NaN in vector features
  Debug - kl: 0.0000, recon_loss: 67.7258
  Debug - μ²: 0.0000, log_var: 0.0000, exp(log_var): 1.0000
Warning: NaN in vector features
Warning: NaN in position update messages
Warning: NaN in scalar features
Warning: NaN in vector features
  Debug - kl: 0.0000, recon_loss: 69.0641
  Debug - μ²: 0.0000, log_var: 0.0000, exp(log_var): 1.0000
Warning: NaN in vector features
Warning: NaN in position update messages
Warning: NaN in scalar features
Warning: NaN in vector features
  Debug - kl: 0.0000, recon_loss: 74.0468
  Debug - μ²: 0.0000, log_var: 0.0000, exp(log_var): 1.0000
Warning: NaN in vector features
Warning: NaN in position update messages
Warning: NaN in scalar features
Warning: NaN in vector features
  Debug - kl: 0.0000, recon_loss: 72.1297
  Debug - μ²: 0.0000, log_var: 0.0000, exp(log_var): 1.0000
Warning: NaN in vector features
Warning: NaN in position update messages
Warning: NaN in scalar features
Warning: NaN in vector features
  Debug - kl: 0.0000, recon_loss: 70.4001
  Debug - μ²: 0.0000, log_var: 0.0000, exp(log_var): 1.0000
Warning: NaN in vector features
Warning: NaN in position update messages
Warning: NaN in scalar features
Warning: NaN in vector features
  Debug - kl: 0.0000, recon_loss: 73.4407
  Debug - μ²: 0.0000, log_var: 0.0000, exp(log_var): 1.0000
Warning: NaN in vector features
Warning: NaN in position update messages
Warning: NaN in scalar features
Warning: NaN in vector features
  Debug - kl: 0.0000, recon_loss: 67.6229
  Debug - μ²: 0.0000, log_var: 0.0000, exp(log_var): 1.0000
Warning: NaN in vector features
Warning: NaN in position update messages
Warning: NaN in scalar features
Warning: NaN in vector features
  Debug - kl: 0.0000, recon_loss: 70.0388
  Debug - μ²: 0.0000, log_var: 0.0000, exp(log_var): 1.0000
Warning: NaN in vector features
Warning: NaN in position update messages
Warning: NaN in scalar features
Warning: NaN in vector features
  Debug - kl: 0.0000, recon_loss: 69.4586
  Debug - μ²: 0.0000, log_var: 0.0000, exp(log_var): 1.0000
Warning: NaN in vector features
Warning: NaN in position update messages
Warning: NaN in scalar features
Warning: NaN in vector features
  Debug - kl: 0.0000, recon_loss: 69.2346
  Debug - μ²: 0.0000, log_var: 0.0000, exp(log_var): 1.0000
Warning: NaN in vector features
Warning: NaN in position update messages
Warning: NaN in scalar features
Warning: NaN in vector features
  Debug - kl: 0.0000, recon_loss: 71.0210
  Debug - μ²: 0.0000, log_var: 0.0000, exp(log_var): 1.0000
Warning: NaN in vector features
Warning: NaN in position update messages
Warning: NaN in scalar features
Warning: NaN in vector features
  Debug - kl: 0.0000, recon_loss: 69.8833
  Debug - μ²: 0.0000, log_var: 0.0000, exp(log_var): 1.0000
Warning: NaN in vector features
Warning: NaN in position update messages
Warning: NaN in scalar features
Warning: NaN in vector features
  Debug - kl: 0.0000, recon_loss: 68.9281
  Debug - μ²: 0.0000, log_var: 0.0000, exp(log_var): 1.0000
Warning: NaN in vector features
Warning: NaN in position update messages
Warning: NaN in scalar features
Warning: NaN in vector features
  Debug - kl: 0.0000, recon_loss: 65.0688
  Debug - μ²: 0.0000, log_var: 0.0000, exp(log_var): 1.0000
Warning: NaN in vector features
Warning: NaN in position update messages
Warning: NaN in scalar features
Warning: NaN in vector features
  Debug - kl: 0.0000, recon_loss: 70.4726
  Debug - μ²: 0.0000, log_var: 0.0000, exp(log_var): 1.0000
Warning: NaN in vector features
Warning: NaN in position update messages
Warning: NaN in scalar features
Warning: NaN in vector features
  Debug - kl: 0.0000, recon_loss: 64.1320
  Debug - μ²: 0.0000, log_var: 0.0000, exp(log_var): 1.0000
Warning: NaN in vector features
Warning: NaN in position update messages
Warning: NaN in scalar features
Warning: NaN in vector features
  Debug - kl: 0.0000, recon_loss: 68.4660
  Debug - μ²: 0.0000, log_var: 0.0000, exp(log_var): 1.0000
Warning: NaN in vector features
Warning: NaN in position update messages
Warning: NaN in scalar features
Warning: NaN in vector features
  Debug - kl: 0.0000, recon_loss: 67.0176
  Debug - μ²: 0.0000, log_var: 0.0000, exp(log_var): 1.0000
Warning: NaN in vector features
Warning: NaN in position update messages
Warning: NaN in scalar features
Warning: NaN in vector features
  Debug - kl: 0.0000, recon_loss: 71.0895
  Debug - μ²: 0.0000, log_var: 0.0000, exp(log_var): 1.0000
Warning: NaN in vector features
Warning: NaN in position update messages
Warning: NaN in scalar features
Warning: NaN in vector features
  Debug - kl: 0.0000, recon_loss: 67.8288
  Debug - μ²: 0.0000, log_var: 0.0000, exp(log_var): 1.0000
Warning: NaN in vector features
Warning: NaN in position update messages
Warning: NaN in scalar features
Warning: NaN in vector features
  Debug - kl: 0.0000, recon_loss: 70.0297
  Debug - μ²: 0.0000, log_var: 0.0000, exp(log_var): 1.0000
Warning: NaN in vector features
Warning: NaN in position update messages
Warning: NaN in scalar features
Warning: NaN in vector features
  Debug - kl: 0.0000, recon_loss: 69.5862
  Debug - μ²: 0.0000, log_var: 0.0000, exp(log_var): 1.0000
Warning: NaN in vector features
Warning: NaN in position update messages
Warning: NaN in scalar features
Warning: NaN in vector features
  Debug - kl: 0.0000, recon_loss: 71.4563
  Debug - μ²: 0.0000, log_var: 0.0000, exp(log_var): 1.0000
Warning: NaN in vector features
Warning: NaN in position update messages
Warning: NaN in scalar features
Warning: NaN in vector features
  Debug - kl: 0.0000, recon_loss: 70.6801
  Debug - μ²: 0.0000, log_var: -0.0000, exp(log_var): 1.0000
Warning: NaN in vector features
Warning: NaN in position update messages
Warning: NaN in scalar features
Warning: NaN in vector features
  Debug - kl: 0.0000, recon_loss: 66.4358
  Debug - μ²: 0.0000, log_var: -0.0000, exp(log_var): 1.0000
Warning: NaN in vector features
Warning: NaN in position update messages
Warning: NaN in scalar features
Warning: NaN in vector features
  Debug - kl: 0.0000, recon_loss: 70.3697
  Debug - μ²: 0.0000, log_var: 0.0000, exp(log_var): 1.0000
Warning: NaN in vector features
Warning: NaN in position update messages
Warning: NaN in scalar features
Warning: NaN in vector features
  Debug - kl: 0.0000, recon_loss: 67.3837
  Debug - μ²: 0.0000, log_var: -0.0000, exp(log_var): 1.0000
Warning: NaN in vector features
Warning: NaN in position update messages
Warning: NaN in scalar features
Warning: NaN in vector features
  Debug - kl: 0.0000, recon_loss: 66.4428
  Debug - μ²: 0.0000, log_var: 0.0000, exp(log_var): 1.0000
Warning: NaN in vector features
Warning: NaN in position update messages
Warning: NaN in scalar features
Warning: NaN in vector features
  Debug - kl: 0.0000, recon_loss: 72.1474
  Debug - μ²: 0.0000, log_var: 0.0000, exp(log_var): 1.0000
Warning: NaN in position update messages
Warning: NaN in scalar features
Warning: NaN in vector features
  Debug - kl: 0.0000, recon_loss: 71.8727
  Debug - μ²: 0.0000, log_var: -0.0000, exp(log_var): 1.0000
Epoch   1: Loss=68.8354 (Recon=68.8354, KL=0.0000) LR=5.00e-06
  → Generating samples and visualizations...

============================================================
Training complete! Generating final samples...
============================================================

Final model saved to: vae_model_pairwise_final_small_model_model.pth
