/ext3/miniforge3/envs/visnet/lib/python3.9/site-packages/lightning_fabric/__init__.py:40: pkg_resources is deprecated as an API. See https://setuptools.pypa.io/en/latest/pkg_resources.html. The pkg_resources package is slated for removal as early as 2025-11-30. Refrain from using this package or pin to Setuptools<81.
wandb: Currently logged in as: chriszhang09 (chriszhang09-new-york-university) to https://api.wandb.ai. Use `wandb login --relogin` to force relogin
/ext3/miniforge3/envs/visnet/lib/python3.9/site-packages/wandb/analytics/sentry.py:263: DeprecationWarning: The `Scope.user` setter is deprecated in favor of `Scope.set_user()`.
  self.scope.user = {"email": email}
/ext3/miniforge3/envs/visnet/lib/python3.9/site-packages/wandb/analytics/sentry.py:263: DeprecationWarning: The `Scope.user` setter is deprecated in favor of `Scope.set_user()`.
  self.scope.user = {"email": email}
wandb: Tracking run with wandb version 0.22.1
wandb: Run data is saved locally in /scratch/cz2200/aib9/wandb/run-20251027_210632-qdkpdfy7
wandb: Run `wandb offline` to turn off syncing.
wandb: Syncing run treasured-cherry-208
wandb: â­ï¸ View project at https://wandb.ai/chriszhang09-new-york-university/aib9-vae-pairwise
wandb: ðŸš€ View run at https://wandb.ai/chriszhang09-new-york-university/aib9-vae-pairwise/runs/qdkpdfy7
/ext3/miniforge3/envs/visnet/lib/python3.9/site-packages/torch_geometric/nn/conv/message_passing.py:1032: UserWarning: 'NeighborEmbedding.jittable' is deprecated and a no-op. Please remove its usage.
  warnings.warn(f"'{self.__class__.__name__}.jittable' is deprecated "
/ext3/miniforge3/envs/visnet/lib/python3.9/site-packages/torch_geometric/nn/conv/message_passing.py:1032: UserWarning: 'EdgeEmbedding.jittable' is deprecated and a no-op. Please remove its usage.
  warnings.warn(f"'{self.__class__.__name__}.jittable' is deprecated "
/ext3/miniforge3/envs/visnet/lib/python3.9/site-packages/torch_geometric/nn/conv/message_passing.py:1032: UserWarning: 'ViS_MP_Vertex_Edge.jittable' is deprecated and a no-op. Please remove its usage.
  warnings.warn(f"'{self.__class__.__name__}.jittable' is deprecated "
Original data shape: (1000000, 58, 3)
CV shape: (1000000, 2)
Using CUDA device: Quadro RTX 8000
CUDA memory: 47.8 GB
Testing model with dummy data...
Model test passed - no NaN in dummy forward pass

============================================================
Starting Training - 389312 samples
Model parameters: 7,770,100
Loss type: MSE (coordinate-based)
============================================================

