/ext3/miniforge3/envs/visnet/lib/python3.9/site-packages/lightning_fabric/__init__.py:40: pkg_resources is deprecated as an API. See https://setuptools.pypa.io/en/latest/pkg_resources.html. The pkg_resources package is slated for removal as early as 2025-11-30. Refrain from using this package or pin to Setuptools<81.
wandb: Tracking run with wandb version 0.22.1
wandb: W&B syncing is set to `offline` in this directory. Run `wandb online` or set WANDB_MODE=online to enable cloud syncing.
wandb: Run data is saved locally in /scratch/cz2200/aib9/wandb/offline-run-20251024_235223-7167eb5r
/ext3/miniforge3/envs/visnet/lib/python3.9/site-packages/torch_geometric/nn/conv/message_passing.py:1032: UserWarning: 'NeighborEmbedding.jittable' is deprecated and a no-op. Please remove its usage.
  warnings.warn(f"'{self.__class__.__name__}.jittable' is deprecated "
/ext3/miniforge3/envs/visnet/lib/python3.9/site-packages/torch_geometric/nn/conv/message_passing.py:1032: UserWarning: 'EdgeEmbedding.jittable' is deprecated and a no-op. Please remove its usage.
  warnings.warn(f"'{self.__class__.__name__}.jittable' is deprecated "
/ext3/miniforge3/envs/visnet/lib/python3.9/site-packages/torch_geometric/nn/conv/message_passing.py:1032: UserWarning: 'ViS_MP_Vertex_Edge.jittable' is deprecated and a no-op. Please remove its usage.
  warnings.warn(f"'{self.__class__.__name__}.jittable' is deprecated "
Original data shape: (10000, 58, 3)
CV shape: (10000, 2)
Using CUDA device: Tesla V100-PCIE-32GB
CUDA memory: 34.1 GB
Successfully initialized bias for log_var outputs to: 0.00
Traceback (most recent call last):
  File "/scratch/cz2200/aib9/train_vae_equivar.py", line 393, in <module>
    main()
  File "/scratch/cz2200/aib9/train_vae_equivar.py", line 168, in main
    model = MolecularVAEMSE(
  File "/scratch/cz2200/aib9/mse_training/vae_model_new.py", line 33, in __init__
    self.decoder = EquivariantDecoder(
  File "/scratch/cz2200/aib9/mse_training/vae_decoder_new.py", line 237, in __init__
    Takes latent scalars (z_s), latent vectors (z_v), and random positions (pos_rand)
  File "/scratch/cz2200/aib9/mse_training/vae_decoder_new.py", line 237, in <listcomp>
    Takes latent scalars (z_s), latent vectors (z_v), and random positions (pos_rand)
  File "/scratch/cz2200/aib9/mse_training/vae_decoder_new.py", line 56, in __init__
    self._initialize_weights()
  File "/ext3/miniforge3/envs/visnet/lib/python3.9/site-packages/torch/nn/modules/module.py", line 1695, in __getattr__
    raise AttributeError(f"'{type(self).__name__}' object has no attribute '{name}'")
AttributeError: 'EquivariantDecoderBlock' object has no attribute '_initialize_weights'
[1;34mwandb[0m: 
[1;34mwandb[0m: You can sync this run to the cloud by running:
[1;34mwandb[0m: [1mwandb sync /scratch/cz2200/aib9/wandb/offline-run-20251024_235223-7167eb5r[0m
[1;34mwandb[0m: Find logs at: [1;35mwandb/offline-run-20251024_235223-7167eb5r/logs[0m
