/ext3/miniforge3/envs/visnet/lib/python3.9/site-packages/lightning_fabric/__init__.py:40: pkg_resources is deprecated as an API. See https://setuptools.pypa.io/en/latest/pkg_resources.html. The pkg_resources package is slated for removal as early as 2025-11-30. Refrain from using this package or pin to Setuptools<81.
wandb: Tracking run with wandb version 0.22.1
wandb: W&B syncing is set to `offline` in this directory. Run `wandb online` or set WANDB_MODE=online to enable cloud syncing.
wandb: Run data is saved locally in /scratch/cz2200/aib9/wandb/offline-run-20251025_000033-h3g0mdpk
/ext3/miniforge3/envs/visnet/lib/python3.9/site-packages/torch_geometric/nn/conv/message_passing.py:1032: UserWarning: 'NeighborEmbedding.jittable' is deprecated and a no-op. Please remove its usage.
  warnings.warn(f"'{self.__class__.__name__}.jittable' is deprecated "
/ext3/miniforge3/envs/visnet/lib/python3.9/site-packages/torch_geometric/nn/conv/message_passing.py:1032: UserWarning: 'EdgeEmbedding.jittable' is deprecated and a no-op. Please remove its usage.
  warnings.warn(f"'{self.__class__.__name__}.jittable' is deprecated "
/ext3/miniforge3/envs/visnet/lib/python3.9/site-packages/torch_geometric/nn/conv/message_passing.py:1032: UserWarning: 'ViS_MP_Vertex_Edge.jittable' is deprecated and a no-op. Please remove its usage.
  warnings.warn(f"'{self.__class__.__name__}.jittable' is deprecated "
wandb: 
wandb: Run history:
wandb:                          epoch ▁
wandb:                  learning_rate ▁
wandb:                  train_kl_loss ▁
wandb:                     train_loss ▁
wandb:               train_recon_loss ▁
wandb:                  val/bond_loss ▁█
wandb:                val/latent_mean █▁
wandb:                 val/latent_std ▁█
wandb: val/mean_bond_length_generated ▁█
wandb:  val/mean_bond_length_original ▁▁
wandb:                             +5 ...
wandb: 
wandb: Run summary:
wandb:                          epoch 1
wandb:                  gradient_norm nan
wandb:                  learning_rate 1e-05
wandb:                  train_kl_loss 1e-05
wandb:                     train_loss 68.83131
wandb:               train_recon_loss 68.83129
wandb:                  val/bond_loss 1.07019
wandb:                val/latent_mean -0.0
wandb:                 val/latent_std 0.00135
wandb: val/mean_bond_length_generated 2.14536
wandb:                             +5 ...
wandb: 
wandb: You can sync this run to the cloud by running:
wandb: wandb sync /scratch/cz2200/aib9/wandb/offline-run-20251025_000033-h3g0mdpk
wandb: Find logs at: ./wandb/offline-run-20251025_000033-h3g0mdpk/logs
Original data shape: (10000, 58, 3)
CV shape: (10000, 2)
Using CUDA device: Tesla V100-PCIE-32GB
CUDA memory: 34.1 GB
Successfully initialized bias for log_var outputs to: 0.00

============================================================
Starting Training - 3784 samples
Model parameters: 7,188,741
Loss type: MSE (coordinate-based)
============================================================

Warning: NaN in m_v
Warning: NaN in pos_update_msg_v
Warning: NaN in scalar features
Warning: NaN in m_v
Warning: NaN in pos_update_msg_v
  Debug - kl: 0.0000, recon_loss: 69.3910
  Debug - μ²: 0.0000, log_var: -0.0000, exp(log_var): 1.0000
Warning: NaN in m_v
Warning: NaN in pos_update_msg_v
Warning: NaN in scalar features
Warning: NaN in m_v
Warning: NaN in pos_update_msg_v
  Debug - kl: 0.0000, recon_loss: 70.0354
  Debug - μ²: 0.0000, log_var: 0.0000, exp(log_var): 1.0000
Warning: NaN in m_v
Warning: NaN in pos_update_msg_v
Warning: NaN in scalar features
Warning: NaN in m_v
Warning: NaN in pos_update_msg_v
  Debug - kl: 0.0000, recon_loss: 67.5414
  Debug - μ²: 0.0000, log_var: -0.0000, exp(log_var): 1.0000
Warning: NaN in m_v
Warning: NaN in pos_update_msg_v
Warning: NaN in scalar features
Warning: NaN in m_v
Warning: NaN in pos_update_msg_v
  Debug - kl: 0.0000, recon_loss: 69.0031
  Debug - μ²: 0.0000, log_var: 0.0000, exp(log_var): 1.0000
Warning: NaN in m_v
Warning: NaN in pos_update_msg_v
Warning: NaN in scalar features
Warning: NaN in m_v
Warning: NaN in pos_update_msg_v
  Debug - kl: 0.0000, recon_loss: 68.9227
  Debug - μ²: 0.0000, log_var: 0.0000, exp(log_var): 1.0000
Warning: NaN in m_v
Warning: NaN in pos_update_msg_v
Warning: NaN in scalar features
Warning: NaN in m_v
Warning: NaN in pos_update_msg_v
  Debug - kl: 0.0000, recon_loss: 70.3569
  Debug - μ²: 0.0000, log_var: 0.0000, exp(log_var): 1.0000
Warning: NaN in m_v
Warning: NaN in pos_update_msg_v
Warning: NaN in scalar features
Warning: NaN in m_v
Warning: NaN in pos_update_msg_v
  Debug - kl: 0.0000, recon_loss: 67.9215
  Debug - μ²: 0.0000, log_var: -0.0000, exp(log_var): 1.0000
Warning: NaN in m_v
Warning: NaN in pos_update_msg_v
Warning: NaN in scalar features
Warning: NaN in m_v
Warning: NaN in pos_update_msg_v
  Debug - kl: 0.0000, recon_loss: 67.4843
  Debug - μ²: 0.0000, log_var: 0.0000, exp(log_var): 1.0000
Warning: NaN in m_v
Warning: NaN in pos_update_msg_v
Warning: NaN in scalar features
Warning: NaN in m_v
Warning: NaN in pos_update_msg_v
  Debug - kl: 0.0000, recon_loss: 70.2375
  Debug - μ²: 0.0000, log_var: -0.0000, exp(log_var): 1.0000
Warning: NaN in m_v
Warning: NaN in pos_update_msg_v
Warning: NaN in scalar features
Warning: NaN in m_v
Warning: NaN in pos_update_msg_v
  Debug - kl: 0.0000, recon_loss: 69.5075
  Debug - μ²: 0.0000, log_var: 0.0000, exp(log_var): 1.0000
Warning: NaN in m_v
Warning: NaN in pos_update_msg_v
Warning: NaN in scalar features
Warning: NaN in m_v
Warning: NaN in pos_update_msg_v
  Debug - kl: 0.0000, recon_loss: 69.0481
  Debug - μ²: 0.0000, log_var: -0.0000, exp(log_var): 1.0000
Warning: NaN in m_v
Warning: NaN in pos_update_msg_v
Warning: NaN in scalar features
Warning: NaN in m_v
Warning: NaN in pos_update_msg_v
  Debug - kl: 0.0000, recon_loss: 69.7572
  Debug - μ²: 0.0000, log_var: 0.0000, exp(log_var): 1.0000
Warning: NaN in m_v
Warning: NaN in pos_update_msg_v
Warning: NaN in scalar features
Warning: NaN in m_v
Warning: NaN in pos_update_msg_v
  Debug - kl: 0.0000, recon_loss: 67.5525
  Debug - μ²: 0.0000, log_var: -0.0000, exp(log_var): 1.0000
Warning: NaN in m_v
Warning: NaN in pos_update_msg_v
Warning: NaN in scalar features
Warning: NaN in m_v
Warning: NaN in pos_update_msg_v
  Debug - kl: 0.0000, recon_loss: 67.6037
  Debug - μ²: 0.0000, log_var: 0.0000, exp(log_var): 1.0000
Warning: NaN in m_v
Warning: NaN in pos_update_msg_v
Warning: NaN in scalar features
Warning: NaN in m_v
Warning: NaN in pos_update_msg_v
  Debug - kl: 0.0000, recon_loss: 69.9250
  Debug - μ²: 0.0000, log_var: 0.0000, exp(log_var): 1.0000
Warning: NaN in m_v
Warning: NaN in pos_update_msg_v
Warning: NaN in scalar features
Warning: NaN in m_v
Warning: NaN in pos_update_msg_v
  Debug - kl: 0.0000, recon_loss: 69.9632
  Debug - μ²: 0.0000, log_var: 0.0000, exp(log_var): 1.0000
Warning: NaN in m_v
Warning: NaN in pos_update_msg_v
Warning: NaN in scalar features
Warning: NaN in m_v
Warning: NaN in pos_update_msg_v
  Debug - kl: 0.0000, recon_loss: 68.0262
  Debug - μ²: 0.0000, log_var: -0.0000, exp(log_var): 1.0000
Warning: NaN in m_v
Warning: NaN in pos_update_msg_v
Warning: NaN in scalar features
Warning: NaN in m_v
Warning: NaN in pos_update_msg_v
  Debug - kl: 0.0000, recon_loss: 68.2037
  Debug - μ²: 0.0000, log_var: 0.0000, exp(log_var): 1.0000
Warning: NaN in m_v
Warning: NaN in pos_update_msg_v
Warning: NaN in scalar features
Warning: NaN in m_v
Warning: NaN in pos_update_msg_v
  Debug - kl: 0.0000, recon_loss: 70.1427
  Debug - μ²: 0.0000, log_var: -0.0000, exp(log_var): 1.0000
Warning: NaN in m_v
Warning: NaN in pos_update_msg_v
Warning: NaN in scalar features
Warning: NaN in m_v
Warning: NaN in pos_update_msg_v
  Debug - kl: 0.0000, recon_loss: 70.6134
  Debug - μ²: 0.0000, log_var: 0.0000, exp(log_var): 1.0000
Warning: NaN in m_v
Warning: NaN in pos_update_msg_v
Warning: NaN in scalar features
Warning: NaN in m_v
Warning: NaN in pos_update_msg_v
  Debug - kl: 0.0000, recon_loss: 67.6056
  Debug - μ²: 0.0000, log_var: 0.0000, exp(log_var): 1.0000
Warning: NaN in m_v
Warning: NaN in pos_update_msg_v
Warning: NaN in scalar features
Warning: NaN in m_v
Warning: NaN in pos_update_msg_v
  Debug - kl: 0.0000, recon_loss: 67.7106
  Debug - μ²: 0.0000, log_var: 0.0000, exp(log_var): 1.0000
Warning: NaN in m_v
Warning: NaN in pos_update_msg_v
Warning: NaN in scalar features
Warning: NaN in m_v
Warning: NaN in pos_update_msg_v
  Debug - kl: 0.0000, recon_loss: 68.5226
  Debug - μ²: 0.0000, log_var: 0.0000, exp(log_var): 1.0000
Warning: NaN in m_v
Warning: NaN in pos_update_msg_v
Warning: NaN in scalar features
Warning: NaN in m_v
Warning: NaN in pos_update_msg_v
  Debug - kl: 0.0000, recon_loss: 72.5227
  Debug - μ²: 0.0000, log_var: 0.0000, exp(log_var): 1.0000
Warning: NaN in m_v
Warning: NaN in pos_update_msg_v
Warning: NaN in scalar features
Warning: NaN in m_v
Warning: NaN in pos_update_msg_v
  Debug - kl: 0.0000, recon_loss: 68.7701
  Debug - μ²: 0.0000, log_var: 0.0000, exp(log_var): 1.0000
Warning: NaN in m_v
Warning: NaN in pos_update_msg_v
Warning: NaN in scalar features
Warning: NaN in m_v
Warning: NaN in pos_update_msg_v
  Debug - kl: 0.0000, recon_loss: 69.2043
  Debug - μ²: 0.0000, log_var: -0.0000, exp(log_var): 1.0000
Warning: NaN in m_v
Warning: NaN in pos_update_msg_v
Warning: NaN in scalar features
Warning: NaN in m_v
Warning: NaN in pos_update_msg_v
  Debug - kl: 0.0000, recon_loss: 66.5513
  Debug - μ²: 0.0000, log_var: 0.0000, exp(log_var): 1.0000
Warning: NaN in m_v
Warning: NaN in pos_update_msg_v
Warning: NaN in scalar features
Warning: NaN in m_v
Warning: NaN in pos_update_msg_v
  Debug - kl: 0.0000, recon_loss: 68.2969
  Debug - μ²: 0.0000, log_var: 0.0000, exp(log_var): 1.0000
Warning: NaN in m_v
Warning: NaN in pos_update_msg_v
Warning: NaN in scalar features
Warning: NaN in m_v
Warning: NaN in pos_update_msg_v
  Debug - kl: 0.0000, recon_loss: 65.9159
  Debug - μ²: 0.0000, log_var: -0.0000, exp(log_var): 1.0000
Warning: NaN in m_v
Warning: NaN in pos_update_msg_v
Warning: NaN in scalar features
Warning: NaN in m_v
Warning: NaN in pos_update_msg_v
  Debug - kl: 0.0000, recon_loss: 68.6093
  Debug - μ²: 0.0000, log_var: 0.0000, exp(log_var): 1.0000
Warning: NaN in m_v
Warning: NaN in pos_update_msg_v
Warning: NaN in scalar features
Warning: NaN in m_v
Warning: NaN in pos_update_msg_v
  Debug - kl: 0.0000, recon_loss: 69.7131
  Debug - μ²: 0.0000, log_var: 0.0000, exp(log_var): 1.0000
Warning: NaN in m_v
Warning: NaN in pos_update_msg_v
Warning: NaN in scalar features
Warning: NaN in m_v
Warning: NaN in pos_update_msg_v
  Debug - kl: 0.0000, recon_loss: 68.4634
  Debug - μ²: 0.0000, log_var: 0.0000, exp(log_var): 1.0000
Warning: NaN in m_v
Warning: NaN in pos_update_msg_v
Warning: NaN in scalar features
Warning: NaN in m_v
Warning: NaN in pos_update_msg_v
  Debug - kl: 0.0000, recon_loss: 70.4638
  Debug - μ²: 0.0000, log_var: 0.0000, exp(log_var): 1.0000
Warning: NaN in m_v
Warning: NaN in pos_update_msg_v
Warning: NaN in scalar features
Warning: NaN in m_v
Warning: NaN in pos_update_msg_v
  Debug - kl: 0.0000, recon_loss: 70.7243
  Debug - μ²: 0.0000, log_var: 0.0000, exp(log_var): 1.0000
Warning: NaN in m_v
Warning: NaN in pos_update_msg_v
Warning: NaN in scalar features
Warning: NaN in m_v
Warning: NaN in pos_update_msg_v
  Debug - kl: 0.0000, recon_loss: 70.2223
  Debug - μ²: 0.0000, log_var: 0.0000, exp(log_var): 1.0000
Warning: NaN in m_v
Warning: NaN in pos_update_msg_v
Warning: NaN in scalar features
Warning: NaN in m_v
Warning: NaN in pos_update_msg_v
  Debug - kl: 0.0000, recon_loss: 69.4879
  Debug - μ²: 0.0000, log_var: 0.0000, exp(log_var): 1.0000
Warning: NaN in m_v
Warning: NaN in pos_update_msg_v
Warning: NaN in scalar features
Warning: NaN in m_v
Warning: NaN in pos_update_msg_v
  Debug - kl: 0.0000, recon_loss: 70.2803
  Debug - μ²: 0.0000, log_var: 0.0000, exp(log_var): 1.0000
Warning: NaN in m_v
Warning: NaN in pos_update_msg_v
Warning: NaN in scalar features
Warning: NaN in m_v
Warning: NaN in pos_update_msg_v
  Debug - kl: 0.0000, recon_loss: 72.6885
  Debug - μ²: 0.0000, log_var: 0.0000, exp(log_var): 1.0000
Warning: NaN in m_v
Warning: NaN in pos_update_msg_v
Warning: NaN in scalar features
Warning: NaN in m_v
Warning: NaN in pos_update_msg_v
  Debug - kl: 0.0000, recon_loss: 68.3545
  Debug - μ²: 0.0000, log_var: 0.0000, exp(log_var): 1.0000
Warning: NaN in m_v
Warning: NaN in pos_update_msg_v
Warning: NaN in scalar features
Warning: NaN in m_v
Warning: NaN in pos_update_msg_v
  Debug - kl: 0.0000, recon_loss: 71.3862
  Debug - μ²: 0.0000, log_var: 0.0000, exp(log_var): 1.0000
Warning: NaN in m_v
Warning: NaN in pos_update_msg_v
Warning: NaN in scalar features
Warning: NaN in m_v
Warning: NaN in pos_update_msg_v
  Debug - kl: 0.0000, recon_loss: 70.1720
  Debug - μ²: 0.0000, log_var: -0.0000, exp(log_var): 1.0000
Warning: NaN in m_v
Warning: NaN in pos_update_msg_v
Warning: NaN in scalar features
Warning: NaN in m_v
Warning: NaN in pos_update_msg_v
  Debug - kl: 0.0000, recon_loss: 68.8619
  Debug - μ²: 0.0000, log_var: 0.0000, exp(log_var): 1.0000
Warning: NaN in m_v
Warning: NaN in pos_update_msg_v
Warning: NaN in scalar features
Warning: NaN in m_v
Warning: NaN in pos_update_msg_v
  Debug - kl: 0.0000, recon_loss: 65.5260
  Debug - μ²: 0.0000, log_var: 0.0000, exp(log_var): 1.0000
Warning: NaN in m_v
Warning: NaN in pos_update_msg_v
Warning: NaN in scalar features
Warning: NaN in m_v
Warning: NaN in pos_update_msg_v
  Debug - kl: 0.0000, recon_loss: 69.3919
  Debug - μ²: 0.0000, log_var: 0.0000, exp(log_var): 1.0000
Warning: NaN in m_v
Warning: NaN in pos_update_msg_v
Warning: NaN in scalar features
Warning: NaN in m_v
Warning: NaN in pos_update_msg_v
  Debug - kl: 0.0000, recon_loss: 67.7526
  Debug - μ²: 0.0000, log_var: -0.0000, exp(log_var): 1.0000
Warning: NaN in m_v
Warning: NaN in pos_update_msg_v
Warning: NaN in scalar features
Warning: NaN in m_v
Warning: NaN in pos_update_msg_v
  Debug - kl: 0.0000, recon_loss: 72.2154
  Debug - μ²: 0.0000, log_var: 0.0000, exp(log_var): 1.0000
Warning: NaN in m_v
Warning: NaN in pos_update_msg_v
Warning: NaN in scalar features
Warning: NaN in m_v
Warning: NaN in pos_update_msg_v
  Debug - kl: 0.0000, recon_loss: 69.0779
  Debug - μ²: 0.0000, log_var: 0.0000, exp(log_var): 1.0000
Warning: NaN in m_v
Warning: NaN in pos_update_msg_v
Warning: NaN in scalar features
Warning: NaN in m_v
Warning: NaN in pos_update_msg_v
  Debug - kl: 0.0000, recon_loss: 68.7538
  Debug - μ²: 0.0000, log_var: -0.0000, exp(log_var): 1.0000
Warning: NaN in m_v
Warning: NaN in pos_update_msg_v
Warning: NaN in scalar features
Warning: NaN in m_v
Warning: NaN in pos_update_msg_v
  Debug - kl: 0.0000, recon_loss: 70.6258
  Debug - μ²: 0.0000, log_var: 0.0000, exp(log_var): 1.0000
Warning: NaN in m_v
Warning: NaN in pos_update_msg_v
Warning: NaN in scalar features
Warning: NaN in m_v
Warning: NaN in pos_update_msg_v
  Debug - kl: 0.0000, recon_loss: 69.3660
  Debug - μ²: 0.0000, log_var: 0.0000, exp(log_var): 1.0000
Warning: NaN in m_v
Warning: NaN in pos_update_msg_v
Warning: NaN in scalar features
Warning: NaN in m_v
Warning: NaN in pos_update_msg_v
  Debug - kl: 0.0000, recon_loss: 68.6642
  Debug - μ²: 0.0000, log_var: 0.0000, exp(log_var): 1.0000
Warning: NaN in m_v
Warning: NaN in pos_update_msg_v
Warning: NaN in scalar features
Warning: NaN in m_v
Warning: NaN in pos_update_msg_v
  Debug - kl: 0.0000, recon_loss: 69.7224
  Debug - μ²: 0.0000, log_var: 0.0000, exp(log_var): 1.0000
Warning: NaN in m_v
Warning: NaN in pos_update_msg_v
Warning: NaN in scalar features
Warning: NaN in m_v
Warning: NaN in pos_update_msg_v
  Debug - kl: 0.0000, recon_loss: 67.9431
  Debug - μ²: 0.0000, log_var: -0.0000, exp(log_var): 1.0000
Warning: NaN in m_v
Warning: NaN in pos_update_msg_v
Warning: NaN in scalar features
Warning: NaN in m_v
Warning: NaN in pos_update_msg_v
  Debug - kl: 0.0000, recon_loss: 70.0218
  Debug - μ²: 0.0000, log_var: -0.0000, exp(log_var): 1.0000
Warning: NaN in m_v
Warning: NaN in pos_update_msg_v
Warning: NaN in scalar features
Warning: NaN in m_v
Warning: NaN in pos_update_msg_v
  Debug - kl: 0.0000, recon_loss: 67.1570
  Debug - μ²: 0.0000, log_var: 0.0000, exp(log_var): 1.0000
Warning: NaN in m_v
Warning: NaN in pos_update_msg_v
Warning: NaN in scalar features
Warning: NaN in m_v
Warning: NaN in pos_update_msg_v
  Debug - kl: 0.0000, recon_loss: 67.5069
  Debug - μ²: 0.0000, log_var: -0.0000, exp(log_var): 1.0000
Warning: NaN in m_v
Warning: NaN in pos_update_msg_v
Warning: NaN in scalar features
Warning: NaN in m_v
Warning: NaN in pos_update_msg_v
  Debug - kl: 0.0000, recon_loss: 69.0550
  Debug - μ²: 0.0000, log_var: 0.0000, exp(log_var): 1.0000
Warning: NaN in m_v
Warning: NaN in pos_update_msg_v
Warning: NaN in scalar features
Warning: NaN in m_v
Warning: NaN in pos_update_msg_v
  Debug - kl: 0.0000, recon_loss: 69.9219
  Debug - μ²: 0.0000, log_var: -0.0000, exp(log_var): 1.0000
Warning: NaN in m_v
Warning: NaN in pos_update_msg_v
Warning: NaN in scalar features
Warning: NaN in m_v
Warning: NaN in pos_update_msg_v
  Debug - kl: 0.0000, recon_loss: 70.0534
  Debug - μ²: 0.0000, log_var: 0.0000, exp(log_var): 1.0000
Warning: NaN in m_v
Warning: NaN in pos_update_msg_v
Warning: NaN in scalar features
Warning: NaN in m_v
Warning: NaN in pos_update_msg_v
  Debug - kl: 0.0000, recon_loss: 69.6733
  Debug - μ²: 0.0000, log_var: 0.0000, exp(log_var): 1.0000
Warning: NaN in m_v
Warning: NaN in pos_update_msg_v
Warning: NaN in scalar features
Warning: NaN in m_v
Warning: NaN in pos_update_msg_v
  Debug - kl: 0.0000, recon_loss: 67.9568
  Debug - μ²: 0.0000, log_var: 0.0000, exp(log_var): 1.0000
Warning: NaN in m_v
Warning: NaN in pos_update_msg_v
Warning: NaN in scalar features
Warning: NaN in m_v
Warning: NaN in pos_update_msg_v
  Debug - kl: 0.0000, recon_loss: 69.9072
  Debug - μ²: 0.0000, log_var: -0.0000, exp(log_var): 1.0000
Warning: NaN in m_v
Warning: NaN in pos_update_msg_v
Warning: NaN in scalar features
Warning: NaN in m_v
Warning: NaN in pos_update_msg_v
  Debug - kl: 0.0000, recon_loss: 71.8222
  Debug - μ²: 0.0000, log_var: 0.0000, exp(log_var): 1.0000
Warning: NaN in m_v
Warning: NaN in pos_update_msg_v
Warning: NaN in scalar features
Warning: NaN in m_v
Warning: NaN in pos_update_msg_v
  Debug - kl: 0.0000, recon_loss: 69.3276
  Debug - μ²: 0.0000, log_var: 0.0000, exp(log_var): 1.0000
Warning: NaN in m_v
Warning: NaN in pos_update_msg_v
Warning: NaN in scalar features
Warning: NaN in m_v
Warning: NaN in pos_update_msg_v
  Debug - kl: 0.0000, recon_loss: 67.9463
  Debug - μ²: 0.0000, log_var: 0.0000, exp(log_var): 1.0000
Warning: NaN in m_v
Warning: NaN in pos_update_msg_v
Warning: NaN in scalar features
Warning: NaN in m_v
Warning: NaN in pos_update_msg_v
  Debug - kl: 0.0000, recon_loss: 69.8071
  Debug - μ²: 0.0000, log_var: 0.0000, exp(log_var): 1.0000
Warning: NaN in m_v
Warning: NaN in pos_update_msg_v
Warning: NaN in scalar features
Warning: NaN in m_v
Warning: NaN in pos_update_msg_v
  Debug - kl: 0.0000, recon_loss: 67.2267
  Debug - μ²: 0.0000, log_var: 0.0000, exp(log_var): 1.0000
Warning: NaN in m_v
Warning: NaN in pos_update_msg_v
Warning: NaN in scalar features
Warning: NaN in m_v
Warning: NaN in pos_update_msg_v
  Debug - kl: 0.0000, recon_loss: 69.7133
  Debug - μ²: 0.0000, log_var: 0.0000, exp(log_var): 1.0000
Warning: NaN in m_v
Warning: NaN in pos_update_msg_v
Warning: NaN in scalar features
Warning: NaN in m_v
Warning: NaN in pos_update_msg_v
  Debug - kl: 0.0000, recon_loss: 72.2026
  Debug - μ²: 0.0000, log_var: 0.0000, exp(log_var): 1.0000
Warning: NaN in m_v
Warning: NaN in pos_update_msg_v
Warning: NaN in scalar features
Warning: NaN in m_v
Warning: NaN in pos_update_msg_v
  Debug - kl: 0.0000, recon_loss: 68.2268
  Debug - μ²: 0.0000, log_var: 0.0000, exp(log_var): 1.0000
Warning: NaN in m_v
Warning: NaN in pos_update_msg_v
Warning: NaN in scalar features
Warning: NaN in m_v
Warning: NaN in pos_update_msg_v
  Debug - kl: 0.0000, recon_loss: 68.7155
  Debug - μ²: 0.0000, log_var: 0.0000, exp(log_var): 1.0000
Warning: NaN in m_v
Warning: NaN in pos_update_msg_v
Warning: NaN in scalar features
Warning: NaN in m_v
Warning: NaN in pos_update_msg_v
  Debug - kl: 0.0000, recon_loss: 72.0946
  Debug - μ²: 0.0000, log_var: 0.0000, exp(log_var): 1.0000
Warning: NaN in m_v
Warning: NaN in pos_update_msg_v
Warning: NaN in scalar features
Warning: NaN in m_v
Warning: NaN in pos_update_msg_v
  Debug - kl: 0.0000, recon_loss: 66.5737
  Debug - μ²: 0.0000, log_var: 0.0000, exp(log_var): 1.0000
Warning: NaN in m_v
Warning: NaN in pos_update_msg_v
Warning: NaN in scalar features
Warning: NaN in m_v
Warning: NaN in pos_update_msg_v
  Debug - kl: 0.0000, recon_loss: 72.9318
  Debug - μ²: 0.0000, log_var: 0.0000, exp(log_var): 1.0000
Warning: NaN in m_v
Warning: NaN in pos_update_msg_v
Warning: NaN in scalar features
Warning: NaN in m_v
Warning: NaN in pos_update_msg_v
  Debug - kl: 0.0000, recon_loss: 73.4090
  Debug - μ²: 0.0000, log_var: 0.0000, exp(log_var): 1.0000
Warning: NaN in m_v
Warning: NaN in pos_update_msg_v
Warning: NaN in scalar features
Warning: NaN in m_v
Warning: NaN in pos_update_msg_v
  Debug - kl: 0.0000, recon_loss: 69.2881
  Debug - μ²: 0.0000, log_var: 0.0000, exp(log_var): 1.0000
Warning: NaN in m_v
Warning: NaN in pos_update_msg_v
Warning: NaN in scalar features
Warning: NaN in m_v
Warning: NaN in pos_update_msg_v
  Debug - kl: 0.0000, recon_loss: 71.0972
  Debug - μ²: 0.0000, log_var: 0.0000, exp(log_var): 1.0000
Warning: NaN in m_v
Warning: NaN in pos_update_msg_v
Warning: NaN in scalar features
Warning: NaN in m_v
Warning: NaN in pos_update_msg_v
  Debug - kl: 0.0000, recon_loss: 69.5033
  Debug - μ²: 0.0000, log_var: -0.0000, exp(log_var): 1.0000
Warning: NaN in m_v
Warning: NaN in pos_update_msg_v
Warning: NaN in scalar features
Warning: NaN in m_v
Warning: NaN in pos_update_msg_v
  Debug - kl: 0.0000, recon_loss: 68.6401
  Debug - μ²: 0.0000, log_var: 0.0000, exp(log_var): 1.0000
Warning: NaN in m_v
Warning: NaN in pos_update_msg_v
Warning: NaN in scalar features
Warning: NaN in m_v
Warning: NaN in pos_update_msg_v
  Debug - kl: 0.0000, recon_loss: 65.4355
  Debug - μ²: 0.0000, log_var: -0.0000, exp(log_var): 1.0000
Warning: NaN in m_v
Warning: NaN in pos_update_msg_v
Warning: NaN in scalar features
Warning: NaN in m_v
Warning: NaN in pos_update_msg_v
  Debug - kl: 0.0000, recon_loss: 69.4389
  Debug - μ²: 0.0000, log_var: -0.0000, exp(log_var): 1.0000
Warning: NaN in m_v
Warning: NaN in pos_update_msg_v
Warning: NaN in scalar features
Warning: NaN in m_v
Warning: NaN in pos_update_msg_v
  Debug - kl: 0.0000, recon_loss: 70.5529
  Debug - μ²: 0.0000, log_var: 0.0000, exp(log_var): 1.0000
Warning: NaN in m_v
Warning: NaN in pos_update_msg_v
Warning: NaN in scalar features
Warning: NaN in m_v
Warning: NaN in pos_update_msg_v
  Debug - kl: 0.0000, recon_loss: 66.2900
  Debug - μ²: 0.0000, log_var: 0.0000, exp(log_var): 1.0000
Warning: NaN in m_v
Warning: NaN in pos_update_msg_v
Warning: NaN in scalar features
Warning: NaN in m_v
Warning: NaN in pos_update_msg_v
  Debug - kl: 0.0000, recon_loss: 68.2143
  Debug - μ²: 0.0000, log_var: 0.0000, exp(log_var): 1.0000
Warning: NaN in m_v
Warning: NaN in pos_update_msg_v
Warning: NaN in scalar features
Warning: NaN in m_v
Warning: NaN in pos_update_msg_v
  Debug - kl: 0.0000, recon_loss: 68.1347
  Debug - μ²: 0.0000, log_var: -0.0000, exp(log_var): 1.0000
Warning: NaN in m_v
Warning: NaN in pos_update_msg_v
Warning: NaN in scalar features
Warning: NaN in m_v
Warning: NaN in pos_update_msg_v
  Debug - kl: 0.0000, recon_loss: 68.8160
  Debug - μ²: 0.0000, log_var: 0.0000, exp(log_var): 1.0000
Warning: NaN in m_v
Warning: NaN in pos_update_msg_v
Warning: NaN in scalar features
Warning: NaN in m_v
Warning: NaN in pos_update_msg_v
  Debug - kl: 0.0000, recon_loss: 68.3429
  Debug - μ²: 0.0000, log_var: 0.0000, exp(log_var): 1.0000
Warning: NaN in m_v
Warning: NaN in pos_update_msg_v
Warning: NaN in scalar features
Warning: NaN in m_v
Warning: NaN in pos_update_msg_v
  Debug - kl: 0.0000, recon_loss: 69.3539
  Debug - μ²: 0.0000, log_var: -0.0000, exp(log_var): 1.0000
Warning: NaN in m_v
Warning: NaN in pos_update_msg_v
Warning: NaN in scalar features
Warning: NaN in m_v
Warning: NaN in pos_update_msg_v
  Debug - kl: 0.0000, recon_loss: 69.0269
  Debug - μ²: 0.0000, log_var: 0.0000, exp(log_var): 1.0000
Warning: NaN in m_v
Warning: NaN in pos_update_msg_v
Warning: NaN in scalar features
Warning: NaN in m_v
Warning: NaN in pos_update_msg_v
  Debug - kl: 0.0000, recon_loss: 70.6146
  Debug - μ²: 0.0000, log_var: 0.0000, exp(log_var): 1.0000
Warning: NaN in m_v
Warning: NaN in pos_update_msg_v
Warning: NaN in scalar features
Warning: NaN in m_v
Warning: NaN in pos_update_msg_v
  Debug - kl: 0.0000, recon_loss: 66.5659
  Debug - μ²: 0.0000, log_var: 0.0000, exp(log_var): 1.0000
Warning: NaN in m_v
Warning: NaN in pos_update_msg_v
Warning: NaN in scalar features
Warning: NaN in m_v
Warning: NaN in pos_update_msg_v
  Debug - kl: 0.0000, recon_loss: 69.5446
  Debug - μ²: 0.0000, log_var: 0.0000, exp(log_var): 1.0000
Warning: NaN in m_v
Warning: NaN in pos_update_msg_v
Warning: NaN in scalar features
Warning: NaN in m_v
Warning: NaN in pos_update_msg_v
  Debug - kl: 0.0000, recon_loss: 64.9562
  Debug - μ²: 0.0000, log_var: 0.0000, exp(log_var): 1.0000
Warning: NaN in m_v
Warning: NaN in pos_update_msg_v
Warning: NaN in scalar features
Warning: NaN in m_v
Warning: NaN in pos_update_msg_v
  Debug - kl: 0.0000, recon_loss: 70.9161
  Debug - μ²: 0.0000, log_var: 0.0000, exp(log_var): 1.0000
Warning: NaN in m_v
Warning: NaN in pos_update_msg_v
Warning: NaN in scalar features
Warning: NaN in m_v
Warning: NaN in pos_update_msg_v
  Debug - kl: 0.0000, recon_loss: 66.1415
  Debug - μ²: 0.0000, log_var: 0.0000, exp(log_var): 1.0000
Warning: NaN in m_v
Warning: NaN in pos_update_msg_v
Warning: NaN in scalar features
Warning: NaN in m_v
Warning: NaN in pos_update_msg_v
  Debug - kl: 0.0000, recon_loss: 69.8068
  Debug - μ²: 0.0000, log_var: 0.0000, exp(log_var): 1.0000
Warning: NaN in m_v
Warning: NaN in pos_update_msg_v
Warning: NaN in scalar features
Warning: NaN in m_v
Warning: NaN in pos_update_msg_v
  Debug - kl: 0.0000, recon_loss: 67.6551
  Debug - μ²: 0.0000, log_var: -0.0000, exp(log_var): 1.0000
Warning: NaN in m_v
Warning: NaN in pos_update_msg_v
Warning: NaN in scalar features
Warning: NaN in m_v
Warning: NaN in pos_update_msg_v
  Debug - kl: 0.0000, recon_loss: 70.3089
  Debug - μ²: 0.0000, log_var: 0.0000, exp(log_var): 1.0000
Warning: NaN in m_v
Warning: NaN in pos_update_msg_v
Warning: NaN in scalar features
Warning: NaN in m_v
Warning: NaN in pos_update_msg_v
  Debug - kl: 0.0000, recon_loss: 69.3838
  Debug - μ²: 0.0000, log_var: -0.0000, exp(log_var): 1.0000
Warning: NaN in m_v
Warning: NaN in pos_update_msg_v
Warning: NaN in scalar features
Warning: NaN in m_v
Warning: NaN in pos_update_msg_v
  Debug - kl: 0.0000, recon_loss: 67.1039
  Debug - μ²: 0.0000, log_var: 0.0000, exp(log_var): 1.0000
Warning: NaN in m_v
Warning: NaN in pos_update_msg_v
Warning: NaN in scalar features
Warning: NaN in m_v
Warning: NaN in pos_update_msg_v
  Debug - kl: 0.0000, recon_loss: 70.2346
  Debug - μ²: 0.0000, log_var: 0.0000, exp(log_var): 1.0000
Warning: NaN in m_v
Warning: NaN in pos_update_msg_v
Warning: NaN in scalar features
Warning: NaN in m_v
Warning: NaN in pos_update_msg_v
  Debug - kl: 0.0000, recon_loss: 69.7457
  Debug - μ²: 0.0000, log_var: 0.0000, exp(log_var): 1.0000
Warning: NaN in m_v
Warning: NaN in pos_update_msg_v
Warning: NaN in scalar features
Warning: NaN in m_v
Warning: NaN in pos_update_msg_v
  Debug - kl: 0.0000, recon_loss: 63.9349
  Debug - μ²: 0.0000, log_var: 0.0000, exp(log_var): 1.0000
Warning: NaN in m_v
Warning: NaN in pos_update_msg_v
Warning: NaN in scalar features
Warning: NaN in m_v
Warning: NaN in pos_update_msg_v
  Debug - kl: 0.0000, recon_loss: 66.5439
  Debug - μ²: 0.0000, log_var: 0.0000, exp(log_var): 1.0000
Warning: NaN in m_v
Warning: NaN in pos_update_msg_v
Warning: NaN in scalar features
Warning: NaN in m_v
Warning: NaN in pos_update_msg_v
  Debug - kl: 0.0000, recon_loss: 67.2662
  Debug - μ²: 0.0000, log_var: -0.0000, exp(log_var): 1.0000
Warning: NaN in m_v
Warning: NaN in pos_update_msg_v
Warning: NaN in scalar features
Warning: NaN in m_v
Warning: NaN in pos_update_msg_v
  Debug - kl: 0.0000, recon_loss: 66.2890
  Debug - μ²: 0.0000, log_var: 0.0000, exp(log_var): 1.0000
Warning: NaN in m_v
Warning: NaN in pos_update_msg_v
Warning: NaN in scalar features
Warning: NaN in m_v
Warning: NaN in pos_update_msg_v
  Debug - kl: 0.0000, recon_loss: 71.7718
  Debug - μ²: 0.0000, log_var: 0.0000, exp(log_var): 1.0000
Warning: NaN in m_v
Warning: NaN in pos_update_msg_v
Warning: NaN in scalar features
Warning: NaN in m_v
Warning: NaN in pos_update_msg_v
  Debug - kl: 0.0000, recon_loss: 66.9953
  Debug - μ²: 0.0000, log_var: 0.0000, exp(log_var): 1.0000
Warning: NaN in m_v
Warning: NaN in pos_update_msg_v
Warning: NaN in scalar features
Warning: NaN in m_v
Warning: NaN in pos_update_msg_v
  Debug - kl: 0.0000, recon_loss: 66.1140
  Debug - μ²: 0.0000, log_var: -0.0000, exp(log_var): 1.0000
Warning: NaN in m_v
Warning: NaN in pos_update_msg_v
Warning: NaN in scalar features
Warning: NaN in m_v
Warning: NaN in pos_update_msg_v
  Debug - kl: 0.0000, recon_loss: 69.6032
  Debug - μ²: 0.0000, log_var: -0.0000, exp(log_var): 1.0000
Warning: NaN in m_v
Warning: NaN in pos_update_msg_v
Warning: NaN in scalar features
Warning: NaN in m_v
Warning: NaN in pos_update_msg_v
  Debug - kl: 0.0000, recon_loss: 68.4072
  Debug - μ²: 0.0000, log_var: 0.0000, exp(log_var): 1.0000
Warning: NaN in m_v
Warning: NaN in pos_update_msg_v
Warning: NaN in scalar features
Warning: NaN in m_v
Warning: NaN in pos_update_msg_v
  Debug - kl: 0.0000, recon_loss: 70.8547
  Debug - μ²: 0.0000, log_var: -0.0000, exp(log_var): 1.0000
Warning: NaN in m_v
Warning: NaN in pos_update_msg_v
Warning: NaN in scalar features
Warning: NaN in m_v
Warning: NaN in pos_update_msg_v
  Debug - kl: 0.0000, recon_loss: 67.0383
  Debug - μ²: 0.0000, log_var: -0.0000, exp(log_var): 1.0000
Warning: NaN in m_v
Warning: NaN in pos_update_msg_v
Warning: NaN in scalar features
Warning: NaN in m_v
Warning: NaN in pos_update_msg_v
  Debug - kl: 0.0000, recon_loss: 69.7924
  Debug - μ²: 0.0000, log_var: 0.0000, exp(log_var): 1.0000
Warning: NaN in m_v
Warning: NaN in pos_update_msg_v
Warning: NaN in scalar features
Warning: NaN in m_v
Warning: NaN in pos_update_msg_v
  Debug - kl: 0.0000, recon_loss: 67.5385
  Debug - μ²: 0.0000, log_var: -0.0000, exp(log_var): 1.0000
Warning: NaN in m_v
Warning: NaN in pos_update_msg_v
Warning: NaN in scalar features
Warning: NaN in m_v
Warning: NaN in pos_update_msg_v
  Debug - kl: 0.0000, recon_loss: 68.8319
  Debug - μ²: 0.0000, log_var: 0.0000, exp(log_var): 1.0000
Warning: NaN in m_v
Warning: NaN in pos_update_msg_v
Warning: NaN in scalar features
Warning: NaN in m_v
Warning: NaN in pos_update_msg_v
  Debug - kl: 0.0000, recon_loss: 72.2151
  Debug - μ²: 0.0000, log_var: 0.0000, exp(log_var): 1.0000
Warning: NaN in m_v
Warning: NaN in pos_update_msg_v
Warning: NaN in scalar features
Warning: NaN in m_v
Warning: NaN in pos_update_msg_v
  Debug - kl: 0.0000, recon_loss: 65.0910
  Debug - μ²: 0.0000, log_var: 0.0000, exp(log_var): 1.0000
Warning: NaN in m_v
Warning: NaN in pos_update_msg_v
Warning: NaN in scalar features
Warning: NaN in m_v
Warning: NaN in pos_update_msg_v
  Debug - kl: 0.0000, recon_loss: 65.0492
  Debug - μ²: 0.0000, log_var: -0.0000, exp(log_var): 1.0000
Warning: NaN in m_v
Warning: NaN in pos_update_msg_v
Warning: NaN in scalar features
Warning: NaN in m_v
Warning: NaN in pos_update_msg_v
  Debug - kl: 0.0000, recon_loss: 70.9275
  Debug - μ²: 0.0000, log_var: 0.0000, exp(log_var): 1.0000
Warning: NaN in m_v
Warning: NaN in pos_update_msg_v
Warning: NaN in scalar features
Warning: NaN in m_v
Warning: NaN in pos_update_msg_v
  Debug - kl: 0.0000, recon_loss: 69.8234
  Debug - μ²: 0.0000, log_var: 0.0000, exp(log_var): 1.0000
Warning: NaN in m_v
Warning: NaN in pos_update_msg_v
Warning: NaN in scalar features
Warning: NaN in m_v
Warning: NaN in pos_update_msg_v
  Debug - kl: 0.0000, recon_loss: 68.9218
  Debug - μ²: 0.0000, log_var: 0.0000, exp(log_var): 1.0000
Warning: NaN in m_v
Warning: NaN in pos_update_msg_v
Warning: NaN in scalar features
Warning: NaN in m_v
Warning: NaN in pos_update_msg_v
  Debug - kl: 0.0000, recon_loss: 72.6757
  Debug - μ²: 0.0000, log_var: 0.0000, exp(log_var): 1.0000
Warning: NaN in m_v
Warning: NaN in pos_update_msg_v
Warning: NaN in scalar features
Warning: NaN in m_v
Warning: NaN in pos_update_msg_v
  Debug - kl: 0.0000, recon_loss: 71.0398
  Debug - μ²: 0.0000, log_var: 0.0000, exp(log_var): 1.0000
Warning: NaN in m_v
Warning: NaN in pos_update_msg_v
Warning: NaN in scalar features
Warning: NaN in m_v
Warning: NaN in pos_update_msg_v
  Debug - kl: 0.0000, recon_loss: 65.8697
  Debug - μ²: 0.0000, log_var: -0.0000, exp(log_var): 1.0000
Warning: NaN in m_v
Warning: NaN in pos_update_msg_v
Warning: NaN in scalar features
Warning: NaN in m_v
Warning: NaN in pos_update_msg_v
  Debug - kl: 0.0000, recon_loss: 63.9442
  Debug - μ²: 0.0000, log_var: 0.0000, exp(log_var): 1.0000
Warning: NaN in m_v
Warning: NaN in pos_update_msg_v
Warning: NaN in scalar features
Warning: NaN in m_v
Warning: NaN in pos_update_msg_v
  Debug - kl: 0.0000, recon_loss: 67.4921
  Debug - μ²: 0.0000, log_var: -0.0000, exp(log_var): 1.0000
Warning: NaN in m_v
Warning: NaN in pos_update_msg_v
Warning: NaN in scalar features
Warning: NaN in m_v
Warning: NaN in pos_update_msg_v
  Debug - kl: 0.0000, recon_loss: 71.6055
  Debug - μ²: 0.0000, log_var: 0.0000, exp(log_var): 1.0000
Warning: NaN in m_v
Warning: NaN in pos_update_msg_v
Warning: NaN in scalar features
Warning: NaN in m_v
Warning: NaN in pos_update_msg_v
  Debug - kl: 0.0000, recon_loss: 69.3415
  Debug - μ²: 0.0000, log_var: -0.0000, exp(log_var): 1.0000
Warning: NaN in m_v
Warning: NaN in pos_update_msg_v
Warning: NaN in scalar features
Warning: NaN in m_v
Warning: NaN in pos_update_msg_v
  Debug - kl: 0.0000, recon_loss: 67.3129
  Debug - μ²: 0.0000, log_var: 0.0000, exp(log_var): 1.0000
Warning: NaN in m_v
Warning: NaN in pos_update_msg_v
Warning: NaN in scalar features
Warning: NaN in m_v
Warning: NaN in pos_update_msg_v
  Debug - kl: 0.0000, recon_loss: 66.1215
  Debug - μ²: 0.0000, log_var: -0.0000, exp(log_var): 1.0000
Warning: NaN in m_v
Warning: NaN in pos_update_msg_v
Warning: NaN in scalar features
Warning: NaN in m_v
Warning: NaN in pos_update_msg_v
  Debug - kl: 0.0000, recon_loss: 67.0879
  Debug - μ²: 0.0000, log_var: 0.0000, exp(log_var): 1.0000
Warning: NaN in m_v
Warning: NaN in pos_update_msg_v
Warning: NaN in scalar features
Warning: NaN in m_v
Warning: NaN in pos_update_msg_v
  Debug - kl: 0.0000, recon_loss: 71.6316
  Debug - μ²: 0.0000, log_var: -0.0000, exp(log_var): 1.0000
Warning: NaN in m_v
Warning: NaN in pos_update_msg_v
Warning: NaN in scalar features
Warning: NaN in m_v
Warning: NaN in pos_update_msg_v
  Debug - kl: 0.0000, recon_loss: 68.9529
  Debug - μ²: 0.0000, log_var: 0.0000, exp(log_var): 1.0000
Warning: NaN in m_v
Warning: NaN in pos_update_msg_v
Warning: NaN in scalar features
Warning: NaN in m_v
Warning: NaN in pos_update_msg_v
  Debug - kl: 0.0000, recon_loss: 67.0582
  Debug - μ²: 0.0000, log_var: 0.0000, exp(log_var): 1.0000
Warning: NaN in m_v
Warning: NaN in pos_update_msg_v
Warning: NaN in scalar features
Warning: NaN in m_v
Warning: NaN in pos_update_msg_v
  Debug - kl: 0.0000, recon_loss: 71.8989
  Debug - μ²: 0.0000, log_var: 0.0000, exp(log_var): 1.0000
Warning: NaN in m_v
Warning: NaN in pos_update_msg_v
Warning: NaN in scalar features
Warning: NaN in m_v
Warning: NaN in pos_update_msg_v
  Debug - kl: 0.0000, recon_loss: 69.4317
  Debug - μ²: 0.0000, log_var: 0.0000, exp(log_var): 1.0000
Warning: NaN in m_v
Warning: NaN in pos_update_msg_v
Warning: NaN in scalar features
Warning: NaN in m_v
Warning: NaN in pos_update_msg_v
  Debug - kl: 0.0000, recon_loss: 67.2539
  Debug - μ²: 0.0000, log_var: -0.0000, exp(log_var): 1.0000
Warning: NaN in m_v
Warning: NaN in pos_update_msg_v
Warning: NaN in scalar features
Warning: NaN in m_v
Warning: NaN in pos_update_msg_v
  Debug - kl: 0.0000, recon_loss: 70.4785
  Debug - μ²: 0.0000, log_var: 0.0000, exp(log_var): 1.0000
Warning: NaN in m_v
Warning: NaN in pos_update_msg_v
Warning: NaN in scalar features
Warning: NaN in m_v
Warning: NaN in pos_update_msg_v
  Debug - kl: 0.0000, recon_loss: 66.1507
  Debug - μ²: 0.0000, log_var: -0.0000, exp(log_var): 1.0000
Warning: NaN in m_v
Warning: NaN in pos_update_msg_v
Warning: NaN in scalar features
Warning: NaN in m_v
Warning: NaN in pos_update_msg_v
  Debug - kl: 0.0000, recon_loss: 67.8024
  Debug - μ²: 0.0000, log_var: -0.0000, exp(log_var): 1.0000
Warning: NaN in m_v
Warning: NaN in pos_update_msg_v
Warning: NaN in scalar features
Warning: NaN in m_v
Warning: NaN in pos_update_msg_v
  Debug - kl: 0.0000, recon_loss: 69.7676
  Debug - μ²: 0.0000, log_var: 0.0000, exp(log_var): 1.0000
Warning: NaN in m_v
Warning: NaN in pos_update_msg_v
Warning: NaN in scalar features
Warning: NaN in m_v
Warning: NaN in pos_update_msg_v
  Debug - kl: 0.0000, recon_loss: 65.3686
  Debug - μ²: 0.0000, log_var: 0.0000, exp(log_var): 1.0000
Warning: NaN in m_v
Warning: NaN in pos_update_msg_v
Warning: NaN in scalar features
Warning: NaN in m_v
Warning: NaN in pos_update_msg_v
  Debug - kl: 0.0000, recon_loss: 71.3795
  Debug - μ²: 0.0000, log_var: -0.0000, exp(log_var): 1.0000
Warning: NaN in m_v
Warning: NaN in pos_update_msg_v
Warning: NaN in scalar features
Warning: NaN in m_v
Warning: NaN in pos_update_msg_v
  Debug - kl: 0.0000, recon_loss: 68.3867
  Debug - μ²: 0.0000, log_var: 0.0000, exp(log_var): 1.0000
Warning: NaN in m_v
Warning: NaN in pos_update_msg_v
Warning: NaN in scalar features
Warning: NaN in m_v
Warning: NaN in pos_update_msg_v
  Debug - kl: 0.0000, recon_loss: 69.7138
  Debug - μ²: 0.0000, log_var: -0.0000, exp(log_var): 1.0000
Warning: NaN in m_v
Warning: NaN in pos_update_msg_v
Warning: NaN in scalar features
Warning: NaN in m_v
Warning: NaN in pos_update_msg_v
  Debug - kl: 0.0000, recon_loss: 71.8158
  Debug - μ²: 0.0000, log_var: 0.0000, exp(log_var): 1.0000
Warning: NaN in m_v
Warning: NaN in pos_update_msg_v
Warning: NaN in scalar features
Warning: NaN in m_v
Warning: NaN in pos_update_msg_v
  Debug - kl: 0.0000, recon_loss: 66.9221
  Debug - μ²: 0.0000, log_var: 0.0000, exp(log_var): 1.0000
Warning: NaN in m_v
Warning: NaN in pos_update_msg_v
Warning: NaN in scalar features
Warning: NaN in m_v
Warning: NaN in pos_update_msg_v
  Debug - kl: 0.0000, recon_loss: 67.2537
  Debug - μ²: 0.0000, log_var: 0.0000, exp(log_var): 1.0000
Warning: NaN in m_v
Warning: NaN in pos_update_msg_v
Warning: NaN in scalar features
Warning: NaN in m_v
Warning: NaN in pos_update_msg_v
  Debug - kl: 0.0000, recon_loss: 68.7066
  Debug - μ²: 0.0000, log_var: -0.0000, exp(log_var): 1.0000
Warning: NaN in m_v
Warning: NaN in pos_update_msg_v
Warning: NaN in scalar features
Warning: NaN in m_v
Warning: NaN in pos_update_msg_v
  Debug - kl: 0.0000, recon_loss: 68.3127
  Debug - μ²: 0.0000, log_var: 0.0000, exp(log_var): 1.0000
Warning: NaN in m_v
Warning: NaN in pos_update_msg_v
Warning: NaN in scalar features
Warning: NaN in m_v
Warning: NaN in pos_update_msg_v
  Debug - kl: 0.0000, recon_loss: 67.9436
  Debug - μ²: 0.0000, log_var: 0.0000, exp(log_var): 1.0000
Warning: NaN in m_v
Warning: NaN in pos_update_msg_v
Warning: NaN in scalar features
Warning: NaN in m_v
Warning: NaN in pos_update_msg_v
  Debug - kl: 0.0000, recon_loss: 67.1777
  Debug - μ²: 0.0000, log_var: 0.0000, exp(log_var): 1.0000
Warning: NaN in m_v
Warning: NaN in pos_update_msg_v
Warning: NaN in scalar features
Warning: NaN in m_v
Warning: NaN in pos_update_msg_v
  Debug - kl: 0.0000, recon_loss: 70.4359
  Debug - μ²: 0.0000, log_var: 0.0000, exp(log_var): 1.0000
Warning: NaN in m_v
Warning: NaN in pos_update_msg_v
Warning: NaN in scalar features
Warning: NaN in m_v
Warning: NaN in pos_update_msg_v
  Debug - kl: 0.0000, recon_loss: 65.0234
  Debug - μ²: 0.0000, log_var: 0.0000, exp(log_var): 1.0000
Warning: NaN in m_v
Warning: NaN in pos_update_msg_v
Warning: NaN in scalar features
Warning: NaN in m_v
Warning: NaN in pos_update_msg_v
  Debug - kl: 0.0000, recon_loss: 71.7454
  Debug - μ²: 0.0000, log_var: 0.0000, exp(log_var): 1.0000
Warning: NaN in m_v
Warning: NaN in pos_update_msg_v
Warning: NaN in scalar features
Warning: NaN in m_v
Warning: NaN in pos_update_msg_v
  Debug - kl: 0.0000, recon_loss: 68.7015
  Debug - μ²: 0.0000, log_var: -0.0000, exp(log_var): 1.0000
Warning: NaN in m_v
Warning: NaN in pos_update_msg_v
Warning: NaN in scalar features
Warning: NaN in m_v
Warning: NaN in pos_update_msg_v
  Debug - kl: 0.0000, recon_loss: 67.4381
  Debug - μ²: 0.0000, log_var: -0.0000, exp(log_var): 1.0000
Warning: NaN in m_v
Warning: NaN in pos_update_msg_v
Warning: NaN in scalar features
Warning: NaN in m_v
Warning: NaN in pos_update_msg_v
  Debug - kl: 0.0000, recon_loss: 71.5199
  Debug - μ²: 0.0000, log_var: 0.0000, exp(log_var): 1.0000
Warning: NaN in m_v
Warning: NaN in pos_update_msg_v
Warning: NaN in scalar features
Warning: NaN in m_v
Warning: NaN in pos_update_msg_v
  Debug - kl: 0.0000, recon_loss: 68.9010
  Debug - μ²: 0.0000, log_var: -0.0000, exp(log_var): 1.0000
Warning: NaN in m_v
Warning: NaN in pos_update_msg_v
Warning: NaN in scalar features
Warning: NaN in m_v
Warning: NaN in pos_update_msg_v
  Debug - kl: 0.0000, recon_loss: 68.4226
  Debug - μ²: 0.0000, log_var: 0.0000, exp(log_var): 1.0000
Warning: NaN in m_v
Warning: NaN in pos_update_msg_v
Warning: NaN in scalar features
Warning: NaN in m_v
Warning: NaN in pos_update_msg_v
  Debug - kl: 0.0000, recon_loss: 71.5531
  Debug - μ²: 0.0000, log_var: -0.0000, exp(log_var): 1.0000
Warning: NaN in m_v
Warning: NaN in pos_update_msg_v
Warning: NaN in scalar features
Warning: NaN in m_v
Warning: NaN in pos_update_msg_v
  Debug - kl: 0.0000, recon_loss: 69.5682
  Debug - μ²: 0.0000, log_var: -0.0000, exp(log_var): 1.0000
Warning: NaN in m_v
Warning: NaN in pos_update_msg_v
Warning: NaN in scalar features
Warning: NaN in m_v
Warning: NaN in pos_update_msg_v
  Debug - kl: 0.0000, recon_loss: 64.1242
  Debug - μ²: 0.0000, log_var: 0.0000, exp(log_var): 1.0000
Warning: NaN in m_v
Warning: NaN in pos_update_msg_v
Warning: NaN in scalar features
Warning: NaN in m_v
Warning: NaN in pos_update_msg_v
  Debug - kl: 0.0000, recon_loss: 70.7639
  Debug - μ²: 0.0000, log_var: -0.0000, exp(log_var): 1.0000
Warning: NaN in m_v
Warning: NaN in pos_update_msg_v
Warning: NaN in scalar features
Warning: NaN in m_v
Warning: NaN in pos_update_msg_v
  Debug - kl: 0.0000, recon_loss: 67.3444
  Debug - μ²: 0.0000, log_var: -0.0000, exp(log_var): 1.0000
Warning: NaN in m_v
Warning: NaN in pos_update_msg_v
Warning: NaN in scalar features
Warning: NaN in m_v
Warning: NaN in pos_update_msg_v
  Debug - kl: 0.0000, recon_loss: 71.7626
  Debug - μ²: 0.0000, log_var: 0.0000, exp(log_var): 1.0000
Warning: NaN in m_v
Warning: NaN in pos_update_msg_v
Warning: NaN in scalar features
Warning: NaN in m_v
Warning: NaN in pos_update_msg_v
  Debug - kl: 0.0000, recon_loss: 68.2112
  Debug - μ²: 0.0000, log_var: 0.0000, exp(log_var): 1.0000
Warning: NaN in m_v
Warning: NaN in pos_update_msg_v
Warning: NaN in scalar features
Warning: NaN in m_v
Warning: NaN in pos_update_msg_v
  Debug - kl: 0.0000, recon_loss: 69.9904
  Debug - μ²: 0.0000, log_var: 0.0000, exp(log_var): 1.0000
Warning: NaN in m_v
Warning: NaN in pos_update_msg_v
Warning: NaN in scalar features
Warning: NaN in m_v
Warning: NaN in pos_update_msg_v
  Debug - kl: 0.0000, recon_loss: 69.8259
  Debug - μ²: 0.0000, log_var: 0.0000, exp(log_var): 1.0000
Warning: NaN in m_v
Warning: NaN in pos_update_msg_v
Warning: NaN in scalar features
Warning: NaN in m_v
Warning: NaN in pos_update_msg_v
  Debug - kl: 0.0000, recon_loss: 67.4805
  Debug - μ²: 0.0000, log_var: 0.0000, exp(log_var): 1.0000
Warning: NaN in m_v
Warning: NaN in pos_update_msg_v
Warning: NaN in scalar features
Warning: NaN in m_v
Warning: NaN in pos_update_msg_v
  Debug - kl: 0.0000, recon_loss: 71.3207
  Debug - μ²: 0.0000, log_var: -0.0000, exp(log_var): 1.0000
Warning: NaN in m_v
Warning: NaN in pos_update_msg_v
Warning: NaN in scalar features
Warning: NaN in m_v
Warning: NaN in pos_update_msg_v
  Debug - kl: 0.0000, recon_loss: 70.4003
  Debug - μ²: 0.0000, log_var: 0.0000, exp(log_var): 1.0000
Warning: NaN in m_v
Warning: NaN in pos_update_msg_v
Warning: NaN in scalar features
Warning: NaN in m_v
Warning: NaN in pos_update_msg_v
  Debug - kl: 0.0000, recon_loss: 68.6668
  Debug - μ²: 0.0000, log_var: 0.0000, exp(log_var): 1.0000
Warning: NaN in m_v
Warning: NaN in pos_update_msg_v
Warning: NaN in scalar features
Warning: NaN in m_v
Warning: NaN in pos_update_msg_v
  Debug - kl: 0.0000, recon_loss: 69.0273
  Debug - μ²: 0.0000, log_var: -0.0000, exp(log_var): 1.0000
Warning: NaN in m_v
Warning: NaN in pos_update_msg_v
Warning: NaN in scalar features
Warning: NaN in m_v
Warning: NaN in pos_update_msg_v
  Debug - kl: 0.0000, recon_loss: 66.4832
  Debug - μ²: 0.0000, log_var: 0.0000, exp(log_var): 1.0000
Warning: NaN in m_v
Warning: NaN in pos_update_msg_v
Warning: NaN in scalar features
Warning: NaN in m_v
Warning: NaN in pos_update_msg_v
  Debug - kl: 0.0000, recon_loss: 68.2201
  Debug - μ²: 0.0000, log_var: -0.0000, exp(log_var): 1.0000
Warning: NaN in m_v
Warning: NaN in pos_update_msg_v
Warning: NaN in scalar features
Warning: NaN in m_v
Warning: NaN in pos_update_msg_v
  Debug - kl: 0.0000, recon_loss: 70.2913
  Debug - μ²: 0.0000, log_var: -0.0000, exp(log_var): 1.0000
Warning: NaN in m_v
Warning: NaN in pos_update_msg_v
Warning: NaN in scalar features
Warning: NaN in m_v
Warning: NaN in pos_update_msg_v
  Debug - kl: 0.0000, recon_loss: 67.8127
  Debug - μ²: 0.0000, log_var: 0.0000, exp(log_var): 1.0000
Warning: NaN in m_v
Warning: NaN in pos_update_msg_v
Warning: NaN in scalar features
Warning: NaN in m_v
Warning: NaN in pos_update_msg_v
  Debug - kl: 0.0000, recon_loss: 69.3740
  Debug - μ²: 0.0000, log_var: 0.0000, exp(log_var): 1.0000
Warning: NaN in m_v
Warning: NaN in pos_update_msg_v
Warning: NaN in scalar features
Warning: NaN in m_v
Warning: NaN in pos_update_msg_v
  Debug - kl: 0.0000, recon_loss: 70.0353
  Debug - μ²: 0.0000, log_var: 0.0000, exp(log_var): 1.0000
Warning: NaN in m_v
Warning: NaN in pos_update_msg_v
Warning: NaN in scalar features
Warning: NaN in m_v
Warning: NaN in pos_update_msg_v
  Debug - kl: 0.0000, recon_loss: 67.9687
  Debug - μ²: 0.0000, log_var: 0.0000, exp(log_var): 1.0000
Warning: NaN in m_v
Warning: NaN in pos_update_msg_v
Warning: NaN in scalar features
Warning: NaN in m_v
Warning: NaN in pos_update_msg_v
  Debug - kl: 0.0000, recon_loss: 67.6219
  Debug - μ²: 0.0000, log_var: -0.0000, exp(log_var): 1.0000
Warning: NaN in m_v
Warning: NaN in pos_update_msg_v
Warning: NaN in scalar features
Warning: NaN in m_v
Warning: NaN in pos_update_msg_v
  Debug - kl: 0.0000, recon_loss: 67.8180
  Debug - μ²: 0.0000, log_var: -0.0000, exp(log_var): 1.0000
Warning: NaN in m_v
Warning: NaN in pos_update_msg_v
Warning: NaN in scalar features
Warning: NaN in m_v
Warning: NaN in pos_update_msg_v
  Debug - kl: 0.0000, recon_loss: 66.4147
  Debug - μ²: 0.0000, log_var: -0.0000, exp(log_var): 1.0000
Warning: NaN in m_v
Warning: NaN in pos_update_msg_v
Warning: NaN in scalar features
Warning: NaN in m_v
Warning: NaN in pos_update_msg_v
  Debug - kl: 0.0000, recon_loss: 72.6856
  Debug - μ²: 0.0000, log_var: 0.0000, exp(log_var): 1.0000
Warning: NaN in m_v
Warning: NaN in pos_update_msg_v
Warning: NaN in scalar features
Warning: NaN in m_v
Warning: NaN in pos_update_msg_v
  Debug - kl: 0.0000, recon_loss: 65.9316
  Debug - μ²: 0.0000, log_var: -0.0000, exp(log_var): 1.0000
Warning: NaN in m_v
Warning: NaN in pos_update_msg_v
Warning: NaN in scalar features
Warning: NaN in m_v
Warning: NaN in pos_update_msg_v
  Debug - kl: 0.0000, recon_loss: 67.5991
  Debug - μ²: 0.0000, log_var: -0.0000, exp(log_var): 1.0000
Warning: NaN in m_v
Warning: NaN in pos_update_msg_v
Warning: NaN in scalar features
Warning: NaN in m_v
Warning: NaN in pos_update_msg_v
  Debug - kl: 0.0000, recon_loss: 70.7258
  Debug - μ²: 0.0000, log_var: 0.0000, exp(log_var): 1.0000
Warning: NaN in m_v
Warning: NaN in pos_update_msg_v
Warning: NaN in scalar features
Warning: NaN in m_v
Warning: NaN in pos_update_msg_v
  Debug - kl: 0.0000, recon_loss: 67.9824
  Debug - μ²: 0.0000, log_var: 0.0000, exp(log_var): 1.0000
Warning: NaN in m_v
Warning: NaN in pos_update_msg_v
Warning: NaN in scalar features
Warning: NaN in m_v
Warning: NaN in pos_update_msg_v
  Debug - kl: 0.0000, recon_loss: 70.6212
  Debug - μ²: 0.0000, log_var: 0.0000, exp(log_var): 1.0000
Warning: NaN in m_v
Warning: NaN in pos_update_msg_v
Warning: NaN in scalar features
Warning: NaN in m_v
Warning: NaN in pos_update_msg_v
  Debug - kl: 0.0000, recon_loss: 71.0884
  Debug - μ²: 0.0000, log_var: 0.0000, exp(log_var): 1.0000
Warning: NaN in m_v
Warning: NaN in pos_update_msg_v
Warning: NaN in scalar features
Warning: NaN in m_v
Warning: NaN in pos_update_msg_v
  Debug - kl: 0.0000, recon_loss: 66.7177
  Debug - μ²: 0.0000, log_var: 0.0000, exp(log_var): 1.0000
Warning: NaN in m_v
Warning: NaN in pos_update_msg_v
Warning: NaN in scalar features
Warning: NaN in m_v
Warning: NaN in pos_update_msg_v
  Debug - kl: 0.0000, recon_loss: 70.0497
  Debug - μ²: 0.0000, log_var: 0.0000, exp(log_var): 1.0000
Warning: NaN in m_v
Warning: NaN in pos_update_msg_v
Warning: NaN in scalar features
Warning: NaN in m_v
Warning: NaN in pos_update_msg_v
  Debug - kl: 0.0000, recon_loss: 70.5649
  Debug - μ²: 0.0000, log_var: 0.0000, exp(log_var): 1.0000
Warning: NaN in m_v
Warning: NaN in pos_update_msg_v
Warning: NaN in scalar features
Warning: NaN in m_v
Warning: NaN in pos_update_msg_v
  Debug - kl: 0.0000, recon_loss: 72.4725
  Debug - μ²: 0.0000, log_var: 0.0000, exp(log_var): 1.0000
Warning: NaN in m_v
Warning: NaN in pos_update_msg_v
Warning: NaN in scalar features
Warning: NaN in m_v
Warning: NaN in pos_update_msg_v
  Debug - kl: 0.0000, recon_loss: 68.4655
  Debug - μ²: 0.0000, log_var: 0.0000, exp(log_var): 1.0000
Warning: NaN in m_v
Warning: NaN in pos_update_msg_v
Warning: NaN in scalar features
Warning: NaN in m_v
Warning: NaN in pos_update_msg_v
  Debug - kl: 0.0000, recon_loss: 69.8098
  Debug - μ²: 0.0000, log_var: 0.0000, exp(log_var): 1.0000
Warning: NaN in m_v
Warning: NaN in pos_update_msg_v
Warning: NaN in scalar features
Warning: NaN in m_v
Warning: NaN in pos_update_msg_v
  Debug - kl: 0.0000, recon_loss: 69.2547
  Debug - μ²: 0.0000, log_var: -0.0000, exp(log_var): 1.0000
Warning: NaN in m_v
Warning: NaN in pos_update_msg_v
Warning: NaN in scalar features
Warning: NaN in m_v
Warning: NaN in pos_update_msg_v
  Debug - kl: 0.0000, recon_loss: 68.7260
  Debug - μ²: 0.0000, log_var: 0.0000, exp(log_var): 1.0000
Warning: NaN in m_v
Warning: NaN in pos_update_msg_v
Warning: NaN in scalar features
Warning: NaN in m_v
Warning: NaN in pos_update_msg_v
  Debug - kl: 0.0000, recon_loss: 68.2201
  Debug - μ²: 0.0000, log_var: 0.0000, exp(log_var): 1.0000
Warning: NaN in m_v
Warning: NaN in pos_update_msg_v
Warning: NaN in scalar features
Warning: NaN in m_v
Warning: NaN in pos_update_msg_v
  Debug - kl: 0.0000, recon_loss: 70.6339
  Debug - μ²: 0.0000, log_var: 0.0000, exp(log_var): 1.0000
Warning: NaN in m_v
Warning: NaN in pos_update_msg_v
Warning: NaN in scalar features
Warning: NaN in m_v
Warning: NaN in pos_update_msg_v
  Debug - kl: 0.0000, recon_loss: 68.8163
  Debug - μ²: 0.0000, log_var: 0.0000, exp(log_var): 1.0000
Warning: NaN in m_v
Warning: NaN in pos_update_msg_v
Warning: NaN in scalar features
Warning: NaN in m_v
Warning: NaN in pos_update_msg_v
  Debug - kl: 0.0000, recon_loss: 64.9383
  Debug - μ²: 0.0000, log_var: 0.0000, exp(log_var): 1.0000
Warning: NaN in m_v
Warning: NaN in pos_update_msg_v
Warning: NaN in scalar features
Warning: NaN in m_v
Warning: NaN in pos_update_msg_v
  Debug - kl: 0.0000, recon_loss: 64.9426
  Debug - μ²: 0.0000, log_var: 0.0000, exp(log_var): 1.0000
Warning: NaN in m_v
Warning: NaN in pos_update_msg_v
Warning: NaN in scalar features
Warning: NaN in m_v
Warning: NaN in pos_update_msg_v
  Debug - kl: 0.0000, recon_loss: 71.0033
  Debug - μ²: 0.0000, log_var: 0.0000, exp(log_var): 1.0000
Warning: NaN in m_v
Warning: NaN in pos_update_msg_v
Warning: NaN in scalar features
Warning: NaN in m_v
Warning: NaN in pos_update_msg_v
  Debug - kl: 0.0000, recon_loss: 70.0799
  Debug - μ²: 0.0000, log_var: -0.0000, exp(log_var): 1.0000
Warning: NaN in m_v
Warning: NaN in pos_update_msg_v
Warning: NaN in scalar features
Warning: NaN in m_v
Warning: NaN in pos_update_msg_v
  Debug - kl: 0.0000, recon_loss: 67.6559
  Debug - μ²: 0.0000, log_var: -0.0000, exp(log_var): 1.0000
Warning: NaN in m_v
Warning: NaN in pos_update_msg_v
Warning: NaN in scalar features
Warning: NaN in m_v
Warning: NaN in pos_update_msg_v
  Debug - kl: 0.0000, recon_loss: 69.5280
  Debug - μ²: 0.0000, log_var: 0.0000, exp(log_var): 1.0000
Warning: NaN in m_v
Warning: NaN in pos_update_msg_v
Warning: NaN in scalar features
Warning: NaN in m_v
Warning: NaN in pos_update_msg_v
  Debug - kl: 0.0000, recon_loss: 65.6267
  Debug - μ²: 0.0000, log_var: -0.0000, exp(log_var): 1.0000
Warning: NaN in m_v
Warning: NaN in pos_update_msg_v
Warning: NaN in scalar features
Warning: NaN in m_v
Warning: NaN in pos_update_msg_v
  Debug - kl: 0.0000, recon_loss: 69.3276
  Debug - μ²: 0.0000, log_var: 0.0000, exp(log_var): 1.0000
Warning: NaN in m_v
Warning: NaN in pos_update_msg_v
Warning: NaN in scalar features
Warning: NaN in m_v
Warning: NaN in pos_update_msg_v
  Debug - kl: 0.0000, recon_loss: 69.6869
  Debug - μ²: 0.0000, log_var: 0.0000, exp(log_var): 1.0000
Warning: NaN in m_v
Warning: NaN in pos_update_msg_v
Warning: NaN in scalar features
Warning: NaN in m_v
Warning: NaN in pos_update_msg_v
  Debug - kl: 0.0000, recon_loss: 67.9953
  Debug - μ²: 0.0000, log_var: -0.0000, exp(log_var): 1.0000
Warning: NaN in m_v
Warning: NaN in pos_update_msg_v
Warning: NaN in scalar features
Warning: NaN in m_v
Warning: NaN in pos_update_msg_v
  Debug - kl: 0.0000, recon_loss: 67.1361
  Debug - μ²: 0.0000, log_var: 0.0000, exp(log_var): 1.0000
Warning: NaN in m_v
Warning: NaN in pos_update_msg_v
Warning: NaN in scalar features
Warning: NaN in m_v
Warning: NaN in pos_update_msg_v
  Debug - kl: 0.0000, recon_loss: 69.5386
  Debug - μ²: 0.0000, log_var: 0.0000, exp(log_var): 1.0000
Warning: NaN in m_v
Warning: NaN in pos_update_msg_v
Warning: NaN in scalar features
Warning: NaN in m_v
Warning: NaN in pos_update_msg_v
  Debug - kl: 0.0000, recon_loss: 69.7610
  Debug - μ²: 0.0000, log_var: -0.0000, exp(log_var): 1.0000
Warning: NaN in m_v
Warning: NaN in pos_update_msg_v
Warning: NaN in scalar features
Warning: NaN in m_v
Warning: NaN in pos_update_msg_v
  Debug - kl: 0.0000, recon_loss: 68.3406
  Debug - μ²: 0.0000, log_var: 0.0000, exp(log_var): 1.0000
Warning: NaN in m_v
Warning: NaN in pos_update_msg_v
Warning: NaN in scalar features
Warning: NaN in m_v
Warning: NaN in pos_update_msg_v
  Debug - kl: 0.0000, recon_loss: 67.7898
  Debug - μ²: 0.0000, log_var: -0.0000, exp(log_var): 1.0000
Warning: NaN in m_v
Warning: NaN in pos_update_msg_v
Warning: NaN in scalar features
Warning: NaN in m_v
Warning: NaN in pos_update_msg_v
  Debug - kl: 0.0000, recon_loss: 68.4414
  Debug - μ²: 0.0000, log_var: -0.0000, exp(log_var): 1.0000
Warning: NaN in m_v
Warning: NaN in pos_update_msg_v
Warning: NaN in scalar features
Warning: NaN in m_v
Warning: NaN in pos_update_msg_v
  Debug - kl: 0.0000, recon_loss: 68.3545
  Debug - μ²: 0.0000, log_var: -0.0000, exp(log_var): 1.0000
Warning: NaN in m_v
Warning: NaN in pos_update_msg_v
Warning: NaN in scalar features
Warning: NaN in m_v
Warning: NaN in pos_update_msg_v
  Debug - kl: 0.0000, recon_loss: 65.2148
  Debug - μ²: 0.0000, log_var: -0.0000, exp(log_var): 1.0000
Warning: NaN in m_v
Warning: NaN in pos_update_msg_v
Warning: NaN in scalar features
Warning: NaN in m_v
Warning: NaN in pos_update_msg_v
  Debug - kl: 0.0000, recon_loss: 69.1121
  Debug - μ²: 0.0000, log_var: 0.0000, exp(log_var): 1.0000
Warning: NaN in m_v
Warning: NaN in pos_update_msg_v
Warning: NaN in scalar features
Warning: NaN in m_v
Warning: NaN in pos_update_msg_v
  Debug - kl: 0.0000, recon_loss: 70.2133
  Debug - μ²: 0.0000, log_var: 0.0000, exp(log_var): 1.0000
Warning: NaN in m_v
Warning: NaN in pos_update_msg_v
Warning: NaN in scalar features
Warning: NaN in m_v
Warning: NaN in pos_update_msg_v
  Debug - kl: 0.0000, recon_loss: 68.5623
  Debug - μ²: 0.0000, log_var: 0.0000, exp(log_var): 1.0000
Warning: NaN in m_v
Warning: NaN in pos_update_msg_v
Warning: NaN in scalar features
Warning: NaN in m_v
Warning: NaN in pos_update_msg_v
  Debug - kl: 0.0000, recon_loss: 69.0583
  Debug - μ²: 0.0000, log_var: 0.0000, exp(log_var): 1.0000
Warning: NaN in m_v
Warning: NaN in pos_update_msg_v
Warning: NaN in scalar features
Warning: NaN in m_v
Warning: NaN in pos_update_msg_v
  Debug - kl: 0.0000, recon_loss: 67.5386
  Debug - μ²: 0.0000, log_var: 0.0000, exp(log_var): 1.0000
Warning: NaN in m_v
Warning: NaN in pos_update_msg_v
Warning: NaN in scalar features
Warning: NaN in m_v
Warning: NaN in pos_update_msg_v
  Debug - kl: 0.0000, recon_loss: 66.6107
  Debug - μ²: 0.0000, log_var: -0.0000, exp(log_var): 1.0000
Warning: NaN in m_v
Warning: NaN in pos_update_msg_v
Warning: NaN in scalar features
Warning: NaN in m_v
Warning: NaN in pos_update_msg_v
  Debug - kl: 0.0000, recon_loss: 67.3552
  Debug - μ²: 0.0000, log_var: -0.0000, exp(log_var): 1.0000
Warning: NaN in m_v
Warning: NaN in pos_update_msg_v
Warning: NaN in scalar features
Warning: NaN in m_v
Warning: NaN in pos_update_msg_v
  Debug - kl: 0.0000, recon_loss: 64.0987
  Debug - μ²: 0.0000, log_var: 0.0000, exp(log_var): 1.0000
Warning: NaN in m_v
Warning: NaN in pos_update_msg_v
Warning: NaN in scalar features
Warning: NaN in m_v
Warning: NaN in pos_update_msg_v
  Debug - kl: 0.0000, recon_loss: 66.3729
  Debug - μ²: 0.0000, log_var: 0.0000, exp(log_var): 1.0000
Warning: NaN in m_v
Warning: NaN in pos_update_msg_v
Warning: NaN in scalar features
Warning: NaN in m_v
Warning: NaN in pos_update_msg_v
  Debug - kl: 0.0000, recon_loss: 70.0935
  Debug - μ²: 0.0000, log_var: 0.0000, exp(log_var): 1.0000
Warning: NaN in m_v
Warning: NaN in pos_update_msg_v
Warning: NaN in scalar features
Warning: NaN in m_v
Warning: NaN in pos_update_msg_v
  Debug - kl: 0.0000, recon_loss: 67.1292
  Debug - μ²: 0.0000, log_var: -0.0000, exp(log_var): 1.0000
Warning: NaN in m_v
Warning: NaN in pos_update_msg_v
Warning: NaN in scalar features
Warning: NaN in m_v
Warning: NaN in pos_update_msg_v
  Debug - kl: 0.0000, recon_loss: 67.2219
  Debug - μ²: 0.0000, log_var: -0.0000, exp(log_var): 1.0000
Warning: NaN in m_v
Warning: NaN in pos_update_msg_v
Warning: NaN in scalar features
Warning: NaN in m_v
Warning: NaN in pos_update_msg_v
  Debug - kl: 0.0000, recon_loss: 74.1007
  Debug - μ²: 0.0000, log_var: -0.0000, exp(log_var): 1.0000
Warning: NaN in m_v
Warning: NaN in pos_update_msg_v
Warning: NaN in scalar features
Warning: NaN in m_v
Warning: NaN in pos_update_msg_v
  Debug - kl: 0.0000, recon_loss: 67.8543
  Debug - μ²: 0.0000, log_var: 0.0000, exp(log_var): 1.0000
Warning: NaN in m_v
Warning: NaN in pos_update_msg_v
Warning: NaN in scalar features
Warning: NaN in m_v
Warning: NaN in pos_update_msg_v
  Debug - kl: 0.0000, recon_loss: 68.3150
  Debug - μ²: 0.0000, log_var: 0.0000, exp(log_var): 1.0000
Warning: NaN in m_v
Warning: NaN in pos_update_msg_v
Warning: NaN in scalar features
Warning: NaN in m_v
Warning: NaN in pos_update_msg_v
  Debug - kl: 0.0000, recon_loss: 69.3125
  Debug - μ²: 0.0000, log_var: 0.0000, exp(log_var): 1.0000
Epoch   1: Loss=68.8313 (Recon=68.8313, KL=0.0000) LR=5.00e-06
  → Generating samples and visualizations...

============================================================
Training complete! Generating final samples...
============================================================

Final model saved to: vae_model_pairwise_final_small_model_model.pth
